#
# A fatal error has been detected by the Java Runtime Environment:
#
#  SIGSEGV (0xb) at pc=0x00007fff9396a000, pid=1786, tid=0x0000000000000a0b
#
# JRE version: Java(TM) SE Runtime Environment (8.0_112-b16) (build 1.8.0_112-b16)
# Java VM: Java HotSpot(TM) 64-Bit Server VM (25.112-b16 mixed mode bsd-amd64 compressed oops)
# Problematic frame:
# C  [GLEngine+0x159000]  gleRunVertexSubmitImmediate+0x1c10
#
# Failed to write core dump. Core dumps have been disabled. To enable core dumping, try "ulimit -c unlimited" before starting Java again
#
# If you would like to submit a bug report, please visit:
#   http://bugreport.java.com/bugreport/crash.jsp
# The crash happened outside the Java Virtual Machine in native code.
# See problematic frame for where to report the bug.
#

---------------  T H R E A D  ---------------

Current thread (0x00007f96d5003800):  JavaThread "main" [_thread_in_native, id=2571, stack(0x00007fff564ea000,0x00007fff56cea000)]

siginfo: si_signo: 11 (SIGSEGV), si_code: 1 (SEGV_MAPERR), si_addr: 0x0000000000000000

Registers:
RAX=0x0000000000000000, RBX=0x00007fff9396b20c, RCX=0x0000000000000006, RDX=0x0000000000000004
RSP=0x00007fff56ce4e50, RBP=0x00007fff56ce50e0, RSI=0x0000000013400000, RDI=0x00007fff93969c9a
R8 =0x0000000006803003, R9 =0x00007f96d3ab9ab0, R10=0x0000000000000004, R11=0x0000000000000006
R12=0x0000000000000034, R13=0x0000000000000000, R14=0x0000000000000000, R15=0x0000000003000000
RIP=0x00007fff9396a000, EFLAGS=0x0000000000010206, ERR=0x0000000000000004
  TRAPNO=0x000000000000000e

Top of Stack: (sp=0x00007fff56ce4e50)
0x00007fff56ce4e50:   000000012efd2000 0000000000000002
0x00007fff56ce4e60:   00007fff56ce4f80 000000012bd41cf3
0x00007fff56ce4e70:   00007fff00010000 000000012bd41cbf
0x00007fff56ce4e80:   00007f96d3a61938 0000000000000000
0x00007fff56ce4e90:   0000000000003c00 0000040008f34a00
0x00007fff56ce4ea0:   0000000000000002 00007f96d3ab9940
0x00007fff56ce4eb0:   000123422a91d110 0123420100000002
0x00007fff56ce4ec0:   00000000fffffffc 00000004000000c8
0x00007fff56ce4ed0:   0000000000000010 000c000000000000
0x00007fff56ce4ee0:   0000000000000000 000000000000000c
0x00007fff56ce4ef0:   00007f96d3a21808 0000000000000000
0x00007fff56ce4f00:   00007fff56ce4f30 00007fff9792bb73
0x00007fff56ce4f10:   00007f96d1d7e990 00000001d1d7e950
0x00007fff56ce4f20:   00007f96d3ab91f0 00007f96d68013a0
0x00007fff56ce4f30:   00007f96d6801360 00007f96d6801380
0x00007fff56ce4f40:   00007f96d6801350 00007fff56ce5078
0x00007fff56ce4f50:   00007f96d6801390 00007f96d6801370
0x00007fff56ce4f60:   00007f96d6801340 0000000000000000
0x00007fff56ce4f70:   0000000000000000 00007f96d6801390
0x00007fff56ce4f80:   00007f96d6801390 0000000000000000
0x00007fff56ce4f90:   0000000600000011 0000000000000000
0x00007fff56ce4fa0:   0000000000000000 0000000000000004
0x00007fff56ce4fb0:   0000000000000000 00007f96d6801200
0x00007fff56ce4fc0:   0000000006006000 00000000ffffffff
0x00007fff56ce4fd0:   fffffffe00000001 00007f96d3ab9ab0
0x00007fff56ce4fe0:   0000000000000001 0000003401801800
0x00007fff56ce4ff0:   00007f96d6804fa0 00007f96d68051b0
0x00007fff56ce5000:   0000000000000000 0000000000000001
0x00007fff56ce5010:   00007f96d5156400 00007f96d3ab91d0
0x00007fff56ce5020:   0000000000000000 0000000000000000
0x00007fff56ce5030:   0000000000000000 0000000000000000
0x00007fff56ce5040:   0000000000000000 0000000000000000 

Instructions: (pc=0x00007fff9396a000)
0x00007fff93969fe0:   08 66 0f 14 c1 0f 5b e0 e9 13 08 00 00 0f 57 d2
0x00007fff93969ff0:   f3 0f 10 d1 0f 14 e0 66 0f 14 e2 e9 00 08 00 00
0x00007fff9396a000:   66 0f 28 20 e9 f7 07 00 00 0f b7 08 0f b6 40 02
0x00007fff9396a010:   c1 e0 10 09 c8 66 0f 6e d0 66 0f 60 d2 66 0f 61 

Register to memory mapping:

RAX=0x0000000000000000 is an unknown value
RBX=0x00007fff9396b20c: gleRunVertexSubmitImmediate+0x2e1c in /System/Library/Frameworks/OpenGL.framework/Versions/A/Resources/GLEngine.bundle/GLEngine at 0x00007fff93811000
RCX=0x0000000000000006 is an unknown value
RDX=0x0000000000000004 is an unknown value
RSP=0x00007fff56ce4e50 is pointing into the stack for thread: 0x00007f96d5003800
RBP=0x00007fff56ce50e0 is pointing into the stack for thread: 0x00007f96d5003800
RSI=0x0000000013400000 is an unknown value
RDI=0x00007fff93969c9a: gleRunVertexSubmitImmediate+0x18aa in /System/Library/Frameworks/OpenGL.framework/Versions/A/Resources/GLEngine.bundle/GLEngine at 0x00007fff93811000
R8 =0x0000000006803003 is an unknown value
R9 =0x00007f96d3ab9ab0 is an unknown value
R10=0x0000000000000004 is an unknown value
R11=0x0000000000000006 is an unknown value
R12=0x0000000000000034 is an unknown value
R13=0x0000000000000000 is an unknown value
R14=0x0000000000000000 is an unknown value
R15=0x0000000003000000 is an unknown value


Stack: [0x00007fff564ea000,0x00007fff56cea000],  sp=0x00007fff56ce4e50,  free space=8171k
Native frames: (J=compiled Java code, j=interpreted, Vv=VM code, C=native code)
C  [GLEngine+0x159000]  gleRunVertexSubmitImmediate+0x1c10
C  [GLEngine+0x28128]  glDrawArrays_Exec+0x285
j  org.lwjgl.opengl.GL11.nglDrawArrays(III)V+0
j  org.lwjgl.opengl.GL11.glDrawArrays(III)V+3
j  paint.painter.PainterLwjgl.run()V+144
j  engine.KamiEngine.begin()V+257
j  engine.KamiEngine.main([Ljava/lang/String;)V+10
v  ~StubRoutines::call_stub
V  [libjvm.dylib+0x2edbd2]
V  [libjvm.dylib+0x4d28c0]
V  [libjvm.dylib+0x4d2df4]
V  [libjvm.dylib+0x345fb4]
j  sun.reflect.NativeMethodAccessorImpl.invoke0(Ljava/lang/reflect/Method;Ljava/lang/Object;[Ljava/lang/Object;)Ljava/lang/Object;+0
j  sun.reflect.NativeMethodAccessorImpl.invoke(Ljava/lang/Object;[Ljava/lang/Object;)Ljava/lang/Object;+100
j  sun.reflect.DelegatingMethodAccessorImpl.invoke(Ljava/lang/Object;[Ljava/lang/Object;)Ljava/lang/Object;+6
j  java.lang.reflect.Method.invoke(Ljava/lang/Object;[Ljava/lang/Object;)Ljava/lang/Object;+56
j  com.intellij.rt.execution.application.AppMain.main([Ljava/lang/String;)V+170
v  ~StubRoutines::call_stub
V  [libjvm.dylib+0x2edbd2]
V  [libjvm.dylib+0x3249ca]
V  [libjvm.dylib+0x31d741]
C  [java+0x3931]  JavaMain+0x9c4
C  [java+0x5590]  -[JavaLaunchHelper launchJava:]+0x2a
C  [Foundation+0x76fde]  __NSThreadPerformPerform+0x117
C  [CoreFoundation+0xaa881]  __CFRUNLOOP_IS_CALLING_OUT_TO_A_SOURCE0_PERFORM_FUNCTION__+0x11
C  [CoreFoundation+0x89fbc]  __CFRunLoopDoSources0+0x22c
C  [CoreFoundation+0x894df]  __CFRunLoopRun+0x39f
C  [CoreFoundation+0x88ed8]  CFRunLoopRunSpecific+0x128
C  [java+0x6465]  CreateExecutionEnvironment+0x367
C  [java+0x218c]  JLI_Launch+0x7a0
C  [java+0x84c2]  main+0x65
C  [java+0x19e4]  start+0x34
C  0x000000000000000a

Java frames: (J=compiled Java code, j=interpreted, Vv=VM code)
j  org.lwjgl.opengl.GL11.nglDrawArrays(III)V+0
j  org.lwjgl.opengl.GL11.glDrawArrays(III)V+3
j  paint.painter.PainterLwjgl.run()V+144
j  engine.KamiEngine.begin()V+257
j  engine.KamiEngine.main([Ljava/lang/String;)V+10
v  ~StubRoutines::call_stub
j  sun.reflect.NativeMethodAccessorImpl.invoke0(Ljava/lang/reflect/Method;Ljava/lang/Object;[Ljava/lang/Object;)Ljava/lang/Object;+0
j  sun.reflect.NativeMethodAccessorImpl.invoke(Ljava/lang/Object;[Ljava/lang/Object;)Ljava/lang/Object;+100
j  sun.reflect.DelegatingMethodAccessorImpl.invoke(Ljava/lang/Object;[Ljava/lang/Object;)Ljava/lang/Object;+6
j  java.lang.reflect.Method.invoke(Ljava/lang/Object;[Ljava/lang/Object;)Ljava/lang/Object;+56
j  com.intellij.rt.execution.application.AppMain.main([Ljava/lang/String;)V+170
v  ~StubRoutines::call_stub

---------------  P R O C E S S  ---------------

Java Threads: ( => current thread )
  0x00007f96d29cc000 JavaThread "Java2D Disposer" daemon [_thread_blocked, id=61199, stack(0x00007000018ee000,0x00007000019ee000)]
  0x00007f96d4021000 JavaThread "Monitor Ctrl-Break" daemon [_thread_in_native, id=21251, stack(0x00007000013d3000,0x00007000014d3000)]
  0x00007f96d5048000 JavaThread "Service Thread" daemon [_thread_blocked, id=20227, stack(0x00007000011cd000,0x00007000012cd000)]
  0x00007f96d480b000 JavaThread "C1 CompilerThread3" daemon [_thread_blocked, id=19715, stack(0x00007000010ca000,0x00007000011ca000)]
  0x00007f96d503d000 JavaThread "C2 CompilerThread2" daemon [_thread_in_native, id=19203, stack(0x0000700000fc7000,0x00007000010c7000)]
  0x00007f96d4015000 JavaThread "C2 CompilerThread1" daemon [_thread_in_native, id=18691, stack(0x0000700000ec4000,0x0000700000fc4000)]
  0x00007f96d501c800 JavaThread "C2 CompilerThread0" daemon [_thread_in_native, id=18179, stack(0x0000700000dc1000,0x0000700000ec1000)]
  0x00007f96d501b800 JavaThread "Signal Dispatcher" daemon [_thread_blocked, id=15887, stack(0x0000700000cbe000,0x0000700000dbe000)]
  0x00007f96d202b000 JavaThread "Finalizer" daemon [_thread_blocked, id=14339, stack(0x0000700000b38000,0x0000700000c38000)]
  0x00007f96d400e000 JavaThread "Reference Handler" daemon [_thread_blocked, id=13827, stack(0x0000700000a35000,0x0000700000b35000)]
=>0x00007f96d5003800 JavaThread "main" [_thread_in_native, id=2571, stack(0x00007fff564ea000,0x00007fff56cea000)]

Other Threads:
  0x00007f96d3004800 VMThread [stack: 0x0000700000932000,0x0000700000a32000] [id=13315]
  0x00007f96d2008000 WatcherThread [stack: 0x00007000012d0000,0x00007000013d0000] [id=20739]

VM state:not at safepoint (normal execution)

VM Mutex/Monitor currently owned by a thread: None

Heap:
 PSYoungGen      total 141824K, used 28493K [0x000000076ab00000, 0x0000000774000000, 0x00000007c0000000)
  eden space 131072K, 21% used [0x000000076ab00000,0x000000076c6d3748,0x0000000772b00000)
  from space 10752K, 0% used [0x0000000773580000,0x0000000773580000,0x0000000774000000)
  to   space 10752K, 0% used [0x0000000772b00000,0x0000000772b00000,0x0000000773580000)
 ParOldGen       total 858624K, used 605193K [0x00000006c0000000, 0x00000006f4680000, 0x000000076ab00000)
  object space 858624K, 70% used [0x00000006c0000000,0x00000006e4f026b8,0x00000006f4680000)
 Metaspace       used 8969K, capacity 9207K, committed 9472K, reserved 1058816K
  class space    used 880K, capacity 967K, committed 1024K, reserved 1048576K

Card table byte_map: [0x000000011a562000,0x000000011ad63000] byte_map_base: 0x0000000116f62000

Marking Bits: (ParMarkBitMap*) 0x000000010aaf0d30
 Begin Bits: [0x000000011b2b9000, 0x000000011f2b9000)
 End Bits:   [0x000000011f2b9000, 0x00000001232b9000)

Polling page: 0x00000001091da000

CodeCache: size=245760Kb used=3169Kb max_used=3181Kb free=242590Kb
 bounds [0x000000010b1a2000, 0x000000010b4c2000, 0x000000011a1a2000]
 total_blobs=1634 nmethods=767 adapters=781
 compilation: enabled

Compilation events (10 events):
Event: 3.317 Thread 0x00007f96d480b000  771       3       java.awt.Color::getRed (12 bytes)
Event: 3.317 Thread 0x00007f96d480b000 nmethod 771 0x000000010b4b3090 code [0x000000010b4b3200, 0x000000010b4b3370]
Event: 3.317 Thread 0x00007f96d480b000  772       3       java.awt.Color::getGreen (12 bytes)
Event: 3.317 Thread 0x00007f96d480b000 nmethod 772 0x000000010b4b3410 code [0x000000010b4b3580, 0x000000010b4b36f0]
Event: 3.317 Thread 0x00007f96d480b000  773       3       java.awt.Color::getBlue (11 bytes)
Event: 3.317 Thread 0x00007f96d480b000 nmethod 773 0x000000010b4b3790 code [0x000000010b4b3900, 0x000000010b4b3a70]
Event: 3.317 Thread 0x00007f96d480b000  769       3       paint.painter.PainterLwjgl::glTransformColor (67 bytes)
Event: 3.317 Thread 0x00007f96d480b000 nmethod 769 0x000000010b4b3b10 code [0x000000010b4b3d00, 0x000000010b4b4270]
Event: 3.325 Thread 0x00007f96d501c800 nmethod 749 0x000000010b4b5f90 code [0x000000010b4b61a0, 0x000000010b4b7078]
Event: 3.325 Thread 0x00007f96d501c800  756       4       camera.Camera::inView (117 bytes)

GC Heap History (6 events):
Event: 2.448 GC heap before
{Heap before GC invocations=1 (full 0):
 PSYoungGen      total 76288K, used 65536K [0x000000076ab00000, 0x0000000770000000, 0x00000007c0000000)
  eden space 65536K, 100% used [0x000000076ab00000,0x000000076eb00000,0x000000076eb00000)
  from space 10752K, 0% used [0x000000076f580000,0x000000076f580000,0x0000000770000000)
  to   space 10752K, 0% used [0x000000076eb00000,0x000000076eb00000,0x000000076f580000)
 ParOldGen       total 175104K, used 0K [0x00000006c0000000, 0x00000006cab00000, 0x000000076ab00000)
  object space 175104K, 0% used [0x00000006c0000000,0x00000006c0000000,0x00000006cab00000)
 Metaspace       used 7325K, capacity 7469K, committed 7808K, reserved 1056768K
  class space    used 703K, capacity 772K, committed 896K, reserved 1048576K
Event: 2.474 GC heap after
Heap after GC invocations=1 (full 0):
 PSYoungGen      total 76288K, used 10736K [0x000000076ab00000, 0x0000000774000000, 0x00000007c0000000)
  eden space 65536K, 0% used [0x000000076ab00000,0x000000076ab00000,0x000000076eb00000)
  from space 10752K, 99% used [0x000000076eb00000,0x000000076f57c010,0x000000076f580000)
  to   space 10752K, 0% used [0x0000000773580000,0x0000000773580000,0x0000000774000000)
 ParOldGen       total 175104K, used 45378K [0x00000006c0000000, 0x00000006cab00000, 0x000000076ab00000)
  object space 175104K, 25% used [0x00000006c0000000,0x00000006c2c50a50,0x00000006cab00000)
 Metaspace       used 7325K, capacity 7469K, committed 7808K, reserved 1056768K
  class space    used 703K, capacity 772K, committed 896K, reserved 1048576K
}
Event: 3.013 GC heap before
{Heap before GC invocations=2 (full 0):
 PSYoungGen      total 76288K, used 76272K [0x000000076ab00000, 0x0000000774000000, 0x00000007c0000000)
  eden space 65536K, 100% used [0x000000076ab00000,0x000000076eb00000,0x000000076eb00000)
  from space 10752K, 99% used [0x000000076eb00000,0x000000076f57c010,0x000000076f580000)
  to   space 10752K, 0% used [0x0000000773580000,0x0000000773580000,0x0000000774000000)
 ParOldGen       total 665600K, used 535378K [0x00000006c0000000, 0x00000006e8a00000, 0x000000076ab00000)
  object space 665600K, 80% used [0x00000006c0000000,0x00000006e0ad4a60,0x00000006e8a00000)
 Metaspace       used 8940K, capacity 9137K, committed 9216K, reserved 1056768K
  class space    used 878K, capacity 966K, committed 1024K, reserved 1048576K
Event: 3.045 GC heap after
Heap after GC invocations=2 (full 0):
 PSYoungGen      total 141824K, used 10736K [0x000000076ab00000, 0x0000000774000000, 0x00000007c0000000)
  eden space 131072K, 0% used [0x000000076ab00000,0x000000076ab00000,0x0000000772b00000)
  from space 10752K, 99% used [0x0000000773580000,0x0000000773ffc010,0x0000000774000000)
  to   space 10752K, 0% used [0x0000000772b00000,0x0000000772b00000,0x0000000773580000)
 ParOldGen       total 665600K, used 597618K [0x00000006c0000000, 0x00000006e8a00000, 0x000000076ab00000)
  object space 665600K, 89% used [0x00000006c0000000,0x00000006e479ca60,0x00000006e8a00000)
 Metaspace       used 8940K, capacity 9137K, committed 9216K, reserved 1056768K
  class space    used 878K, capacity 966K, committed 1024K, reserved 1048576K
}
Event: 3.045 GC heap before
{Heap before GC invocations=3 (full 1):
 PSYoungGen      total 141824K, used 10736K [0x000000076ab00000, 0x0000000774000000, 0x00000007c0000000)
  eden space 131072K, 0% used [0x000000076ab00000,0x000000076ab00000,0x0000000772b00000)
  from space 10752K, 99% used [0x0000000773580000,0x0000000773ffc010,0x0000000774000000)
  to   space 10752K, 0% used [0x0000000772b00000,0x0000000772b00000,0x0000000773580000)
 ParOldGen       total 665600K, used 597618K [0x00000006c0000000, 0x00000006e8a00000, 0x000000076ab00000)
  object space 665600K, 89% used [0x00000006c0000000,0x00000006e479ca60,0x00000006e8a00000)
 Metaspace       used 8940K, capacity 9137K, committed 9216K, reserved 1056768K
  class space    used 878K, capacity 966K, committed 1024K, reserved 1048576K
Event: 3.271 GC heap after
Heap after GC invocations=3 (full 1):
 PSYoungGen      total 141824K, used 0K [0x000000076ab00000, 0x0000000774000000, 0x00000007c0000000)
  eden space 131072K, 0% used [0x000000076ab00000,0x000000076ab00000,0x0000000772b00000)
  from space 10752K, 0% used [0x0000000773580000,0x0000000773580000,0x0000000774000000)
  to   space 10752K, 0% used [0x0000000772b00000,0x0000000772b00000,0x0000000773580000)
 ParOldGen       total 858624K, used 605193K [0x00000006c0000000, 0x00000006f4680000, 0x000000076ab00000)
  object space 858624K, 70% used [0x00000006c0000000,0x00000006e4f026b8,0x00000006f4680000)
 Metaspace       used 8940K, capacity 9137K, committed 9216K, reserved 1056768K
  class space    used 878K, capacity 966K, committed 1024K, reserved 1048576K
}

Deoptimization events (3 events):
Event: 0.099 Thread 0x00007f96d5003800 Uncommon trap: reason=unstable_if action=reinterpret pc=0x000000010b2ca828 method=java.lang.String.hashCode()I @ 14
Event: 2.400 Thread 0x00007f96d5003800 Uncommon trap: reason=unstable_if action=reinterpret pc=0x000000010b34eb1c method=java.lang.String.replace(CC)Ljava/lang/String; @ 26
Event: 3.279 Thread 0x00007f96d5003800 Uncommon trap: reason=unstable_if action=reinterpret pc=0x000000010b495d30 method=terrain.TerrainChunk.getBlock(III)[I @ 234

Internal exceptions (10 events):
Event: 0.187 Thread 0x00007f96d5003800 Exception <a 'java/security/PrivilegedActionException'> (0x000000076b55ec80) thrown at [/Users/java_re/workspace/8-2-build-macosx-x86_64/jdk8u112/7935/hotspot/src/share/vm/prims/jvm.cpp, line 1390]
Event: 0.248 Thread 0x00007f96d5003800 Exception <a 'sun/nio/fs/UnixException'> (0x000000076b6fbbe8) thrown at [/Users/java_re/workspace/8-2-build-macosx-x86_64/jdk8u112/7935/hotspot/src/share/vm/prims/jni.cpp, line 709]
Event: 0.248 Thread 0x00007f96d5003800 Exception <a 'sun/nio/fs/UnixException'> (0x000000076b6fd2e8) thrown at [/Users/java_re/workspace/8-2-build-macosx-x86_64/jdk8u112/7935/hotspot/src/share/vm/prims/jni.cpp, line 709]
Event: 0.248 Thread 0x00007f96d5003800 Exception <a 'sun/nio/fs/UnixException'> (0x000000076b6fdb58) thrown at [/Users/java_re/workspace/8-2-build-macosx-x86_64/jdk8u112/7935/hotspot/src/share/vm/prims/jni.cpp, line 709]
Event: 0.248 Thread 0x00007f96d5003800 Exception <a 'sun/nio/fs/UnixException'> (0x000000076b6fe3e0) thrown at [/Users/java_re/workspace/8-2-build-macosx-x86_64/jdk8u112/7935/hotspot/src/share/vm/prims/jni.cpp, line 709]
Event: 0.248 Thread 0x00007f96d5003800 Exception <a 'sun/nio/fs/UnixException'> (0x000000076b6fec70) thrown at [/Users/java_re/workspace/8-2-build-macosx-x86_64/jdk8u112/7935/hotspot/src/share/vm/prims/jni.cpp, line 709]
Event: 0.248 Thread 0x00007f96d5003800 Exception <a 'sun/nio/fs/UnixException'> (0x000000076b6ff3d0) thrown at [/Users/java_re/workspace/8-2-build-macosx-x86_64/jdk8u112/7935/hotspot/src/share/vm/prims/jni.cpp, line 709]
Event: 0.248 Thread 0x00007f96d5003800 Exception <a 'sun/nio/fs/UnixException'> (0x000000076b6ffa48) thrown at [/Users/java_re/workspace/8-2-build-macosx-x86_64/jdk8u112/7935/hotspot/src/share/vm/prims/jni.cpp, line 709]
Event: 2.713 Thread 0x00007f96d5003800 Exception <a 'java/io/FileNotFoundException'> (0x000000076dd9a5b8) thrown at [/Users/java_re/workspace/8-2-build-macosx-x86_64/jdk8u112/7935/hotspot/src/share/vm/prims/jni.cpp, line 709]
Event: 2.713 Thread 0x00007f96d5003800 Exception <a 'java/io/FileNotFoundException'> (0x000000076dd9b168) thrown at [/Users/java_re/workspace/8-2-build-macosx-x86_64/jdk8u112/7935/hotspot/src/share/vm/prims/jni.cpp, line 709]

Events (10 events):
Event: 3.271 Executing VM operation: ParallelGCFailedAllocation done
Event: 3.279 Thread 0x00007f96d5003800 Uncommon trap: trap_request=0xffffff65 fr.pc=0x000000010b495d30
Event: 3.279 Thread 0x00007f96d5003800 DEOPT PACKING pc=0x000000010b495d30 sp=0x00007fff56ce50b0
Event: 3.279 Thread 0x00007f96d5003800 DEOPT UNPACKING pc=0x000000010b1a7229 sp=0x00007fff56ce5068 mode 2
Event: 3.313 loading class java/lang/invoke/DirectMethodHandle$Special
Event: 3.313 loading class java/lang/invoke/DirectMethodHandle$Special done
Event: 3.313 loading class list/LList
Event: 3.313 loading class list/LList done
Event: 3.314 loading class list/LList$LListReverseIterator
Event: 3.314 loading class list/LList$LListReverseIterator done


Dynamic libraries:
0x000000000975e000 	/System/Library/Frameworks/Cocoa.framework/Versions/A/Cocoa
0x000000000975e000 	/System/Library/Frameworks/Security.framework/Versions/A/Security
0x000000000975e000 	/System/Library/Frameworks/ApplicationServices.framework/Versions/A/ApplicationServices
0x000000000975e000 	/usr/lib/libz.1.dylib
0x000000000975e000 	/usr/lib/libSystem.B.dylib
0x000000000975e000 	/usr/lib/libobjc.A.dylib
0x000000000975e000 	/System/Library/Frameworks/CoreFoundation.framework/Versions/A/CoreFoundation
0x000000000975e000 	/System/Library/Frameworks/Foundation.framework/Versions/C/Foundation
0x000000000975e000 	/System/Library/Frameworks/AppKit.framework/Versions/C/AppKit
0x000000000975e000 	/System/Library/Frameworks/CoreData.framework/Versions/A/CoreData
0x000000000975e000 	/System/Library/PrivateFrameworks/RemoteViewServices.framework/Versions/A/RemoteViewServices
0x000000000975e000 	/System/Library/PrivateFrameworks/UIFoundation.framework/Versions/A/UIFoundation
0x000000000975e000 	/usr/lib/libScreenReader.dylib
0x000000000975e000 	/System/Library/Frameworks/Accelerate.framework/Versions/A/Accelerate
0x000000000975e000 	/System/Library/Frameworks/IOSurface.framework/Versions/A/IOSurface
0x000000000975e000 	/System/Library/Frameworks/AudioToolbox.framework/Versions/A/AudioToolbox
0x000000000975e000 	/System/Library/Frameworks/AudioUnit.framework/Versions/A/AudioUnit
0x000000000975e000 	/System/Library/PrivateFrameworks/DataDetectorsCore.framework/Versions/A/DataDetectorsCore
0x000000000975e000 	/System/Library/PrivateFrameworks/DesktopServicesPriv.framework/Versions/A/DesktopServicesPriv
0x000000000975e000 	/System/Library/Frameworks/Carbon.framework/Versions/A/Frameworks/HIToolbox.framework/Versions/A/HIToolbox
0x000000000975e000 	/System/Library/Frameworks/QuartzCore.framework/Versions/A/QuartzCore
0x000000000975e000 	/System/Library/Frameworks/Carbon.framework/Versions/A/Frameworks/SpeechRecognition.framework/Versions/A/SpeechRecognition
0x000000000975e000 	/usr/lib/libauto.dylib
0x000000000975e000 	/usr/lib/libicucore.A.dylib
0x000000000975e000 	/usr/lib/libxml2.2.dylib
0x000000000975e000 	/System/Library/PrivateFrameworks/CoreUI.framework/Versions/A/CoreUI
0x000000000975e000 	/System/Library/Frameworks/CoreAudio.framework/Versions/A/CoreAudio
0x000000000975e000 	/System/Library/Frameworks/DiskArbitration.framework/Versions/A/DiskArbitration
0x000000000975e000 	/usr/lib/liblangid.dylib
0x000000000975e000 	/System/Library/PrivateFrameworks/MultitouchSupport.framework/Versions/A/MultitouchSupport
0x000000000975e000 	/System/Library/Frameworks/IOKit.framework/Versions/A/IOKit
0x000000000975e000 	/usr/lib/libDiagnosticMessagesClient.dylib
0x000000000975e000 	/System/Library/Frameworks/CoreServices.framework/Versions/A/CoreServices
0x000000000975e000 	/System/Library/PrivateFrameworks/PerformanceAnalysis.framework/Versions/A/PerformanceAnalysis
0x000000000975e000 	/System/Library/PrivateFrameworks/GenerationalStorage.framework/Versions/A/GenerationalStorage
0x000000000975e000 	/System/Library/Frameworks/OpenGL.framework/Versions/A/OpenGL
0x000000000975e000 	/System/Library/PrivateFrameworks/Sharing.framework/Versions/A/Sharing
0x000000000975e000 	/System/Library/Frameworks/CoreGraphics.framework/Versions/A/CoreGraphics
0x000000000975e000 	/System/Library/Frameworks/CoreImage.framework/Versions/A/CoreImage
0x000000000975e000 	/System/Library/Frameworks/CoreText.framework/Versions/A/CoreText
0x000000000975e000 	/System/Library/Frameworks/ImageIO.framework/Versions/A/ImageIO
0x000000000975e000 	/System/Library/PrivateFrameworks/Backup.framework/Versions/A/Backup
0x000000000975e000 	/usr/lib/libextension.dylib
0x000000000975e000 	/usr/lib/libarchive.2.dylib
0x000000000975e000 	/System/Library/Frameworks/CFNetwork.framework/Versions/A/CFNetwork
0x000000000975e000 	/System/Library/Frameworks/SystemConfiguration.framework/Versions/A/SystemConfiguration
0x000000000975e000 	/usr/lib/libCRFSuite.dylib
0x000000000975e000 	/usr/lib/libc++.1.dylib
0x000000000975e000 	/usr/lib/libc++abi.dylib
0x000000000975e000 	/usr/lib/system/libcache.dylib
0x000000000975e000 	/usr/lib/system/libcommonCrypto.dylib
0x000000000975e000 	/usr/lib/system/libcompiler_rt.dylib
0x000000000975e000 	/usr/lib/system/libcopyfile.dylib
0x000000000975e000 	/usr/lib/system/libcorecrypto.dylib
0x000000000975e000 	/usr/lib/system/libdispatch.dylib
0x000000000975e000 	/usr/lib/system/libdyld.dylib
0x000000000975e000 	/usr/lib/system/libkeymgr.dylib
0x000000000975e000 	/usr/lib/system/liblaunch.dylib
0x000000000975e000 	/usr/lib/system/libmacho.dylib
0x000000000975e000 	/usr/lib/system/libquarantine.dylib
0x000000000975e000 	/usr/lib/system/libremovefile.dylib
0x000000000975e000 	/usr/lib/system/libsystem_asl.dylib
0x000000000975e000 	/usr/lib/system/libsystem_blocks.dylib
0x000000000975e000 	/usr/lib/system/libsystem_c.dylib
0x000000000975e000 	/usr/lib/system/libsystem_configuration.dylib
0x000000000975e000 	/usr/lib/system/libsystem_coreservices.dylib
0x000000000975e000 	/usr/lib/system/libsystem_coretls.dylib
0x000000000975e000 	/usr/lib/system/libsystem_dnssd.dylib
0x000000000975e000 	/usr/lib/system/libsystem_info.dylib
0x000000000975e000 	/usr/lib/system/libsystem_kernel.dylib
0x000000000975e000 	/usr/lib/system/libsystem_m.dylib
0x000000000975e000 	/usr/lib/system/libsystem_malloc.dylib
0x000000000975e000 	/usr/lib/system/libsystem_network.dylib
0x000000000975e000 	/usr/lib/system/libsystem_networkextension.dylib
0x000000000975e000 	/usr/lib/system/libsystem_notify.dylib
0x000000000975e000 	/usr/lib/system/libsystem_platform.dylib
0x000000000975e000 	/usr/lib/system/libsystem_pthread.dylib
0x000000000975e000 	/usr/lib/system/libsystem_sandbox.dylib
0x000000000975e000 	/usr/lib/system/libsystem_secinit.dylib
0x000000000975e000 	/usr/lib/system/libsystem_trace.dylib
0x000000000975e000 	/usr/lib/system/libunc.dylib
0x000000000975e000 	/usr/lib/system/libunwind.dylib
0x000000000975e000 	/usr/lib/system/libxpc.dylib
0x000000000975e000 	/usr/lib/libenergytrace.dylib
0x000000000975e000 	/usr/lib/libbsm.0.dylib
0x000000000975e000 	/usr/lib/system/libkxld.dylib
0x000000000975e000 	/usr/lib/libxar.1.dylib
0x000000000975e000 	/usr/lib/libsqlite3.dylib
0x000000000975e000 	/usr/lib/libpam.2.dylib
0x000000000975e000 	/usr/lib/libOpenScriptingUtil.dylib
0x000000000975e000 	/usr/lib/libbz2.1.0.dylib
0x000000000975e000 	/usr/lib/liblzma.5.dylib
0x000000000975e000 	/System/Library/Frameworks/CoreServices.framework/Versions/A/Frameworks/FSEvents.framework/Versions/A/FSEvents
0x000000000975e000 	/System/Library/Frameworks/CoreServices.framework/Versions/A/Frameworks/CarbonCore.framework/Versions/A/CarbonCore
0x000000000975e000 	/System/Library/Frameworks/CoreServices.framework/Versions/A/Frameworks/Metadata.framework/Versions/A/Metadata
0x000000000975e000 	/System/Library/Frameworks/CoreServices.framework/Versions/A/Frameworks/OSServices.framework/Versions/A/OSServices
0x000000000975e000 	/System/Library/Frameworks/CoreServices.framework/Versions/A/Frameworks/SearchKit.framework/Versions/A/SearchKit
0x000000000975e000 	/System/Library/Frameworks/CoreServices.framework/Versions/A/Frameworks/AE.framework/Versions/A/AE
0x000000000975e000 	/System/Library/Frameworks/CoreServices.framework/Versions/A/Frameworks/LaunchServices.framework/Versions/A/LaunchServices
0x000000000975e000 	/System/Library/Frameworks/CoreServices.framework/Versions/A/Frameworks/DictionaryServices.framework/Versions/A/DictionaryServices
0x000000000975e000 	/System/Library/Frameworks/CoreServices.framework/Versions/A/Frameworks/SharedFileList.framework/Versions/A/SharedFileList
0x000000000975e000 	/System/Library/Frameworks/NetFS.framework/Versions/A/NetFS
0x000000000975e000 	/System/Library/PrivateFrameworks/NetAuth.framework/Versions/A/NetAuth
0x000000000975e000 	/System/Library/PrivateFrameworks/login.framework/Versions/A/Frameworks/loginsupport.framework/Versions/A/loginsupport
0x000000000975e000 	/System/Library/PrivateFrameworks/TCC.framework/Versions/A/TCC
0x000000000975e000 	/usr/lib/libmecabra.dylib
0x000000000975e000 	/System/Library/Frameworks/ApplicationServices.framework/Versions/A/Frameworks/ATS.framework/Versions/A/ATS
0x000000000975e000 	/System/Library/Frameworks/ApplicationServices.framework/Versions/A/Frameworks/ColorSync.framework/Versions/A/ColorSync
0x000000000975e000 	/System/Library/Frameworks/ApplicationServices.framework/Versions/A/Frameworks/HIServices.framework/Versions/A/HIServices
0x000000000975e000 	/System/Library/Frameworks/ApplicationServices.framework/Versions/A/Frameworks/LangAnalysis.framework/Versions/A/LangAnalysis
0x000000000975e000 	/System/Library/Frameworks/ApplicationServices.framework/Versions/A/Frameworks/PrintCore.framework/Versions/A/PrintCore
0x000000000975e000 	/System/Library/Frameworks/ApplicationServices.framework/Versions/A/Frameworks/QD.framework/Versions/A/QD
0x000000000975e000 	/System/Library/Frameworks/ApplicationServices.framework/Versions/A/Frameworks/SpeechSynthesis.framework/Versions/A/SpeechSynthesis
0x000000000975e000 	/System/Library/Frameworks/Metal.framework/Versions/A/Metal
0x000000000975e000 	/System/Library/Frameworks/Accelerate.framework/Versions/A/Frameworks/vImage.framework/Versions/A/vImage
0x000000000975e000 	/System/Library/Frameworks/Accelerate.framework/Versions/A/Frameworks/vecLib.framework/Versions/A/vecLib
0x000000000975e000 	/System/Library/Frameworks/Accelerate.framework/Versions/A/Frameworks/vecLib.framework/Versions/A/libvDSP.dylib
0x000000000975e000 	/System/Library/Frameworks/Accelerate.framework/Versions/A/Frameworks/vecLib.framework/Versions/A/libvMisc.dylib
0x000000000975e000 	/System/Library/Frameworks/Accelerate.framework/Versions/A/Frameworks/vecLib.framework/Versions/A/libLAPACK.dylib
0x000000000975e000 	/System/Library/Frameworks/Accelerate.framework/Versions/A/Frameworks/vecLib.framework/Versions/A/libBLAS.dylib
0x000000000975e000 	/System/Library/Frameworks/Accelerate.framework/Versions/A/Frameworks/vecLib.framework/Versions/A/libLinearAlgebra.dylib
0x000000000975e000 	/System/Library/Frameworks/Accelerate.framework/Versions/A/Frameworks/vecLib.framework/Versions/A/libSparseBLAS.dylib
0x000000000975e000 	/System/Library/PrivateFrameworks/GPUCompiler.framework/libmetal_timestamp.dylib
0x000000000975e000 	/System/Library/Frameworks/OpenGL.framework/Versions/A/Libraries/libCoreFSCache.dylib
0x000000000975e000 	/System/Library/PrivateFrameworks/IOAccelerator.framework/Versions/A/IOAccelerator
0x000000000975e000 	/System/Library/Frameworks/ApplicationServices.framework/Versions/A/Frameworks/ATS.framework/Versions/A/Resources/libFontParser.dylib
0x000000000975e000 	/System/Library/Frameworks/ApplicationServices.framework/Versions/A/Frameworks/ATS.framework/Versions/A/Resources/libFontRegistry.dylib
0x000000000975e000 	/System/Library/PrivateFrameworks/AppleVPA.framework/Versions/A/AppleVPA
0x000000000975e000 	/System/Library/PrivateFrameworks/AppleJPEG.framework/Versions/A/AppleJPEG
0x000000000975e000 	/System/Library/Frameworks/ImageIO.framework/Versions/A/Resources/libJPEG.dylib
0x000000000975e000 	/System/Library/Frameworks/ImageIO.framework/Versions/A/Resources/libTIFF.dylib
0x000000000975e000 	/System/Library/Frameworks/ImageIO.framework/Versions/A/Resources/libPng.dylib
0x000000000975e000 	/System/Library/Frameworks/ImageIO.framework/Versions/A/Resources/libGIF.dylib
0x000000000975e000 	/System/Library/Frameworks/ImageIO.framework/Versions/A/Resources/libJP2.dylib
0x000000000975e000 	/System/Library/Frameworks/ImageIO.framework/Versions/A/Resources/libRadiance.dylib
0x000000000975e000 	/System/Library/Frameworks/CoreVideo.framework/Versions/A/CoreVideo
0x000000000975e000 	/System/Library/Frameworks/OpenGL.framework/Versions/A/Libraries/libGLU.dylib
0x000000000975e000 	/System/Library/Frameworks/OpenGL.framework/Versions/A/Libraries/libGFXShared.dylib
0x000000000975e000 	/System/Library/Frameworks/OpenGL.framework/Versions/A/Libraries/libGL.dylib
0x000000000975e000 	/System/Library/Frameworks/OpenGL.framework/Versions/A/Libraries/libGLImage.dylib
0x000000000975e000 	/System/Library/Frameworks/OpenGL.framework/Versions/A/Libraries/libCVMSPluginSupport.dylib
0x000000000975e000 	/System/Library/Frameworks/OpenGL.framework/Versions/A/Libraries/libCoreVMClient.dylib
0x000000000975e000 	/usr/lib/libcompression.dylib
0x000000000975e000 	/usr/lib/libcups.2.dylib
0x000000000975e000 	/System/Library/Frameworks/Kerberos.framework/Versions/A/Kerberos
0x000000000975e000 	/System/Library/Frameworks/GSS.framework/Versions/A/GSS
0x000000000975e000 	/usr/lib/libresolv.9.dylib
0x000000000975e000 	/usr/lib/libiconv.2.dylib
0x000000000975e000 	/System/Library/PrivateFrameworks/Heimdal.framework/Versions/A/Heimdal
0x000000000975e000 	/usr/lib/libheimdal-asn1.dylib
0x000000000975e000 	/System/Library/Frameworks/OpenDirectory.framework/Versions/A/OpenDirectory
0x000000000975e000 	/System/Library/PrivateFrameworks/CommonAuth.framework/Versions/A/CommonAuth
0x000000000975e000 	/System/Library/Frameworks/OpenDirectory.framework/Versions/A/Frameworks/CFOpenDirectory.framework/Versions/A/CFOpenDirectory
0x000000000975e000 	/System/Library/Frameworks/SecurityFoundation.framework/Versions/A/SecurityFoundation
0x000000000975e000 	/System/Library/PrivateFrameworks/LanguageModeling.framework/Versions/A/LanguageModeling
0x000000000975e000 	/usr/lib/libmarisa.dylib
0x000000000975e000 	/usr/lib/libChineseTokenizer.dylib
0x000000000975e000 	/usr/lib/libcmph.dylib
0x000000000975e000 	/System/Library/Frameworks/ServiceManagement.framework/Versions/A/ServiceManagement
0x000000000975e000 	/usr/lib/libxslt.1.dylib
0x000000000975e000 	/System/Library/Frameworks/Carbon.framework/Versions/A/Frameworks/Ink.framework/Versions/A/Ink
0x000000000975e000 	/usr/lib/libFosl_dynamic.dylib
0x000000000975e000 	/System/Library/PrivateFrameworks/FaceCore.framework/Versions/A/FaceCore
0x000000000975e000 	/System/Library/Frameworks/OpenCL.framework/Versions/A/OpenCL
0x000000000975e000 	/System/Library/PrivateFrameworks/CrashReporterSupport.framework/Versions/A/CrashReporterSupport
0x000000000975e000 	/System/Library/PrivateFrameworks/IconServices.framework/Versions/A/IconServices
0x000000000975e000 	/System/Library/PrivateFrameworks/Apple80211.framework/Versions/A/Apple80211
0x000000000975e000 	/System/Library/Frameworks/CoreWLAN.framework/Versions/A/CoreWLAN
0x000000000975e000 	/System/Library/Frameworks/IOBluetooth.framework/Versions/A/IOBluetooth
0x000000000975e000 	/System/Library/PrivateFrameworks/CoreWiFi.framework/Versions/A/CoreWiFi
0x000000000975e000 	/System/Library/Frameworks/CoreBluetooth.framework/Versions/A/CoreBluetooth
0x000000000975e000 	/System/Library/PrivateFrameworks/ChunkingLibrary.framework/Versions/A/ChunkingLibrary
0x000000000975e000 	/System/Library/PrivateFrameworks/DebugSymbols.framework/Versions/A/DebugSymbols
0x000000000975e000 	/System/Library/PrivateFrameworks/CoreSymbolication.framework/Versions/A/CoreSymbolication
0x000000000975e000 	/System/Library/PrivateFrameworks/Symbolication.framework/Versions/A/Symbolication
0x000000000975e000 	/System/Library/PrivateFrameworks/SpeechRecognitionCore.framework/Versions/A/SpeechRecognitionCore
0x000000010a200000 	/Library/Java/JavaVirtualMachines/jdk1.8.0_112.jdk/Contents/Home/jre/lib/server/libjvm.dylib
0x000000000975e000 	/usr/lib/libstdc++.6.dylib
0x0000000109197000 	/Library/Java/JavaVirtualMachines/jdk1.8.0_112.jdk/Contents/Home/jre/lib/libverify.dylib
0x00000001091a5000 	/Library/Java/JavaVirtualMachines/jdk1.8.0_112.jdk/Contents/Home/jre/lib/libjava.dylib
0x00000001091e3000 	/Library/Java/JavaVirtualMachines/jdk1.8.0_112.jdk/Contents/Home/jre/lib/libzip.dylib
0x0000000126257000 	/System/Library/Frameworks/JavaVM.framework/Frameworks/JavaRuntimeSupport.framework/JavaRuntimeSupport
0x0000000126272000 	/System/Library/Frameworks/JavaVM.framework/Versions/A/Frameworks/JavaNativeFoundation.framework/Versions/A/JavaNativeFoundation
0x00000001091ed000 	/System/Library/Frameworks/JavaVM.framework/Versions/A/JavaVM
0x000000000975e000 	/System/Library/Frameworks/Carbon.framework/Versions/A/Carbon
0x0000000126287000 	/System/Library/PrivateFrameworks/JavaLaunching.framework/Versions/A/JavaLaunching
0x000000000975e000 	/System/Library/Frameworks/Carbon.framework/Versions/A/Frameworks/CommonPanels.framework/Versions/A/CommonPanels
0x000000000975e000 	/System/Library/Frameworks/Carbon.framework/Versions/A/Frameworks/Help.framework/Versions/A/Help
0x000000000975e000 	/System/Library/Frameworks/Carbon.framework/Versions/A/Frameworks/ImageCapture.framework/Versions/A/ImageCapture
0x000000000975e000 	/System/Library/Frameworks/Carbon.framework/Versions/A/Frameworks/OpenScripting.framework/Versions/A/OpenScripting
0x000000000975e000 	/System/Library/Frameworks/Carbon.framework/Versions/A/Frameworks/Print.framework/Versions/A/Print
0x000000000975e000 	/System/Library/Frameworks/Carbon.framework/Versions/A/Frameworks/SecurityHI.framework/Versions/A/SecurityHI
0x0000000127d2e000 	/Applications/IntelliJ IDEA.app/Contents/bin/libbreakgen64.jnilib
0x0000000127d31000 	/Library/Java/JavaVirtualMachines/jdk1.8.0_112.jdk/Contents/Home/jre/lib/libnet.dylib
0x0000000128161000 	/Library/Java/JavaVirtualMachines/jdk1.8.0_112.jdk/Contents/Home/jre/lib/libnio.dylib
0x0000000128171000 	/private/var/folders/w8/rhytzkk54lj2ml70451qh5q80000gp/T/lwjglmanukhovanesian/3.1.1-build-16/liblwjgl.dylib
0x0000000128195000 	/var/folders/w8/rhytzkk54lj2ml70451qh5q80000gp/T/lwjglmanukhovanesian/3.1.1-build-16/libjemalloc.dylib
0x00000001281c3000 	/var/folders/w8/rhytzkk54lj2ml70451qh5q80000gp/T/lwjglmanukhovanesian/3.1.1-build-16/libglfw.dylib
0x000000000975e000 	/System/Library/PrivateFrameworks/CoreServicesInternal.framework/Versions/A/CoreServicesInternal
0x000000000975e000 	/System/Library/PrivateFrameworks/FamilyControls.framework/Versions/A/FamilyControls
0x000000000975e000 	/System/Library/PrivateFrameworks/CommerceKit.framework/Versions/A/Frameworks/CommerceCore.framework/Versions/A/CommerceCore
0x000000000975e000 	/System/Library/PrivateFrameworks/SystemAdministration.framework/Versions/A/SystemAdministration
0x000000000975e000 	/System/Library/PrivateFrameworks/AppContainer.framework/Versions/A/AppContainer
0x000000000975e000 	/System/Library/PrivateFrameworks/SecCodeWrapper.framework/Versions/A/SecCodeWrapper
0x000000000975e000 	/System/Library/Frameworks/DirectoryService.framework/Versions/A/DirectoryService
0x000000000975e000 	/System/Library/PrivateFrameworks/DiskImages.framework/Versions/A/DiskImages
0x000000000975e000 	/System/Library/PrivateFrameworks/LoginUIKit.framework/Versions/A/Frameworks/LoginUICore.framework/Versions/A/LoginUICore
0x000000000975e000 	/usr/lib/libCoreStorage.dylib
0x000000000975e000 	/usr/lib/libcsfde.dylib
0x000000000975e000 	/usr/lib/libodfde.dylib
0x000000000975e000 	/System/Library/Frameworks/DiscRecording.framework/Versions/A/DiscRecording
0x000000000975e000 	/usr/lib/libcurl.4.dylib
0x000000000975e000 	/System/Library/PrivateFrameworks/MediaKit.framework/Versions/A/MediaKit
0x000000000975e000 	/System/Library/PrivateFrameworks/ProtectedCloudStorage.framework/Versions/A/ProtectedCloudStorage
0x000000000975e000 	/System/Library/PrivateFrameworks/EFILogin.framework/Versions/A/EFILogin
0x000000000975e000 	/usr/lib/libutil.dylib
0x000000000975e000 	/System/Library/PrivateFrameworks/FindMyDevice.framework/Versions/A/FindMyDevice
0x000000000975e000 	/System/Library/Frameworks/LDAP.framework/Versions/A/LDAP
0x000000000975e000 	/usr/lib/libsasl2.2.dylib
0x000000000975e000 	/System/Library/PrivateFrameworks/CoreDaemon.framework/Versions/B/CoreDaemon
0x000000000975e000 	/usr/lib/libcrypto.0.9.8.dylib
0x000000000975e000 	/System/Library/PrivateFrameworks/AppleSRP.framework/Versions/A/AppleSRP
0x000000000975e000 	/System/Library/PrivateFrameworks/TrustEvaluationAgent.framework/Versions/A/TrustEvaluationAgent
0x000000000975e000 	/System/Library/Frameworks/CoreGraphics.framework/Versions/A/Resources/libCGXType.A.dylib
0x000000000975e000 	/System/Library/Frameworks/CoreGraphics.framework/Versions/A/Resources/libRIP.A.dylib
0x000000000975e000 	/System/Library/Frameworks/Accelerate.framework/Versions/A/Frameworks/vImage.framework/Versions/A/Libraries/libCGInterfaces.dylib
0x000000000975e000 	/System/Library/Frameworks/OpenCL.framework/Versions/A/Libraries/libcldcpuengine.dylib
0x000000012b0ce000 	cl_kernels
0x000000000975e000 	/System/Library/Frameworks/OpenCL.framework/Versions/A/Libraries/ImageFormats/unorm8_bgra.dylib
0x000000000975e000 	/System/Library/Frameworks/OpenCL.framework/Versions/A/Libraries/ImageFormats/unorm8_rgba.dylib
0x000000000975e000 	/System/Library/Frameworks/OpenGL.framework/Versions/A/Resources/GLEngine.bundle/GLEngine
0x000000000975e000 	/System/Library/Frameworks/OpenGL.framework/Versions/A/Libraries/libGLProgrammability.dylib
0x000000012b562000 	/System/Library/Extensions/AppleIntelHD5000GraphicsGLDriver.bundle/Contents/MacOS/AppleIntelHD5000GraphicsGLDriver
0x000000000975e000 	/System/Library/PrivateFrameworks/GPUSupport.framework/Versions/A/Libraries/libGPUSupportMercury.dylib
0x000000012bcb1000 	/System/Library/Extensions/AMDRadeonX4000GLDriver.bundle/Contents/MacOS/AMDRadeonX4000GLDriver
0x000000012bd7d000 	/System/Library/Extensions/AMDRadeonX4000GLDriver.bundle/Contents/MacOS/ATIRadeonX4000SCLib.dylib
0x000000000975e000 	/System/Library/Frameworks/OpenGL.framework/Versions/A/Resources/GLRendererFloat.bundle/GLRendererFloat
0x000000012b3b9000 	/private/var/folders/w8/rhytzkk54lj2ml70451qh5q80000gp/T/lwjglmanukhovanesian/3.1.1-build-16/liblwjgl_opengl.dylib
0x000000012c303000 	/Library/Java/JavaVirtualMachines/jdk1.8.0_112.jdk/Contents/Home/jre/lib/libawt.dylib
0x000000012c3ab000 	/Library/Java/JavaVirtualMachines/jdk1.8.0_112.jdk/Contents/Home/jre/lib/./libmlib_image.dylib
0x000000012c477000 	/Library/Java/JavaVirtualMachines/jdk1.8.0_112.jdk/Contents/Home/jre/lib/libawt_lwawt.dylib
0x000000012c52e000 	/Library/Java/JavaVirtualMachines/jdk1.8.0_112.jdk/Contents/Home/jre/lib/./libosxapp.dylib
0x000000000975e000 	/System/Library/Frameworks/ExceptionHandling.framework/Versions/A/ExceptionHandling
0x000000012c54a000 	/Library/Java/JavaVirtualMachines/jdk1.8.0_112.jdk/Contents/Home/jre/lib/libdcpr.dylib

VM Arguments:
jvm_args: -Djava.awt.headless=true -Didea.launcher.port=7537 -Didea.launcher.bin.path=/Applications/IntelliJ IDEA.app/Contents/bin -Dfile.encoding=UTF-8 
java_command: com.intellij.rt.execution.application.AppMain engine.KamiEngine
java_class_path (initial): /Library/Java/JavaVirtualMachines/jdk1.8.0_112.jdk/Contents/Home/jre/lib/charsets.jar:/Library/Java/JavaVirtualMachines/jdk1.8.0_112.jdk/Contents/Home/jre/lib/deploy.jar:/Library/Java/JavaVirtualMachines/jdk1.8.0_112.jdk/Contents/Home/jre/lib/ext/cldrdata.jar:/Library/Java/JavaVirtualMachines/jdk1.8.0_112.jdk/Contents/Home/jre/lib/ext/dnsns.jar:/Library/Java/JavaVirtualMachines/jdk1.8.0_112.jdk/Contents/Home/jre/lib/ext/jaccess.jar:/Library/Java/JavaVirtualMachines/jdk1.8.0_112.jdk/Contents/Home/jre/lib/ext/jfxrt.jar:/Library/Java/JavaVirtualMachines/jdk1.8.0_112.jdk/Contents/Home/jre/lib/ext/localedata.jar:/Library/Java/JavaVirtualMachines/jdk1.8.0_112.jdk/Contents/Home/jre/lib/ext/nashorn.jar:/Library/Java/JavaVirtualMachines/jdk1.8.0_112.jdk/Contents/Home/jre/lib/ext/sunec.jar:/Library/Java/JavaVirtualMachines/jdk1.8.0_112.jdk/Contents/Home/jre/lib/ext/sunjce_provider.jar:/Library/Java/JavaVirtualMachines/jdk1.8.0_112.jdk/Contents/Home/jre/lib/ext/sunpkcs11.jar:/Library/Java/JavaVirtualMachines/jdk1.8.0_112.jdk/Contents/Home/jre/lib/ext/zipfs.jar:/Library/Java/JavaVirtualMachines/jdk1.8.0_112.jdk/Contents/Home/jre/lib/javaws.jar:/Library/Java/JavaVirtualMachines/jdk1.8.0_112.jdk/Contents/Home/jre/lib/jce.jar:/Library/Java/JavaVirtualMachines/jdk1.8.0_112.jdk/Contents/Home/jre/lib/jfr.jar:/Library/Java/JavaVirtualMachines/jdk1.8.0_112.jdk/Contents/Home/jre/lib/jfxswt.jar:/Library/Java/JavaVirtualMachines/jdk1.8.0_112.jdk/Contents/Home/jre/lib/jsse.jar:/Library/Java/JavaVirtualMachines/jdk1.8.0_112.jdk/Contents/Home/jre/lib/management-agent.jar:/Library/Java/JavaVirtualMachines/jdk1.8.0_112.jdk/Contents/Home/jre/lib/plugin.jar:/Library/Java/JavaVirtualMachines/jdk1.8.0_112.jdk/Contents/Home/jre/lib/resources.jar:/Library/Java/JavaVirtualMachines/jdk1.8.0_112.jdk/Contents/Home/jre/lib/rt.jar:/Library/Java/JavaVirtualMachines/jdk1.8.0_112.jdk/Contents/Home/lib/ant-javafx.jar:/Library/Java/JavaVirtualMachines/jdk1.8.0_112.jdk/Contents/Home
Launcher Type: SUN_STANDARD

Environment Variables:
PATH=/usr/local/bin:/usr/bin:/bin:/usr/sbin:/sbin
SHELL=/bin/bash

Signal Handlers:
SIGSEGV: [libjvm.dylib+0x5b11a5], sa_mask[0]=11111111011111110111111111111111, sa_flags=SA_ONSTACK|SA_RESTART|SA_SIGINFO
SIGBUS: [libjvm.dylib+0x5b11a5], sa_mask[0]=11111111011111110111111111111111, sa_flags=SA_RESTART|SA_SIGINFO
SIGFPE: [libjvm.dylib+0x487dc0], sa_mask[0]=11111111011111110111111111111111, sa_flags=SA_RESTART|SA_SIGINFO
SIGPIPE: [libjvm.dylib+0x487dc0], sa_mask[0]=11111111011111110111111111111111, sa_flags=SA_RESTART|SA_SIGINFO
SIGXFSZ: [libjvm.dylib+0x487dc0], sa_mask[0]=11111111011111110111111111111111, sa_flags=SA_RESTART|SA_SIGINFO
SIGILL: [libjvm.dylib+0x487dc0], sa_mask[0]=11111111011111110111111111111111, sa_flags=SA_RESTART|SA_SIGINFO
SIGUSR1: SIG_DFL, sa_mask[0]=00000000000000000000000000000000, sa_flags=none
SIGUSR2: [libjvm.dylib+0x4878de], sa_mask[0]=00100000000000000000000000000000, sa_flags=SA_RESTART|SA_SIGINFO
SIGHUP: [libjvm.dylib+0x485eb5], sa_mask[0]=11111111011111110111111111111111, sa_flags=SA_RESTART|SA_SIGINFO
SIGINT: [libjvm.dylib+0x485eb5], sa_mask[0]=11111111011111110111111111111111, sa_flags=SA_RESTART|SA_SIGINFO
SIGTERM: [libjvm.dylib+0x485eb5], sa_mask[0]=11111111011111110111111111111111, sa_flags=SA_RESTART|SA_SIGINFO
SIGQUIT: [libjvm.dylib+0x485eb5], sa_mask[0]=11111111011111110111111111111111, sa_flags=SA_RESTART|SA_SIGINFO


---------------  S Y S T E M  ---------------

OS:Bsduname:Darwin 15.6.0 Darwin Kernel Version 15.6.0: Thu Jun 23 18:25:34 PDT 2016; root:xnu-3248.60.10~1/RELEASE_X86_64 x86_64
rlimit: STACK 8192k, CORE 0k, NPROC 709, NOFILE 10240, AS infinity
load average:2.99 2.51 2.20

CPU:total 8 (4 cores per cpu, 2 threads per core) family 6 model 70 stepping 1, cmov, cx8, fxsr, mmx, sse, sse2, sse3, ssse3, sse4.1, sse4.2, popcnt, avx, avx2, aes, clmul, erms, lzcnt, ht, tsc, tscinvbit, bmi1, bmi2

Memory: 4k page, physical 16777216k(1905108k free)

/proc/meminfo:


vm_info: Java HotSpot(TM) 64-Bit Server VM (25.112-b16) for bsd-amd64 JRE (1.8.0_112-b16), built on Sep 30 2016 22:41:41 by "java_re" with gcc 4.2.1 (Based on Apple Inc. build 5658) (LLVM build 2336.11.00)

time: Thu May 18 07:55:29 2017
elapsed time: 3 seconds (0d 0h 0m 3s)

