#
# A fatal error has been detected by the Java Runtime Environment:
#
#  SIGSEGV (0xb) at pc=0x00007fff8e901000, pid=1228, tid=0x0000000000000a0b
#
# JRE version: Java(TM) SE Runtime Environment (8.0_112-b16) (build 1.8.0_112-b16)
# Java VM: Java HotSpot(TM) 64-Bit Server VM (25.112-b16 mixed mode bsd-amd64 compressed oops)
# Problematic frame:
# C  [GLEngine+0x159000]  gleRunVertexSubmitImmediate+0x1c10
#
# Failed to write core dump. Core dumps have been disabled. To enable core dumping, try "ulimit -c unlimited" before starting Java again
#
# If you would like to submit a bug report, please visit:
#   http://bugreport.java.com/bugreport/crash.jsp
# The crash happened outside the Java Virtual Machine in native code.
# See problematic frame for where to report the bug.
#

---------------  T H R E A D  ---------------

Current thread (0x00007ff52480a000):  JavaThread "main" [_thread_in_native, id=2571, stack(0x00007fff50982000,0x00007fff51182000)]

siginfo: si_signo: 11 (SIGSEGV), si_code: 1 (SEGV_MAPERR), si_addr: 0x0000000000000000

Registers:
RAX=0x0000000000000000, RBX=0x00007fff8e90220c, RCX=0x0000000000000006, RDX=0x0000000000000004
RSP=0x00007fff5117ce40, RBP=0x00007fff5117d0d0, RSI=0x0000000013400000, RDI=0x00007fff8e900c9a
R8 =0x0000000006803083, R9 =0x00007ff5217b9600, R10=0x0000000000000004, R11=0x0000000000000006
R12=0x0000000000000034, R13=0x0000000000000000, R14=0x0000000000000000, R15=0x0000000003000000
RIP=0x00007fff8e901000, EFLAGS=0x0000000000010206, ERR=0x0000000000000004
  TRAPNO=0x000000000000000e

Top of Stack: (sp=0x00007fff5117ce40)
0x00007fff5117ce40:   0000000131fc4000 0000000000000002
0x00007fff5117ce50:   00007fff5117cf70 000000012fdebcf3
0x00007fff5117ce60:   00007fff00010000 000000012fdebcbf
0x00007fff5117ce70:   00007ff52171dfc8 0000000000000000
0x00007fff5117ce80:   0000000000000000 000004000ea9ca00
0x00007fff5117ce90:   0000000000000002 00007ff5217b9490
0x00007fff5117cea0:   000123423038d110 0123420100000002
0x00007fff5117ceb0:   00000000fffffffc 00000004000000c8
0x00007fff5117cec0:   0000000000000020 000c000000000000
0x00007fff5117ced0:   0000000000000000 000000000000000c
0x00007fff5117cee0:   00007ff521793d58 0000000000000000
0x00007fff5117cef0:   00007fff5117cf20 00007fff928c2b73
0x00007fff5117cf00:   00007ff5230340e0 00000001230340a0
0x00007fff5117cf10:   00007ff5217b8d40 00007ff5268001a0
0x00007fff5117cf20:   00007ff526800160 00007ff526800180
0x00007fff5117cf30:   00007ff526800150 00007fff5117d068
0x00007fff5117cf40:   00007ff526800190 00007ff526800170
0x00007fff5117cf50:   00007ff526800140 0000000000000000
0x00007fff5117cf60:   0000000000000000 00007ff526800190
0x00007fff5117cf70:   00007ff526800190 0000000000000000
0x00007fff5117cf80:   0000000600000011 0000000000000000
0x00007fff5117cf90:   0000000100000000 0000000000000004
0x00007fff5117cfa0:   0000000000000000 00007ff526800000
0x00007fff5117cfb0:   0000000006106000 00000000ffffffff
0x00007fff5117cfc0:   fffffffe00000001 00007ff5217b9600
0x00007fff5117cfd0:   0000000000000001 0000003401841800
0x00007fff5117cfe0:   00007ff526803da0 00007ff526803fb0
0x00007fff5117cff0:   0000000000000000 0000000000000001
0x00007fff5117d000:   00007ff524123e00 00007ff5217b8d20
0x00007fff5117d010:   0000000000000000 0000000000000000
0x00007fff5117d020:   0000000000000000 0000000000000000
0x00007fff5117d030:   0000000000000000 0000000000000000 

Instructions: (pc=0x00007fff8e901000)
0x00007fff8e900fe0:   08 66 0f 14 c1 0f 5b e0 e9 13 08 00 00 0f 57 d2
0x00007fff8e900ff0:   f3 0f 10 d1 0f 14 e0 66 0f 14 e2 e9 00 08 00 00
0x00007fff8e901000:   66 0f 28 20 e9 f7 07 00 00 0f b7 08 0f b6 40 02
0x00007fff8e901010:   c1 e0 10 09 c8 66 0f 6e d0 66 0f 60 d2 66 0f 61 

Register to memory mapping:

RAX=0x0000000000000000 is an unknown value
RBX=0x00007fff8e90220c: gleRunVertexSubmitImmediate+0x2e1c in /System/Library/Frameworks/OpenGL.framework/Versions/A/Resources/GLEngine.bundle/GLEngine at 0x00007fff8e7a8000
RCX=0x0000000000000006 is an unknown value
RDX=0x0000000000000004 is an unknown value
RSP=0x00007fff5117ce40 is pointing into the stack for thread: 0x00007ff52480a000
RBP=0x00007fff5117d0d0 is pointing into the stack for thread: 0x00007ff52480a000
RSI=0x0000000013400000 is an unknown value
RDI=0x00007fff8e900c9a: gleRunVertexSubmitImmediate+0x18aa in /System/Library/Frameworks/OpenGL.framework/Versions/A/Resources/GLEngine.bundle/GLEngine at 0x00007fff8e7a8000
R8 =0x0000000006803083 is an unknown value
R9 =0x00007ff5217b9600 is an unknown value
R10=0x0000000000000004 is an unknown value
R11=0x0000000000000006 is an unknown value
R12=0x0000000000000034 is an unknown value
R13=0x0000000000000000 is an unknown value
R14=0x0000000000000000 is an unknown value
R15=0x0000000003000000 is an unknown value


Stack: [0x00007fff50982000,0x00007fff51182000],  sp=0x00007fff5117ce40,  free space=8171k
Native frames: (J=compiled Java code, j=interpreted, Vv=VM code, C=native code)
C  [GLEngine+0x159000]  gleRunVertexSubmitImmediate+0x1c10
C  [GLEngine+0x28128]  glDrawArrays_Exec+0x285
j  org.lwjgl.opengl.GL11.nglDrawArrays(III)V+0
j  org.lwjgl.opengl.GL11.glDrawArrays(III)V+3
j  paint.painter.PainterLwjgl.run()V+167
j  engine.KamiEngine.begin()V+257
j  engine.KamiEngine.main([Ljava/lang/String;)V+10
v  ~StubRoutines::call_stub
V  [libjvm.dylib+0x2edbd2]
V  [libjvm.dylib+0x4d28c0]
V  [libjvm.dylib+0x4d2df4]
V  [libjvm.dylib+0x345fb4]
j  sun.reflect.NativeMethodAccessorImpl.invoke0(Ljava/lang/reflect/Method;Ljava/lang/Object;[Ljava/lang/Object;)Ljava/lang/Object;+0
j  sun.reflect.NativeMethodAccessorImpl.invoke(Ljava/lang/Object;[Ljava/lang/Object;)Ljava/lang/Object;+100
j  sun.reflect.DelegatingMethodAccessorImpl.invoke(Ljava/lang/Object;[Ljava/lang/Object;)Ljava/lang/Object;+6
j  java.lang.reflect.Method.invoke(Ljava/lang/Object;[Ljava/lang/Object;)Ljava/lang/Object;+56
j  com.intellij.rt.execution.application.AppMain.main([Ljava/lang/String;)V+170
v  ~StubRoutines::call_stub
V  [libjvm.dylib+0x2edbd2]
V  [libjvm.dylib+0x3249ca]
V  [libjvm.dylib+0x31d741]
C  [java+0x3931]  JavaMain+0x9c4
C  [java+0x5590]  -[JavaLaunchHelper launchJava:]+0x2a
C  [Foundation+0x76fde]  __NSThreadPerformPerform+0x117
C  [CoreFoundation+0xaa881]  __CFRUNLOOP_IS_CALLING_OUT_TO_A_SOURCE0_PERFORM_FUNCTION__+0x11
C  [CoreFoundation+0x89fbc]  __CFRunLoopDoSources0+0x22c
C  [CoreFoundation+0x894df]  __CFRunLoopRun+0x39f
C  [CoreFoundation+0x88ed8]  CFRunLoopRunSpecific+0x128
C  [java+0x6465]  CreateExecutionEnvironment+0x367
C  [java+0x218c]  JLI_Launch+0x7a0
C  [java+0x84c2]  main+0x65
C  [java+0x19e4]  start+0x34
C  0x000000000000000a

Java frames: (J=compiled Java code, j=interpreted, Vv=VM code)
j  org.lwjgl.opengl.GL11.nglDrawArrays(III)V+0
j  org.lwjgl.opengl.GL11.glDrawArrays(III)V+3
j  paint.painter.PainterLwjgl.run()V+167
j  engine.KamiEngine.begin()V+257
j  engine.KamiEngine.main([Ljava/lang/String;)V+10
v  ~StubRoutines::call_stub
j  sun.reflect.NativeMethodAccessorImpl.invoke0(Ljava/lang/reflect/Method;Ljava/lang/Object;[Ljava/lang/Object;)Ljava/lang/Object;+0
j  sun.reflect.NativeMethodAccessorImpl.invoke(Ljava/lang/Object;[Ljava/lang/Object;)Ljava/lang/Object;+100
j  sun.reflect.DelegatingMethodAccessorImpl.invoke(Ljava/lang/Object;[Ljava/lang/Object;)Ljava/lang/Object;+6
j  java.lang.reflect.Method.invoke(Ljava/lang/Object;[Ljava/lang/Object;)Ljava/lang/Object;+56
j  com.intellij.rt.execution.application.AppMain.main([Ljava/lang/String;)V+170
v  ~StubRoutines::call_stub

---------------  P R O C E S S  ---------------

Java Threads: ( => current thread )
  0x00007ff52194b000 JavaThread "Java2D Disposer" daemon [_thread_blocked, id=48663, stack(0x000070000165f000,0x000070000175f000)]
  0x00007ff523867800 JavaThread "Monitor Ctrl-Break" daemon [_thread_in_native, id=21507, stack(0x0000700001456000,0x0000700001556000)]
  0x00007ff524851800 JavaThread "Service Thread" daemon [_thread_blocked, id=20483, stack(0x0000700001250000,0x0000700001350000)]
  0x00007ff524839000 JavaThread "C1 CompilerThread3" daemon [_thread_blocked, id=19971, stack(0x000070000114d000,0x000070000124d000)]
  0x00007ff52182f800 JavaThread "C2 CompilerThread2" daemon [_thread_blocked, id=19459, stack(0x000070000104a000,0x000070000114a000)]
  0x00007ff525803000 JavaThread "C2 CompilerThread1" daemon [_thread_in_native, id=18947, stack(0x0000700000f47000,0x0000700001047000)]
  0x00007ff523837800 JavaThread "C2 CompilerThread0" daemon [_thread_in_native, id=18435, stack(0x0000700000e44000,0x0000700000f44000)]
  0x00007ff523825000 JavaThread "Signal Dispatcher" daemon [_thread_blocked, id=14867, stack(0x0000700000d41000,0x0000700000e41000)]
  0x00007ff52482b800 JavaThread "Finalizer" daemon [_thread_blocked, id=14339, stack(0x0000700000b38000,0x0000700000c38000)]
  0x00007ff524825000 JavaThread "Reference Handler" daemon [_thread_blocked, id=13827, stack(0x0000700000a35000,0x0000700000b35000)]
=>0x00007ff52480a000 JavaThread "main" [_thread_in_native, id=2571, stack(0x00007fff50982000,0x00007fff51182000)]

Other Threads:
  0x00007ff524822800 VMThread [stack: 0x0000700000932000,0x0000700000a32000] [id=13315]
  0x00007ff525801000 WatcherThread [stack: 0x0000700001353000,0x0000700001453000] [id=20995]

VM state:not at safepoint (normal execution)

VM Mutex/Monitor currently owned by a thread: None

Heap:
 PSYoungGen      total 141824K, used 12970K [0x000000076ab00000, 0x0000000774000000, 0x00000007c0000000)
  eden space 131072K, 9% used [0x000000076ab00000,0x000000076b7aa930,0x0000000772b00000)
  from space 10752K, 0% used [0x0000000773580000,0x0000000773580000,0x0000000774000000)
  to   space 10752K, 0% used [0x0000000772b00000,0x0000000772b00000,0x0000000773580000)
 ParOldGen       total 861696K, used 604107K [0x00000006c0000000, 0x00000006f4980000, 0x000000076ab00000)
  object space 861696K, 70% used [0x00000006c0000000,0x00000006e4df2e00,0x00000006f4980000)
 Metaspace       used 8985K, capacity 9191K, committed 9472K, reserved 1058816K
  class space    used 880K, capacity 967K, committed 1024K, reserved 1048576K

Card table byte_map: [0x0000000120162000,0x0000000120963000] byte_map_base: 0x000000011cb62000

Marking Bits: (ParMarkBitMap*) 0x00000001106f0d30
 Begin Bits: [0x0000000120eb9000, 0x0000000124eb9000)
 End Bits:   [0x0000000124eb9000, 0x0000000128eb9000)

Polling page: 0x000000010ed42000

CodeCache: size=245760Kb used=3142Kb max_used=3153Kb free=242617Kb
 bounds [0x0000000110da2000, 0x00000001110c2000, 0x000000011fda2000]
 total_blobs=1653 nmethods=786 adapters=781
 compilation: enabled

Compilation events (10 events):
Event: 1.585 Thread 0x00007ff524839000 nmethod 784% 0x00000001110ac710 code [0x00000001110ac8a0, 0x00000001110acc10]
Event: 1.585 Thread 0x00007ff524839000  785       3       java.util.LinkedList::node (65 bytes)
Event: 1.585 Thread 0x00007ff524839000 nmethod 785 0x00000001110b04d0 code [0x00000001110b0660, 0x00000001110b0970]
Event: 1.585 Thread 0x00007ff52182f800 nmethod 720% 0x00000001110afbd0 code [0x00000001110afd60, 0x00000001110b01d8]
Event: 1.585 Thread 0x00007ff52182f800  786 %     4       java.util.LinkedList::node @ 47 (65 bytes)
Event: 1.586 Thread 0x00007ff52182f800 nmethod 786% 0x00000001110af850 code [0x00000001110af9a0, 0x00000001110afad8]
Event: 1.586 Thread 0x00007ff52182f800  787       4       java.util.LinkedList::node (65 bytes)
Event: 1.588 Thread 0x00007ff52182f800 nmethod 787 0x00000001110af410 code [0x00000001110af560, 0x00000001110af6f8]
Event: 1.597 Thread 0x00007ff52182f800  788       4       java.util.LinkedList::get (14 bytes)
Event: 1.599 Thread 0x00007ff52182f800 nmethod 788 0x00000001110b7ed0 code [0x00000001110b8020, 0x00000001110b8218]

GC Heap History (6 events):
Event: 0.592 GC heap before
{Heap before GC invocations=1 (full 0):
 PSYoungGen      total 76288K, used 65536K [0x000000076ab00000, 0x0000000770000000, 0x00000007c0000000)
  eden space 65536K, 100% used [0x000000076ab00000,0x000000076eb00000,0x000000076eb00000)
  from space 10752K, 0% used [0x000000076f580000,0x000000076f580000,0x0000000770000000)
  to   space 10752K, 0% used [0x000000076eb00000,0x000000076eb00000,0x000000076f580000)
 ParOldGen       total 175104K, used 0K [0x00000006c0000000, 0x00000006cab00000, 0x000000076ab00000)
  object space 175104K, 0% used [0x00000006c0000000,0x00000006c0000000,0x00000006cab00000)
 Metaspace       used 7333K, capacity 7517K, committed 7808K, reserved 1056768K
  class space    used 702K, capacity 772K, committed 896K, reserved 1048576K
Event: 0.622 GC heap after
Heap after GC invocations=1 (full 0):
 PSYoungGen      total 76288K, used 10752K [0x000000076ab00000, 0x0000000774000000, 0x00000007c0000000)
  eden space 65536K, 0% used [0x000000076ab00000,0x000000076ab00000,0x000000076eb00000)
  from space 10752K, 100% used [0x000000076eb00000,0x000000076f580000,0x000000076f580000)
  to   space 10752K, 0% used [0x0000000773580000,0x0000000773580000,0x0000000774000000)
 ParOldGen       total 175104K, used 45469K [0x00000006c0000000, 0x00000006cab00000, 0x000000076ab00000)
  object space 175104K, 25% used [0x00000006c0000000,0x00000006c2c67408,0x00000006cab00000)
 Metaspace       used 7333K, capacity 7517K, committed 7808K, reserved 1056768K
  class space    used 702K, capacity 772K, committed 896K, reserved 1048576K
}
Event: 1.277 GC heap before
{Heap before GC invocations=2 (full 0):
 PSYoungGen      total 76288K, used 76288K [0x000000076ab00000, 0x0000000774000000, 0x00000007c0000000)
  eden space 65536K, 100% used [0x000000076ab00000,0x000000076eb00000,0x000000076eb00000)
  from space 10752K, 100% used [0x000000076eb00000,0x000000076f580000,0x000000076f580000)
  to   space 10752K, 0% used [0x0000000773580000,0x0000000773580000,0x0000000774000000)
 ParOldGen       total 665600K, used 535469K [0x00000006c0000000, 0x00000006e8a00000, 0x000000076ab00000)
  object space 665600K, 80% used [0x00000006c0000000,0x00000006e0aeb418,0x00000006e8a00000)
 Metaspace       used 8952K, capacity 9121K, committed 9216K, reserved 1056768K
  class space    used 877K, capacity 966K, committed 1024K, reserved 1048576K
Event: 1.309 GC heap after
Heap after GC invocations=2 (full 0):
 PSYoungGen      total 141824K, used 10752K [0x000000076ab00000, 0x0000000774000000, 0x00000007c0000000)
  eden space 131072K, 0% used [0x000000076ab00000,0x000000076ab00000,0x0000000772b00000)
  from space 10752K, 100% used [0x0000000773580000,0x0000000774000000,0x0000000774000000)
  to   space 10752K, 0% used [0x0000000772b00000,0x0000000772b00000,0x0000000773580000)
 ParOldGen       total 665600K, used 596525K [0x00000006c0000000, 0x00000006e8a00000, 0x000000076ab00000)
  object space 665600K, 89% used [0x00000006c0000000,0x00000006e468b418,0x00000006e8a00000)
 Metaspace       used 8952K, capacity 9121K, committed 9216K, reserved 1056768K
  class space    used 877K, capacity 966K, committed 1024K, reserved 1048576K
}
Event: 1.309 GC heap before
{Heap before GC invocations=3 (full 1):
 PSYoungGen      total 141824K, used 10752K [0x000000076ab00000, 0x0000000774000000, 0x00000007c0000000)
  eden space 131072K, 0% used [0x000000076ab00000,0x000000076ab00000,0x0000000772b00000)
  from space 10752K, 100% used [0x0000000773580000,0x0000000774000000,0x0000000774000000)
  to   space 10752K, 0% used [0x0000000772b00000,0x0000000772b00000,0x0000000773580000)
 ParOldGen       total 665600K, used 596525K [0x00000006c0000000, 0x00000006e8a00000, 0x000000076ab00000)
  object space 665600K, 89% used [0x00000006c0000000,0x00000006e468b418,0x00000006e8a00000)
 Metaspace       used 8952K, capacity 9121K, committed 9216K, reserved 1056768K
  class space    used 877K, capacity 966K, committed 1024K, reserved 1048576K
Event: 1.537 GC heap after
Heap after GC invocations=3 (full 1):
 PSYoungGen      total 141824K, used 0K [0x000000076ab00000, 0x0000000774000000, 0x00000007c0000000)
  eden space 131072K, 0% used [0x000000076ab00000,0x000000076ab00000,0x0000000772b00000)
  from space 10752K, 0% used [0x0000000773580000,0x0000000773580000,0x0000000774000000)
  to   space 10752K, 0% used [0x0000000772b00000,0x0000000772b00000,0x0000000773580000)
 ParOldGen       total 861696K, used 604107K [0x00000006c0000000, 0x00000006f4980000, 0x000000076ab00000)
  object space 861696K, 70% used [0x00000006c0000000,0x00000006e4df2e00,0x00000006f4980000)
 Metaspace       used 8952K, capacity 9121K, committed 9216K, reserved 1056768K
  class space    used 877K, capacity 966K, committed 1024K, reserved 1048576K
}

Deoptimization events (4 events):
Event: 0.138 Thread 0x00007ff52480a000 Uncommon trap: reason=unstable_if action=reinterpret pc=0x0000000110ec8a68 method=java.lang.String.hashCode()I @ 14
Event: 0.532 Thread 0x00007ff52480a000 Uncommon trap: reason=unstable_if action=reinterpret pc=0x0000000110f3991c method=java.lang.String.replace(CC)Ljava/lang/String; @ 26
Event: 1.538 Thread 0x00007ff52480a000 Uncommon trap: reason=unstable_if action=reinterpret pc=0x000000011108a278 method=terrain.TerrainChunk.getBlock(III)[I @ 7
Event: 1.584 Thread 0x00007ff52480a000 Uncommon trap: reason=unstable_if action=reinterpret pc=0x00000001110acf7c method=java.util.LinkedList.node(I)Ljava/util/LinkedList$Node; @ 7

Internal exceptions (10 events):
Event: 0.224 Thread 0x00007ff52480a000 Exception <a 'java/security/PrivilegedActionException'> (0x000000076b18ea88) thrown at [/Users/java_re/workspace/8-2-build-macosx-x86_64/jdk8u112/7935/hotspot/src/share/vm/prims/jvm.cpp, line 1390]
Event: 0.280 Thread 0x00007ff52480a000 Exception <a 'sun/nio/fs/UnixException'> (0x000000076b32bae0) thrown at [/Users/java_re/workspace/8-2-build-macosx-x86_64/jdk8u112/7935/hotspot/src/share/vm/prims/jni.cpp, line 709]
Event: 0.281 Thread 0x00007ff52480a000 Exception <a 'sun/nio/fs/UnixException'> (0x000000076b32d1e0) thrown at [/Users/java_re/workspace/8-2-build-macosx-x86_64/jdk8u112/7935/hotspot/src/share/vm/prims/jni.cpp, line 709]
Event: 0.281 Thread 0x00007ff52480a000 Exception <a 'sun/nio/fs/UnixException'> (0x000000076b32da50) thrown at [/Users/java_re/workspace/8-2-build-macosx-x86_64/jdk8u112/7935/hotspot/src/share/vm/prims/jni.cpp, line 709]
Event: 0.281 Thread 0x00007ff52480a000 Exception <a 'sun/nio/fs/UnixException'> (0x000000076b32e2d8) thrown at [/Users/java_re/workspace/8-2-build-macosx-x86_64/jdk8u112/7935/hotspot/src/share/vm/prims/jni.cpp, line 709]
Event: 0.281 Thread 0x00007ff52480a000 Exception <a 'sun/nio/fs/UnixException'> (0x000000076b32eb68) thrown at [/Users/java_re/workspace/8-2-build-macosx-x86_64/jdk8u112/7935/hotspot/src/share/vm/prims/jni.cpp, line 709]
Event: 0.281 Thread 0x00007ff52480a000 Exception <a 'sun/nio/fs/UnixException'> (0x000000076b32f2c8) thrown at [/Users/java_re/workspace/8-2-build-macosx-x86_64/jdk8u112/7935/hotspot/src/share/vm/prims/jni.cpp, line 709]
Event: 0.281 Thread 0x00007ff52480a000 Exception <a 'sun/nio/fs/UnixException'> (0x000000076b32f940) thrown at [/Users/java_re/workspace/8-2-build-macosx-x86_64/jdk8u112/7935/hotspot/src/share/vm/prims/jni.cpp, line 709]
Event: 0.921 Thread 0x00007ff52480a000 Exception <a 'java/io/FileNotFoundException'> (0x000000076d9cb978) thrown at [/Users/java_re/workspace/8-2-build-macosx-x86_64/jdk8u112/7935/hotspot/src/share/vm/prims/jni.cpp, line 709]
Event: 0.921 Thread 0x00007ff52480a000 Exception <a 'java/io/FileNotFoundException'> (0x000000076d9cc528) thrown at [/Users/java_re/workspace/8-2-build-macosx-x86_64/jdk8u112/7935/hotspot/src/share/vm/prims/jni.cpp, line 709]

Events (10 events):
Event: 1.588 Thread 0x00007ff52480a000 DEOPT PACKING pc=0x00000001110b089e sp=0x00007fff5117d160
Event: 1.588 Thread 0x00007ff52480a000 DEOPT UNPACKING pc=0x0000000110de9633 sp=0x00007fff5117ce90 mode 0
Event: 1.588 Thread 0x00007ff52480a000 DEOPT PACKING pc=0x00000001110b089e sp=0x00007fff5117d160
Event: 1.588 Thread 0x00007ff52480a000 DEOPT UNPACKING pc=0x0000000110de9633 sp=0x00007fff5117ce90 mode 0
Event: 1.588 Thread 0x00007ff52480a000 DEOPT PACKING pc=0x00000001110b089e sp=0x00007fff5117d160
Event: 1.588 Thread 0x00007ff52480a000 DEOPT UNPACKING pc=0x0000000110de9633 sp=0x00007fff5117ce90 mode 0
Event: 1.588 Thread 0x00007ff52480a000 DEOPT PACKING pc=0x00000001110b089e sp=0x00007fff5117d160
Event: 1.588 Thread 0x00007ff52480a000 DEOPT UNPACKING pc=0x0000000110de9633 sp=0x00007fff5117ce90 mode 0
Event: 1.588 Thread 0x00007ff52480a000 DEOPT PACKING pc=0x00000001110b089e sp=0x00007fff5117d160
Event: 1.588 Thread 0x00007ff52480a000 DEOPT UNPACKING pc=0x0000000110de9633 sp=0x00007fff5117ce90 mode 0


Dynamic libraries:
0x00000000046f5000 	/System/Library/Frameworks/Cocoa.framework/Versions/A/Cocoa
0x00000000046f5000 	/System/Library/Frameworks/Security.framework/Versions/A/Security
0x00000000046f5000 	/System/Library/Frameworks/ApplicationServices.framework/Versions/A/ApplicationServices
0x00000000046f5000 	/usr/lib/libz.1.dylib
0x00000000046f5000 	/usr/lib/libSystem.B.dylib
0x00000000046f5000 	/usr/lib/libobjc.A.dylib
0x00000000046f5000 	/System/Library/Frameworks/CoreFoundation.framework/Versions/A/CoreFoundation
0x00000000046f5000 	/System/Library/Frameworks/Foundation.framework/Versions/C/Foundation
0x00000000046f5000 	/System/Library/Frameworks/AppKit.framework/Versions/C/AppKit
0x00000000046f5000 	/System/Library/Frameworks/CoreData.framework/Versions/A/CoreData
0x00000000046f5000 	/System/Library/PrivateFrameworks/RemoteViewServices.framework/Versions/A/RemoteViewServices
0x00000000046f5000 	/System/Library/PrivateFrameworks/UIFoundation.framework/Versions/A/UIFoundation
0x00000000046f5000 	/usr/lib/libScreenReader.dylib
0x00000000046f5000 	/System/Library/Frameworks/Accelerate.framework/Versions/A/Accelerate
0x00000000046f5000 	/System/Library/Frameworks/IOSurface.framework/Versions/A/IOSurface
0x00000000046f5000 	/System/Library/Frameworks/AudioToolbox.framework/Versions/A/AudioToolbox
0x00000000046f5000 	/System/Library/Frameworks/AudioUnit.framework/Versions/A/AudioUnit
0x00000000046f5000 	/System/Library/PrivateFrameworks/DataDetectorsCore.framework/Versions/A/DataDetectorsCore
0x00000000046f5000 	/System/Library/PrivateFrameworks/DesktopServicesPriv.framework/Versions/A/DesktopServicesPriv
0x00000000046f5000 	/System/Library/Frameworks/Carbon.framework/Versions/A/Frameworks/HIToolbox.framework/Versions/A/HIToolbox
0x00000000046f5000 	/System/Library/Frameworks/QuartzCore.framework/Versions/A/QuartzCore
0x00000000046f5000 	/System/Library/Frameworks/Carbon.framework/Versions/A/Frameworks/SpeechRecognition.framework/Versions/A/SpeechRecognition
0x00000000046f5000 	/usr/lib/libauto.dylib
0x00000000046f5000 	/usr/lib/libicucore.A.dylib
0x00000000046f5000 	/usr/lib/libxml2.2.dylib
0x00000000046f5000 	/System/Library/PrivateFrameworks/CoreUI.framework/Versions/A/CoreUI
0x00000000046f5000 	/System/Library/Frameworks/CoreAudio.framework/Versions/A/CoreAudio
0x00000000046f5000 	/System/Library/Frameworks/DiskArbitration.framework/Versions/A/DiskArbitration
0x00000000046f5000 	/usr/lib/liblangid.dylib
0x00000000046f5000 	/System/Library/PrivateFrameworks/MultitouchSupport.framework/Versions/A/MultitouchSupport
0x00000000046f5000 	/System/Library/Frameworks/IOKit.framework/Versions/A/IOKit
0x00000000046f5000 	/usr/lib/libDiagnosticMessagesClient.dylib
0x00000000046f5000 	/System/Library/Frameworks/CoreServices.framework/Versions/A/CoreServices
0x00000000046f5000 	/System/Library/PrivateFrameworks/PerformanceAnalysis.framework/Versions/A/PerformanceAnalysis
0x00000000046f5000 	/System/Library/PrivateFrameworks/GenerationalStorage.framework/Versions/A/GenerationalStorage
0x00000000046f5000 	/System/Library/Frameworks/OpenGL.framework/Versions/A/OpenGL
0x00000000046f5000 	/System/Library/PrivateFrameworks/Sharing.framework/Versions/A/Sharing
0x00000000046f5000 	/System/Library/Frameworks/CoreGraphics.framework/Versions/A/CoreGraphics
0x00000000046f5000 	/System/Library/Frameworks/CoreImage.framework/Versions/A/CoreImage
0x00000000046f5000 	/System/Library/Frameworks/CoreText.framework/Versions/A/CoreText
0x00000000046f5000 	/System/Library/Frameworks/ImageIO.framework/Versions/A/ImageIO
0x00000000046f5000 	/System/Library/PrivateFrameworks/Backup.framework/Versions/A/Backup
0x00000000046f5000 	/usr/lib/libextension.dylib
0x00000000046f5000 	/usr/lib/libarchive.2.dylib
0x00000000046f5000 	/System/Library/Frameworks/CFNetwork.framework/Versions/A/CFNetwork
0x00000000046f5000 	/System/Library/Frameworks/SystemConfiguration.framework/Versions/A/SystemConfiguration
0x00000000046f5000 	/usr/lib/libCRFSuite.dylib
0x00000000046f5000 	/usr/lib/libc++.1.dylib
0x00000000046f5000 	/usr/lib/libc++abi.dylib
0x00000000046f5000 	/usr/lib/system/libcache.dylib
0x00000000046f5000 	/usr/lib/system/libcommonCrypto.dylib
0x00000000046f5000 	/usr/lib/system/libcompiler_rt.dylib
0x00000000046f5000 	/usr/lib/system/libcopyfile.dylib
0x00000000046f5000 	/usr/lib/system/libcorecrypto.dylib
0x00000000046f5000 	/usr/lib/system/libdispatch.dylib
0x00000000046f5000 	/usr/lib/system/libdyld.dylib
0x00000000046f5000 	/usr/lib/system/libkeymgr.dylib
0x00000000046f5000 	/usr/lib/system/liblaunch.dylib
0x00000000046f5000 	/usr/lib/system/libmacho.dylib
0x00000000046f5000 	/usr/lib/system/libquarantine.dylib
0x00000000046f5000 	/usr/lib/system/libremovefile.dylib
0x00000000046f5000 	/usr/lib/system/libsystem_asl.dylib
0x00000000046f5000 	/usr/lib/system/libsystem_blocks.dylib
0x00000000046f5000 	/usr/lib/system/libsystem_c.dylib
0x00000000046f5000 	/usr/lib/system/libsystem_configuration.dylib
0x00000000046f5000 	/usr/lib/system/libsystem_coreservices.dylib
0x00000000046f5000 	/usr/lib/system/libsystem_coretls.dylib
0x00000000046f5000 	/usr/lib/system/libsystem_dnssd.dylib
0x00000000046f5000 	/usr/lib/system/libsystem_info.dylib
0x00000000046f5000 	/usr/lib/system/libsystem_kernel.dylib
0x00000000046f5000 	/usr/lib/system/libsystem_m.dylib
0x00000000046f5000 	/usr/lib/system/libsystem_malloc.dylib
0x00000000046f5000 	/usr/lib/system/libsystem_network.dylib
0x00000000046f5000 	/usr/lib/system/libsystem_networkextension.dylib
0x00000000046f5000 	/usr/lib/system/libsystem_notify.dylib
0x00000000046f5000 	/usr/lib/system/libsystem_platform.dylib
0x00000000046f5000 	/usr/lib/system/libsystem_pthread.dylib
0x00000000046f5000 	/usr/lib/system/libsystem_sandbox.dylib
0x00000000046f5000 	/usr/lib/system/libsystem_secinit.dylib
0x00000000046f5000 	/usr/lib/system/libsystem_trace.dylib
0x00000000046f5000 	/usr/lib/system/libunc.dylib
0x00000000046f5000 	/usr/lib/system/libunwind.dylib
0x00000000046f5000 	/usr/lib/system/libxpc.dylib
0x00000000046f5000 	/usr/lib/libenergytrace.dylib
0x00000000046f5000 	/usr/lib/libbsm.0.dylib
0x00000000046f5000 	/usr/lib/system/libkxld.dylib
0x00000000046f5000 	/usr/lib/libxar.1.dylib
0x00000000046f5000 	/usr/lib/libsqlite3.dylib
0x00000000046f5000 	/usr/lib/libpam.2.dylib
0x00000000046f5000 	/usr/lib/libOpenScriptingUtil.dylib
0x00000000046f5000 	/usr/lib/libbz2.1.0.dylib
0x00000000046f5000 	/usr/lib/liblzma.5.dylib
0x00000000046f5000 	/System/Library/Frameworks/CoreServices.framework/Versions/A/Frameworks/FSEvents.framework/Versions/A/FSEvents
0x00000000046f5000 	/System/Library/Frameworks/CoreServices.framework/Versions/A/Frameworks/CarbonCore.framework/Versions/A/CarbonCore
0x00000000046f5000 	/System/Library/Frameworks/CoreServices.framework/Versions/A/Frameworks/Metadata.framework/Versions/A/Metadata
0x00000000046f5000 	/System/Library/Frameworks/CoreServices.framework/Versions/A/Frameworks/OSServices.framework/Versions/A/OSServices
0x00000000046f5000 	/System/Library/Frameworks/CoreServices.framework/Versions/A/Frameworks/SearchKit.framework/Versions/A/SearchKit
0x00000000046f5000 	/System/Library/Frameworks/CoreServices.framework/Versions/A/Frameworks/AE.framework/Versions/A/AE
0x00000000046f5000 	/System/Library/Frameworks/CoreServices.framework/Versions/A/Frameworks/LaunchServices.framework/Versions/A/LaunchServices
0x00000000046f5000 	/System/Library/Frameworks/CoreServices.framework/Versions/A/Frameworks/DictionaryServices.framework/Versions/A/DictionaryServices
0x00000000046f5000 	/System/Library/Frameworks/CoreServices.framework/Versions/A/Frameworks/SharedFileList.framework/Versions/A/SharedFileList
0x00000000046f5000 	/System/Library/Frameworks/NetFS.framework/Versions/A/NetFS
0x00000000046f5000 	/System/Library/PrivateFrameworks/NetAuth.framework/Versions/A/NetAuth
0x00000000046f5000 	/System/Library/PrivateFrameworks/login.framework/Versions/A/Frameworks/loginsupport.framework/Versions/A/loginsupport
0x00000000046f5000 	/System/Library/PrivateFrameworks/TCC.framework/Versions/A/TCC
0x00000000046f5000 	/usr/lib/libmecabra.dylib
0x00000000046f5000 	/System/Library/Frameworks/ApplicationServices.framework/Versions/A/Frameworks/ATS.framework/Versions/A/ATS
0x00000000046f5000 	/System/Library/Frameworks/ApplicationServices.framework/Versions/A/Frameworks/ColorSync.framework/Versions/A/ColorSync
0x00000000046f5000 	/System/Library/Frameworks/ApplicationServices.framework/Versions/A/Frameworks/HIServices.framework/Versions/A/HIServices
0x00000000046f5000 	/System/Library/Frameworks/ApplicationServices.framework/Versions/A/Frameworks/LangAnalysis.framework/Versions/A/LangAnalysis
0x00000000046f5000 	/System/Library/Frameworks/ApplicationServices.framework/Versions/A/Frameworks/PrintCore.framework/Versions/A/PrintCore
0x00000000046f5000 	/System/Library/Frameworks/ApplicationServices.framework/Versions/A/Frameworks/QD.framework/Versions/A/QD
0x00000000046f5000 	/System/Library/Frameworks/ApplicationServices.framework/Versions/A/Frameworks/SpeechSynthesis.framework/Versions/A/SpeechSynthesis
0x00000000046f5000 	/System/Library/Frameworks/Metal.framework/Versions/A/Metal
0x00000000046f5000 	/System/Library/Frameworks/Accelerate.framework/Versions/A/Frameworks/vImage.framework/Versions/A/vImage
0x00000000046f5000 	/System/Library/Frameworks/Accelerate.framework/Versions/A/Frameworks/vecLib.framework/Versions/A/vecLib
0x00000000046f5000 	/System/Library/Frameworks/Accelerate.framework/Versions/A/Frameworks/vecLib.framework/Versions/A/libvDSP.dylib
0x00000000046f5000 	/System/Library/Frameworks/Accelerate.framework/Versions/A/Frameworks/vecLib.framework/Versions/A/libvMisc.dylib
0x00000000046f5000 	/System/Library/Frameworks/Accelerate.framework/Versions/A/Frameworks/vecLib.framework/Versions/A/libLAPACK.dylib
0x00000000046f5000 	/System/Library/Frameworks/Accelerate.framework/Versions/A/Frameworks/vecLib.framework/Versions/A/libBLAS.dylib
0x00000000046f5000 	/System/Library/Frameworks/Accelerate.framework/Versions/A/Frameworks/vecLib.framework/Versions/A/libLinearAlgebra.dylib
0x00000000046f5000 	/System/Library/Frameworks/Accelerate.framework/Versions/A/Frameworks/vecLib.framework/Versions/A/libSparseBLAS.dylib
0x00000000046f5000 	/System/Library/PrivateFrameworks/GPUCompiler.framework/libmetal_timestamp.dylib
0x00000000046f5000 	/System/Library/Frameworks/OpenGL.framework/Versions/A/Libraries/libCoreFSCache.dylib
0x00000000046f5000 	/System/Library/PrivateFrameworks/IOAccelerator.framework/Versions/A/IOAccelerator
0x00000000046f5000 	/System/Library/Frameworks/ApplicationServices.framework/Versions/A/Frameworks/ATS.framework/Versions/A/Resources/libFontParser.dylib
0x00000000046f5000 	/System/Library/Frameworks/ApplicationServices.framework/Versions/A/Frameworks/ATS.framework/Versions/A/Resources/libFontRegistry.dylib
0x00000000046f5000 	/System/Library/PrivateFrameworks/AppleVPA.framework/Versions/A/AppleVPA
0x00000000046f5000 	/System/Library/PrivateFrameworks/AppleJPEG.framework/Versions/A/AppleJPEG
0x00000000046f5000 	/System/Library/Frameworks/ImageIO.framework/Versions/A/Resources/libJPEG.dylib
0x00000000046f5000 	/System/Library/Frameworks/ImageIO.framework/Versions/A/Resources/libTIFF.dylib
0x00000000046f5000 	/System/Library/Frameworks/ImageIO.framework/Versions/A/Resources/libPng.dylib
0x00000000046f5000 	/System/Library/Frameworks/ImageIO.framework/Versions/A/Resources/libGIF.dylib
0x00000000046f5000 	/System/Library/Frameworks/ImageIO.framework/Versions/A/Resources/libJP2.dylib
0x00000000046f5000 	/System/Library/Frameworks/ImageIO.framework/Versions/A/Resources/libRadiance.dylib
0x00000000046f5000 	/System/Library/Frameworks/CoreVideo.framework/Versions/A/CoreVideo
0x00000000046f5000 	/System/Library/Frameworks/OpenGL.framework/Versions/A/Libraries/libGLU.dylib
0x00000000046f5000 	/System/Library/Frameworks/OpenGL.framework/Versions/A/Libraries/libGFXShared.dylib
0x00000000046f5000 	/System/Library/Frameworks/OpenGL.framework/Versions/A/Libraries/libGL.dylib
0x00000000046f5000 	/System/Library/Frameworks/OpenGL.framework/Versions/A/Libraries/libGLImage.dylib
0x00000000046f5000 	/System/Library/Frameworks/OpenGL.framework/Versions/A/Libraries/libCVMSPluginSupport.dylib
0x00000000046f5000 	/System/Library/Frameworks/OpenGL.framework/Versions/A/Libraries/libCoreVMClient.dylib
0x00000000046f5000 	/usr/lib/libcompression.dylib
0x00000000046f5000 	/usr/lib/libcups.2.dylib
0x00000000046f5000 	/System/Library/Frameworks/Kerberos.framework/Versions/A/Kerberos
0x00000000046f5000 	/System/Library/Frameworks/GSS.framework/Versions/A/GSS
0x00000000046f5000 	/usr/lib/libresolv.9.dylib
0x00000000046f5000 	/usr/lib/libiconv.2.dylib
0x00000000046f5000 	/System/Library/PrivateFrameworks/Heimdal.framework/Versions/A/Heimdal
0x00000000046f5000 	/usr/lib/libheimdal-asn1.dylib
0x00000000046f5000 	/System/Library/Frameworks/OpenDirectory.framework/Versions/A/OpenDirectory
0x00000000046f5000 	/System/Library/PrivateFrameworks/CommonAuth.framework/Versions/A/CommonAuth
0x00000000046f5000 	/System/Library/Frameworks/OpenDirectory.framework/Versions/A/Frameworks/CFOpenDirectory.framework/Versions/A/CFOpenDirectory
0x00000000046f5000 	/System/Library/Frameworks/SecurityFoundation.framework/Versions/A/SecurityFoundation
0x00000000046f5000 	/System/Library/PrivateFrameworks/LanguageModeling.framework/Versions/A/LanguageModeling
0x00000000046f5000 	/usr/lib/libmarisa.dylib
0x00000000046f5000 	/usr/lib/libChineseTokenizer.dylib
0x00000000046f5000 	/usr/lib/libcmph.dylib
0x00000000046f5000 	/System/Library/Frameworks/ServiceManagement.framework/Versions/A/ServiceManagement
0x00000000046f5000 	/usr/lib/libxslt.1.dylib
0x00000000046f5000 	/System/Library/Frameworks/Carbon.framework/Versions/A/Frameworks/Ink.framework/Versions/A/Ink
0x00000000046f5000 	/usr/lib/libFosl_dynamic.dylib
0x00000000046f5000 	/System/Library/PrivateFrameworks/FaceCore.framework/Versions/A/FaceCore
0x00000000046f5000 	/System/Library/Frameworks/OpenCL.framework/Versions/A/OpenCL
0x00000000046f5000 	/System/Library/PrivateFrameworks/CrashReporterSupport.framework/Versions/A/CrashReporterSupport
0x00000000046f5000 	/System/Library/PrivateFrameworks/IconServices.framework/Versions/A/IconServices
0x00000000046f5000 	/System/Library/PrivateFrameworks/Apple80211.framework/Versions/A/Apple80211
0x00000000046f5000 	/System/Library/Frameworks/CoreWLAN.framework/Versions/A/CoreWLAN
0x00000000046f5000 	/System/Library/Frameworks/IOBluetooth.framework/Versions/A/IOBluetooth
0x00000000046f5000 	/System/Library/PrivateFrameworks/CoreWiFi.framework/Versions/A/CoreWiFi
0x00000000046f5000 	/System/Library/Frameworks/CoreBluetooth.framework/Versions/A/CoreBluetooth
0x00000000046f5000 	/System/Library/PrivateFrameworks/ChunkingLibrary.framework/Versions/A/ChunkingLibrary
0x00000000046f5000 	/System/Library/PrivateFrameworks/DebugSymbols.framework/Versions/A/DebugSymbols
0x00000000046f5000 	/System/Library/PrivateFrameworks/CoreSymbolication.framework/Versions/A/CoreSymbolication
0x00000000046f5000 	/System/Library/PrivateFrameworks/Symbolication.framework/Versions/A/Symbolication
0x00000000046f5000 	/System/Library/PrivateFrameworks/SpeechRecognitionCore.framework/Versions/A/SpeechRecognitionCore
0x000000010fe00000 	/Library/Java/JavaVirtualMachines/jdk1.8.0_112.jdk/Contents/Home/jre/lib/server/libjvm.dylib
0x00000000046f5000 	/usr/lib/libstdc++.6.dylib
0x000000010ecff000 	/Library/Java/JavaVirtualMachines/jdk1.8.0_112.jdk/Contents/Home/jre/lib/libverify.dylib
0x000000010ed0d000 	/Library/Java/JavaVirtualMachines/jdk1.8.0_112.jdk/Contents/Home/jre/lib/libjava.dylib
0x000000010ed4b000 	/Library/Java/JavaVirtualMachines/jdk1.8.0_112.jdk/Contents/Home/jre/lib/libzip.dylib
0x000000012bdbf000 	/System/Library/Frameworks/JavaVM.framework/Frameworks/JavaRuntimeSupport.framework/JavaRuntimeSupport
0x000000012bdda000 	/System/Library/Frameworks/JavaVM.framework/Versions/A/Frameworks/JavaNativeFoundation.framework/Versions/A/JavaNativeFoundation
0x000000010eded000 	/System/Library/Frameworks/JavaVM.framework/Versions/A/JavaVM
0x00000000046f5000 	/System/Library/Frameworks/Carbon.framework/Versions/A/Carbon
0x000000012bdef000 	/System/Library/PrivateFrameworks/JavaLaunching.framework/Versions/A/JavaLaunching
0x00000000046f5000 	/System/Library/Frameworks/Carbon.framework/Versions/A/Frameworks/CommonPanels.framework/Versions/A/CommonPanels
0x00000000046f5000 	/System/Library/Frameworks/Carbon.framework/Versions/A/Frameworks/Help.framework/Versions/A/Help
0x00000000046f5000 	/System/Library/Frameworks/Carbon.framework/Versions/A/Frameworks/ImageCapture.framework/Versions/A/ImageCapture
0x00000000046f5000 	/System/Library/Frameworks/Carbon.framework/Versions/A/Frameworks/OpenScripting.framework/Versions/A/OpenScripting
0x00000000046f5000 	/System/Library/Frameworks/Carbon.framework/Versions/A/Frameworks/Print.framework/Versions/A/Print
0x00000000046f5000 	/System/Library/Frameworks/Carbon.framework/Versions/A/Frameworks/SecurityHI.framework/Versions/A/SecurityHI
0x000000012d896000 	/Applications/IntelliJ IDEA.app/Contents/bin/libbreakgen64.jnilib
0x000000012d899000 	/Library/Java/JavaVirtualMachines/jdk1.8.0_112.jdk/Contents/Home/jre/lib/libnet.dylib
0x000000012d8f8000 	/Library/Java/JavaVirtualMachines/jdk1.8.0_112.jdk/Contents/Home/jre/lib/libnio.dylib
0x000000012d908000 	/private/var/folders/w8/rhytzkk54lj2ml70451qh5q80000gp/T/lwjglmanukhovanesian/3.1.1-build-16/liblwjgl.dylib
0x000000012d92c000 	/var/folders/w8/rhytzkk54lj2ml70451qh5q80000gp/T/lwjglmanukhovanesian/3.1.1-build-16/libjemalloc.dylib
0x000000012d95a000 	/var/folders/w8/rhytzkk54lj2ml70451qh5q80000gp/T/lwjglmanukhovanesian/3.1.1-build-16/libglfw.dylib
0x00000000046f5000 	/System/Library/PrivateFrameworks/CoreServicesInternal.framework/Versions/A/CoreServicesInternal
0x00000000046f5000 	/System/Library/PrivateFrameworks/FamilyControls.framework/Versions/A/FamilyControls
0x00000000046f5000 	/System/Library/PrivateFrameworks/CommerceKit.framework/Versions/A/Frameworks/CommerceCore.framework/Versions/A/CommerceCore
0x00000000046f5000 	/System/Library/PrivateFrameworks/SystemAdministration.framework/Versions/A/SystemAdministration
0x00000000046f5000 	/System/Library/PrivateFrameworks/AppContainer.framework/Versions/A/AppContainer
0x00000000046f5000 	/System/Library/PrivateFrameworks/SecCodeWrapper.framework/Versions/A/SecCodeWrapper
0x00000000046f5000 	/System/Library/Frameworks/DirectoryService.framework/Versions/A/DirectoryService
0x00000000046f5000 	/System/Library/PrivateFrameworks/DiskImages.framework/Versions/A/DiskImages
0x00000000046f5000 	/System/Library/PrivateFrameworks/LoginUIKit.framework/Versions/A/Frameworks/LoginUICore.framework/Versions/A/LoginUICore
0x00000000046f5000 	/usr/lib/libCoreStorage.dylib
0x00000000046f5000 	/usr/lib/libcsfde.dylib
0x00000000046f5000 	/usr/lib/libodfde.dylib
0x00000000046f5000 	/System/Library/Frameworks/DiscRecording.framework/Versions/A/DiscRecording
0x00000000046f5000 	/usr/lib/libcurl.4.dylib
0x00000000046f5000 	/System/Library/PrivateFrameworks/MediaKit.framework/Versions/A/MediaKit
0x00000000046f5000 	/System/Library/PrivateFrameworks/ProtectedCloudStorage.framework/Versions/A/ProtectedCloudStorage
0x00000000046f5000 	/System/Library/PrivateFrameworks/EFILogin.framework/Versions/A/EFILogin
0x00000000046f5000 	/usr/lib/libutil.dylib
0x00000000046f5000 	/System/Library/PrivateFrameworks/FindMyDevice.framework/Versions/A/FindMyDevice
0x00000000046f5000 	/System/Library/Frameworks/LDAP.framework/Versions/A/LDAP
0x00000000046f5000 	/usr/lib/libsasl2.2.dylib
0x00000000046f5000 	/System/Library/PrivateFrameworks/CoreDaemon.framework/Versions/B/CoreDaemon
0x00000000046f5000 	/usr/lib/libcrypto.0.9.8.dylib
0x00000000046f5000 	/System/Library/PrivateFrameworks/AppleSRP.framework/Versions/A/AppleSRP
0x00000000046f5000 	/System/Library/PrivateFrameworks/TrustEvaluationAgent.framework/Versions/A/TrustEvaluationAgent
0x00000000046f5000 	/System/Library/Frameworks/CoreGraphics.framework/Versions/A/Resources/libCGXType.A.dylib
0x00000000046f5000 	/System/Library/Frameworks/OpenGL.framework/Versions/A/Resources/GLEngine.bundle/GLEngine
0x00000000046f5000 	/System/Library/Frameworks/OpenGL.framework/Versions/A/Libraries/libGLProgrammability.dylib
0x000000012f608000 	/System/Library/Extensions/AppleIntelHD5000GraphicsGLDriver.bundle/Contents/MacOS/AppleIntelHD5000GraphicsGLDriver
0x00000000046f5000 	/System/Library/PrivateFrameworks/GPUSupport.framework/Versions/A/Libraries/libGPUSupportMercury.dylib
0x000000012fd5b000 	/System/Library/Extensions/AMDRadeonX4000GLDriver.bundle/Contents/MacOS/AMDRadeonX4000GLDriver
0x000000012fe27000 	/System/Library/Extensions/AMDRadeonX4000GLDriver.bundle/Contents/MacOS/ATIRadeonX4000SCLib.dylib
0x00000000046f5000 	/System/Library/Frameworks/OpenGL.framework/Versions/A/Resources/GLRendererFloat.bundle/GLRendererFloat
0x00000000046f5000 	/System/Library/Frameworks/OpenCL.framework/Versions/A/Libraries/libcldcpuengine.dylib
0x00000001317fd000 	/private/var/folders/w8/rhytzkk54lj2ml70451qh5q80000gp/T/lwjglmanukhovanesian/3.1.1-build-16/liblwjgl_opengl.dylib
0x00000001319a4000 	/Library/Java/JavaVirtualMachines/jdk1.8.0_112.jdk/Contents/Home/jre/lib/libawt.dylib
0x0000000131a4c000 	/Library/Java/JavaVirtualMachines/jdk1.8.0_112.jdk/Contents/Home/jre/lib/./libmlib_image.dylib
0x0000000131b18000 	/Library/Java/JavaVirtualMachines/jdk1.8.0_112.jdk/Contents/Home/jre/lib/libawt_lwawt.dylib
0x0000000131bcf000 	/Library/Java/JavaVirtualMachines/jdk1.8.0_112.jdk/Contents/Home/jre/lib/./libosxapp.dylib
0x00000000046f5000 	/System/Library/Frameworks/ExceptionHandling.framework/Versions/A/ExceptionHandling
0x0000000131beb000 	/Library/Java/JavaVirtualMachines/jdk1.8.0_112.jdk/Contents/Home/jre/lib/libdcpr.dylib

VM Arguments:
jvm_args: -Djava.awt.headless=true -Didea.launcher.port=7532 -Didea.launcher.bin.path=/Applications/IntelliJ IDEA.app/Contents/bin -Dfile.encoding=UTF-8 
java_command: com.intellij.rt.execution.application.AppMain engine.KamiEngine
java_class_path (initial): /Library/Java/JavaVirtualMachines/jdk1.8.0_112.jdk/Contents/Home/jre/lib/charsets.jar:/Library/Java/JavaVirtualMachines/jdk1.8.0_112.jdk/Contents/Home/jre/lib/deploy.jar:/Library/Java/JavaVirtualMachines/jdk1.8.0_112.jdk/Contents/Home/jre/lib/ext/cldrdata.jar:/Library/Java/JavaVirtualMachines/jdk1.8.0_112.jdk/Contents/Home/jre/lib/ext/dnsns.jar:/Library/Java/JavaVirtualMachines/jdk1.8.0_112.jdk/Contents/Home/jre/lib/ext/jaccess.jar:/Library/Java/JavaVirtualMachines/jdk1.8.0_112.jdk/Contents/Home/jre/lib/ext/jfxrt.jar:/Library/Java/JavaVirtualMachines/jdk1.8.0_112.jdk/Contents/Home/jre/lib/ext/localedata.jar:/Library/Java/JavaVirtualMachines/jdk1.8.0_112.jdk/Contents/Home/jre/lib/ext/nashorn.jar:/Library/Java/JavaVirtualMachines/jdk1.8.0_112.jdk/Contents/Home/jre/lib/ext/sunec.jar:/Library/Java/JavaVirtualMachines/jdk1.8.0_112.jdk/Contents/Home/jre/lib/ext/sunjce_provider.jar:/Library/Java/JavaVirtualMachines/jdk1.8.0_112.jdk/Contents/Home/jre/lib/ext/sunpkcs11.jar:/Library/Java/JavaVirtualMachines/jdk1.8.0_112.jdk/Contents/Home/jre/lib/ext/zipfs.jar:/Library/Java/JavaVirtualMachines/jdk1.8.0_112.jdk/Contents/Home/jre/lib/javaws.jar:/Library/Java/JavaVirtualMachines/jdk1.8.0_112.jdk/Contents/Home/jre/lib/jce.jar:/Library/Java/JavaVirtualMachines/jdk1.8.0_112.jdk/Contents/Home/jre/lib/jfr.jar:/Library/Java/JavaVirtualMachines/jdk1.8.0_112.jdk/Contents/Home/jre/lib/jfxswt.jar:/Library/Java/JavaVirtualMachines/jdk1.8.0_112.jdk/Contents/Home/jre/lib/jsse.jar:/Library/Java/JavaVirtualMachines/jdk1.8.0_112.jdk/Contents/Home/jre/lib/management-agent.jar:/Library/Java/JavaVirtualMachines/jdk1.8.0_112.jdk/Contents/Home/jre/lib/plugin.jar:/Library/Java/JavaVirtualMachines/jdk1.8.0_112.jdk/Contents/Home/jre/lib/resources.jar:/Library/Java/JavaVirtualMachines/jdk1.8.0_112.jdk/Contents/Home/jre/lib/rt.jar:/Library/Java/JavaVirtualMachines/jdk1.8.0_112.jdk/Contents/Home/lib/ant-javafx.jar:/Library/Java/JavaVirtualMachines/jdk1.8.0_112.jdk/Contents/Home
Launcher Type: SUN_STANDARD

Environment Variables:
PATH=/usr/local/bin:/usr/bin:/bin:/usr/sbin:/sbin
SHELL=/bin/bash

Signal Handlers:
SIGSEGV: [libjvm.dylib+0x5b11a5], sa_mask[0]=11111111011111110111111111111111, sa_flags=SA_ONSTACK|SA_RESTART|SA_SIGINFO
SIGBUS: [libjvm.dylib+0x5b11a5], sa_mask[0]=11111111011111110111111111111111, sa_flags=SA_RESTART|SA_SIGINFO
SIGFPE: [libjvm.dylib+0x487dc0], sa_mask[0]=11111111011111110111111111111111, sa_flags=SA_RESTART|SA_SIGINFO
SIGPIPE: [libjvm.dylib+0x487dc0], sa_mask[0]=11111111011111110111111111111111, sa_flags=SA_RESTART|SA_SIGINFO
SIGXFSZ: [libjvm.dylib+0x487dc0], sa_mask[0]=11111111011111110111111111111111, sa_flags=SA_RESTART|SA_SIGINFO
SIGILL: [libjvm.dylib+0x487dc0], sa_mask[0]=11111111011111110111111111111111, sa_flags=SA_RESTART|SA_SIGINFO
SIGUSR1: SIG_DFL, sa_mask[0]=00000000000000000000000000000000, sa_flags=none
SIGUSR2: [libjvm.dylib+0x4878de], sa_mask[0]=00100000000000000000000000000000, sa_flags=SA_RESTART|SA_SIGINFO
SIGHUP: [libjvm.dylib+0x485eb5], sa_mask[0]=11111111011111110111111111111111, sa_flags=SA_RESTART|SA_SIGINFO
SIGINT: [libjvm.dylib+0x485eb5], sa_mask[0]=11111111011111110111111111111111, sa_flags=SA_RESTART|SA_SIGINFO
SIGTERM: [libjvm.dylib+0x485eb5], sa_mask[0]=11111111011111110111111111111111, sa_flags=SA_RESTART|SA_SIGINFO
SIGQUIT: [libjvm.dylib+0x485eb5], sa_mask[0]=11111111011111110111111111111111, sa_flags=SA_RESTART|SA_SIGINFO


---------------  S Y S T E M  ---------------

OS:Bsduname:Darwin 15.6.0 Darwin Kernel Version 15.6.0: Thu Jun 23 18:25:34 PDT 2016; root:xnu-3248.60.10~1/RELEASE_X86_64 x86_64
rlimit: STACK 8192k, CORE 0k, NPROC 709, NOFILE 10240, AS infinity
load average:2.36 1.70 1.73

CPU:total 8 (4 cores per cpu, 2 threads per core) family 6 model 70 stepping 1, cmov, cx8, fxsr, mmx, sse, sse2, sse3, ssse3, sse4.1, sse4.2, popcnt, avx, avx2, aes, clmul, erms, lzcnt, ht, tsc, tscinvbit, bmi1, bmi2

Memory: 4k page, physical 16777216k(2937600k free)

/proc/meminfo:


vm_info: Java HotSpot(TM) 64-Bit Server VM (25.112-b16) for bsd-amd64 JRE (1.8.0_112-b16), built on Sep 30 2016 22:41:41 by "java_re" with gcc 4.2.1 (Based on Apple Inc. build 5658) (LLVM build 2336.11.00)

time: Tue May 16 21:17:20 2017
elapsed time: 1 seconds (0d 0h 0m 1s)

