#
# A fatal error has been detected by the Java Runtime Environment:
#
#  SIGSEGV (0xb) at pc=0x00007fff92c897c8, pid=17821, tid=0x0000000000000a0b
#
# JRE version: Java(TM) SE Runtime Environment (8.0_112-b16) (build 1.8.0_112-b16)
# Java VM: Java HotSpot(TM) 64-Bit Server VM (25.112-b16 mixed mode bsd-amd64 compressed oops)
# Problematic frame:
# C  [GLEngine+0x1587c8]  gleRunVertexSubmitImmediate+0x13d8
#
# Failed to write core dump. Core dumps have been disabled. To enable core dumping, try "ulimit -c unlimited" before starting Java again
#
# If you would like to submit a bug report, please visit:
#   http://bugreport.java.com/bugreport/crash.jsp
# The crash happened outside the Java Virtual Machine in native code.
# See problematic frame for where to report the bug.
#

---------------  T H R E A D  ---------------

Current thread (0x00007f8d34001000):  JavaThread "main" [_thread_in_native, id=2571, stack(0x00007fff56883000,0x00007fff57083000)]

siginfo: si_signo: 11 (SIGSEGV), si_code: 1 (SEGV_MAPERR), si_addr: 0x0000000000000000

Registers:
RAX=0x0000000000000000, RBX=0x0000000000000001, RCX=0x00007fff92c897c8, RDX=0x00007fff92c8b2ec
RSP=0x00007fff5707de90, RBP=0x00007fff5707e120, RSI=0x00007fff92c8979f, RDI=0x00007fff92c8b1ec
R8 =0x0000000106401083, R9 =0x00007f8d31c91b60, R10=0x0000000000000002, R11=0x0000000000000005
R12=0x0000000000000832, R13=0x0000000000000000, R14=0x0000000000000000, R15=0x0000000000000106
RIP=0x00007fff92c897c8, EFLAGS=0x0000000000010213, ERR=0x0000000000000004
  TRAPNO=0x000000000000000e

Top of Stack: (sp=0x00007fff5707de90)
0x00007fff5707de90:   000000012bdef000 0000000000000002
0x00007fff5707dea0:   00007fff5707dfc0 000000012b5b8cf3
0x00007fff5707deb0:   00007fff00010000 000000012b5b8cbf
0x00007fff5707dec0:   00007f8d31c913e8 0000000000000000
0x00007fff5707ded0:   0000000000003c00 0000040008b9ba00
0x00007fff5707dee0:   0000000000000002 00007f8d31c91990
0x00007fff5707def0:   000123422a175110 0123420100000002
0x00007fff5707df00:   00000000fffffffc 00000004000000c8
0x00007fff5707df10:   0000000000000020 000c000000000000
0x00007fff5707df20:   0000000000000000 000000000000000c
0x00007fff5707df30:   00007f8d31c91a58 0000000000000000
0x00007fff5707df40:   00007fff5707df70 00007fff96c4bb73
0x00007fff5707df50:   00007f8d31d57920 0000000131d578e0
0x00007fff5707df60:   00007f8d31c911c0 00007f8d370001a0
0x00007fff5707df70:   00007f8d37000160 00007f8d37000180
0x00007fff5707df80:   00007f8d37000150 00007fff5707e0b8
0x00007fff5707df90:   00007f8d37000190 00007f8d37000170
0x00007fff5707dfa0:   00007f8d37000140 0000000000000000
0x00007fff5707dfb0:   0000000000000000 00007f8d37000190
0x00007fff5707dfc0:   00007f8d37000190 0000000000000000
0x00007fff5707dfd0:   0000000600000011 0000000000000000
0x00007fff5707dfe0:   0000000100000000 0000000000000002
0x00007fff5707dff0:   0000000000000000 00007f8d37000000
0x00007fff5707e000:   0000000002106000 00000000ffffffff
0x00007fff5707e010:   fffffffe00000001 00007f8d31c91b60
0x00007fff5707e020:   0000000000000001 0000083200841800
0x00007fff5707e030:   00007f8d37003da0 00007f8d37003fb0
0x00007fff5707e040:   0000000000000000 0000000000000001
0x00007fff5707e050:   00007f8d3490d600 00007f8d31c911a0
0x00007fff5707e060:   0000000000000000 0000000000000000
0x00007fff5707e070:   0000000000000000 0000000000000000
0x00007fff5707e080:   0000000000000000 0000000000000000 

Instructions: (pc=0x00007fff92c897c8)
0x00007fff92c897a8:   c8 fe ff ff 8d 49 ff 83 f9 03 0f 87 48 10 00 00
0x00007fff92c897b8:   48 8d 15 2d 1b 00 00 48 63 0c 8a 48 01 d1 ff e1
0x00007fff92c897c8:   48 8b 00 48 89 85 a0 fe ff ff 48 89 45 80 e9 25
0x00007fff92c897d8:   10 00 00 49 c1 e7 17 41 81 e7 00 00 80 0f 48 8b 

Register to memory mapping:

RAX=0x0000000000000000 is an unknown value
RBX=0x0000000000000001 is an unknown value
RCX=0x00007fff92c897c8: gleRunVertexSubmitImmediate+0x13d8 in /System/Library/Frameworks/OpenGL.framework/Versions/A/Resources/GLEngine.bundle/GLEngine at 0x00007fff92b31000
RDX=0x00007fff92c8b2ec: gleRunVertexSubmitImmediate+0x2efc in /System/Library/Frameworks/OpenGL.framework/Versions/A/Resources/GLEngine.bundle/GLEngine at 0x00007fff92b31000
RSP=0x00007fff5707de90 is pointing into the stack for thread: 0x00007f8d34001000
RBP=0x00007fff5707e120 is pointing into the stack for thread: 0x00007f8d34001000
RSI=0x00007fff92c8979f: gleRunVertexSubmitImmediate+0x13af in /System/Library/Frameworks/OpenGL.framework/Versions/A/Resources/GLEngine.bundle/GLEngine at 0x00007fff92b31000
RDI=0x00007fff92c8b1ec: gleRunVertexSubmitImmediate+0x2dfc in /System/Library/Frameworks/OpenGL.framework/Versions/A/Resources/GLEngine.bundle/GLEngine at 0x00007fff92b31000
R8 =0x0000000106401083 is an unknown value
R9 =0x00007f8d31c91b60 is an unknown value
R10=0x0000000000000002 is an unknown value
R11=0x0000000000000005 is an unknown value
R12=0x0000000000000832 is an unknown value
R13=0x0000000000000000 is an unknown value
R14=0x0000000000000000 is an unknown value
R15=0x0000000000000106 is an unknown value


Stack: [0x00007fff56883000,0x00007fff57083000],  sp=0x00007fff5707de90,  free space=8171k
Native frames: (J=compiled Java code, j=interpreted, Vv=VM code, C=native code)
C  [GLEngine+0x1587c8]  gleRunVertexSubmitImmediate+0x13d8
C  [GLEngine+0x28128]  glDrawArrays_Exec+0x285
j  org.lwjgl.opengl.GL11.nglDrawArrays(III)V+0
j  org.lwjgl.opengl.GL11.glDrawArrays(III)V+3
j  paint.painter.PainterLwjgl.run()V+131
j  engine.KamiEngine.begin()V+257
j  engine.KamiEngine.main([Ljava/lang/String;)V+10
v  ~StubRoutines::call_stub
V  [libjvm.dylib+0x2edbd2]  JavaCalls::call_helper(JavaValue*, methodHandle*, JavaCallArguments*, Thread*)+0x6ae
V  [libjvm.dylib+0x4d28c0]  Reflection::invoke(instanceKlassHandle, methodHandle, Handle, bool, objArrayHandle, BasicType, objArrayHandle, bool, Thread*)+0xe12
V  [libjvm.dylib+0x4d2df4]  Reflection::invoke_method(oopDesc*, Handle, objArrayHandle, Thread*)+0x16c
V  [libjvm.dylib+0x345fb4]  JVM_InvokeMethod+0x166
j  sun.reflect.NativeMethodAccessorImpl.invoke0(Ljava/lang/reflect/Method;Ljava/lang/Object;[Ljava/lang/Object;)Ljava/lang/Object;+0
j  sun.reflect.NativeMethodAccessorImpl.invoke(Ljava/lang/Object;[Ljava/lang/Object;)Ljava/lang/Object;+100
j  sun.reflect.DelegatingMethodAccessorImpl.invoke(Ljava/lang/Object;[Ljava/lang/Object;)Ljava/lang/Object;+6
j  java.lang.reflect.Method.invoke(Ljava/lang/Object;[Ljava/lang/Object;)Ljava/lang/Object;+56
j  com.intellij.rt.execution.application.AppMain.main([Ljava/lang/String;)V+170
v  ~StubRoutines::call_stub
V  [libjvm.dylib+0x2edbd2]  JavaCalls::call_helper(JavaValue*, methodHandle*, JavaCallArguments*, Thread*)+0x6ae
V  [libjvm.dylib+0x3249ca]  jni_invoke_static(JNIEnv_*, JavaValue*, _jobject*, JNICallType, _jmethodID*, JNI_ArgumentPusher*, Thread*)+0x1bf
V  [libjvm.dylib+0x31d741]  jni_CallStaticVoidMethod+0x15d
C  [java+0x3931]  JavaMain+0x9c4
C  [java+0x5590]  -[JavaLaunchHelper launchJava:]+0x2a
C  [Foundation+0x76fde]  __NSThreadPerformPerform+0x117
C  [CoreFoundation+0xaa881]  __CFRUNLOOP_IS_CALLING_OUT_TO_A_SOURCE0_PERFORM_FUNCTION__+0x11
C  [CoreFoundation+0x89fbc]  __CFRunLoopDoSources0+0x22c
C  [CoreFoundation+0x894df]  __CFRunLoopRun+0x39f
C  [CoreFoundation+0x88ed8]  CFRunLoopRunSpecific+0x128
C  [java+0x6465]  CreateExecutionEnvironment+0x367
C  [java+0x218c]  JLI_Launch+0x7a0
C  [java+0x84c2]  main+0x65
C  [java+0x19e4]  start+0x34
C  0x000000000000000a

Java frames: (J=compiled Java code, j=interpreted, Vv=VM code)
j  org.lwjgl.opengl.GL11.nglDrawArrays(III)V+0
j  org.lwjgl.opengl.GL11.glDrawArrays(III)V+3
j  paint.painter.PainterLwjgl.run()V+131
j  engine.KamiEngine.begin()V+257
j  engine.KamiEngine.main([Ljava/lang/String;)V+10
v  ~StubRoutines::call_stub
j  sun.reflect.NativeMethodAccessorImpl.invoke0(Ljava/lang/reflect/Method;Ljava/lang/Object;[Ljava/lang/Object;)Ljava/lang/Object;+0
j  sun.reflect.NativeMethodAccessorImpl.invoke(Ljava/lang/Object;[Ljava/lang/Object;)Ljava/lang/Object;+100
j  sun.reflect.DelegatingMethodAccessorImpl.invoke(Ljava/lang/Object;[Ljava/lang/Object;)Ljava/lang/Object;+6
j  java.lang.reflect.Method.invoke(Ljava/lang/Object;[Ljava/lang/Object;)Ljava/lang/Object;+56
j  com.intellij.rt.execution.application.AppMain.main([Ljava/lang/String;)V+170
v  ~StubRoutines::call_stub

---------------  P R O C E S S  ---------------

Java Threads: ( => current thread )
  0x00007f8d33160800 JavaThread "Java2D Disposer" daemon [_thread_blocked, id=60431, stack(0x00007000018ee000,0x00007000019ee000)]
  0x00007f8d3580c800 JavaThread "Monitor Ctrl-Break" daemon [_thread_in_native, id=21251, stack(0x00007000013d3000,0x00007000014d3000)]
  0x00007f8d3282d800 JavaThread "Service Thread" daemon [_thread_blocked, id=20227, stack(0x00007000011cd000,0x00007000012cd000)]
  0x00007f8d3282b000 JavaThread "C1 CompilerThread3" daemon [_thread_blocked, id=19715, stack(0x00007000010ca000,0x00007000011ca000)]
  0x00007f8d3282a000 JavaThread "C2 CompilerThread2" daemon [_thread_in_native, id=19203, stack(0x0000700000fc7000,0x00007000010c7000)]
  0x00007f8d32821800 JavaThread "C2 CompilerThread1" daemon [_thread_in_native, id=18691, stack(0x0000700000ec4000,0x0000700000fc4000)]
  0x00007f8d32800000 JavaThread "C2 CompilerThread0" daemon [_thread_in_native, id=18179, stack(0x0000700000dc1000,0x0000700000ec1000)]
  0x00007f8d35004000 JavaThread "Signal Dispatcher" daemon [_thread_blocked, id=15887, stack(0x0000700000cbe000,0x0000700000dbe000)]
  0x00007f8d34814000 JavaThread "Finalizer" daemon [_thread_blocked, id=14339, stack(0x0000700000b38000,0x0000700000c38000)]
  0x00007f8d34811000 JavaThread "Reference Handler" daemon [_thread_blocked, id=13827, stack(0x0000700000a35000,0x0000700000b35000)]
=>0x00007f8d34001000 JavaThread "main" [_thread_in_native, id=2571, stack(0x00007fff56883000,0x00007fff57083000)]

Other Threads:
  0x00007f8d3300e000 VMThread [stack: 0x0000700000932000,0x0000700000a32000] [id=13315]
  0x00007f8d3301c000 WatcherThread [stack: 0x00007000012d0000,0x00007000013d0000] [id=20739]

VM state:not at safepoint (normal execution)

VM Mutex/Monitor currently owned by a thread: None

Heap:
 PSYoungGen      total 76288K, used 14246K [0x000000076ab00000, 0x0000000774000000, 0x00000007c0000000)
  eden space 65536K, 21% used [0x000000076ab00000,0x000000076b8e9988,0x000000076eb00000)
  from space 10752K, 0% used [0x000000076f580000,0x000000076f580000,0x0000000770000000)
  to   space 10752K, 0% used [0x000000076eb00000,0x000000076eb00000,0x000000076f580000)
 ParOldGen       total 855040K, used 604326K [0x00000006c0000000, 0x00000006f4300000, 0x000000076ab00000)
  object space 855040K, 70% used [0x00000006c0000000,0x00000006e4e29ab0,0x00000006f4300000)
 Metaspace       used 9032K, capacity 9199K, committed 9472K, reserved 1058816K
  class space    used 881K, capacity 967K, committed 1024K, reserved 1048576K

Card table byte_map: [0x000000011a1c0000,0x000000011a9c1000] byte_map_base: 0x0000000116bc0000

Marking Bits: (ParMarkBitMap*) 0x00000001096e9d30
 Begin Bits: [0x000000011af17000, 0x000000011ef17000)
 End Bits:   [0x000000011ef17000, 0x0000000122f17000)

Polling page: 0x0000000109de3000

CodeCache: size=245760Kb used=3110Kb max_used=3117Kb free=242649Kb
 bounds [0x000000010ae00000, 0x000000010b110000, 0x0000000119e00000]
 total_blobs=1612 nmethods=744 adapters=782
 compilation: enabled

Compilation events (10 events):
Event: 3.755 Thread 0x00007f8d3282b000  744       3       list.LList$LListReverseIterator::next (5 bytes)
Event: 3.755 Thread 0x00007f8d3282b000 nmethod 744 0x000000010b104890 code [0x000000010b104a00, 0x000000010b104c70]
Event: 3.757 Thread 0x00007f8d3282a000 nmethod 706% 0x000000010b106ed0 code [0x000000010b107180, 0x000000010b108698]
Event: 3.757 Thread 0x00007f8d3282a000  737       4       camera.Camera::inView (117 bytes)
Event: 3.761 Thread 0x00007f8d3282a000 nmethod 737 0x000000010b1056d0 code [0x000000010b105840, 0x000000010b105c98]
Event: 3.761 Thread 0x00007f8d3282a000  731       4       engine.Math3D::dotProductUnormalized (16 bytes)
Event: 3.761 Thread 0x00007f8d3282a000 nmethod 731 0x000000010b1054d0 code [0x000000010b105600, 0x000000010b105658]
Event: 3.761 Thread 0x00007f8d3282a000  733       4       engine.Math3D::dotProduct (40 bytes)
Event: 3.762 Thread 0x00007f8d3282a000 nmethod 733 0x000000010b105290 code [0x000000010b1053c0, 0x000000010b105458]
Event: 3.762 Thread 0x00007f8d3282a000  741       4       shapes.StaticCube::getSurfaces (100 bytes)

GC Heap History (6 events):
Event: 2.822 GC heap before
{Heap before GC invocations=1 (full 0):
 PSYoungGen      total 76288K, used 65536K [0x000000076ab00000, 0x0000000770000000, 0x00000007c0000000)
  eden space 65536K, 100% used [0x000000076ab00000,0x000000076eb00000,0x000000076eb00000)
  from space 10752K, 0% used [0x000000076f580000,0x000000076f580000,0x0000000770000000)
  to   space 10752K, 0% used [0x000000076eb00000,0x000000076eb00000,0x000000076f580000)
 ParOldGen       total 175104K, used 0K [0x00000006c0000000, 0x00000006cab00000, 0x000000076ab00000)
  object space 175104K, 0% used [0x00000006c0000000,0x00000006c0000000,0x00000006cab00000)
 Metaspace       used 7331K, capacity 7463K, committed 7808K, reserved 1056768K
  class space    used 704K, capacity 773K, committed 896K, reserved 1048576K
Event: 2.851 GC heap after
Heap after GC invocations=1 (full 0):
 PSYoungGen      total 76288K, used 10720K [0x000000076ab00000, 0x0000000770000000, 0x00000007c0000000)
  eden space 65536K, 0% used [0x000000076ab00000,0x000000076ab00000,0x000000076eb00000)
  from space 10752K, 99% used [0x000000076eb00000,0x000000076f578020,0x000000076f580000)
  to   space 10752K, 0% used [0x000000076f580000,0x000000076f580000,0x0000000770000000)
 ParOldGen       total 175104K, used 45613K [0x00000006c0000000, 0x00000006cab00000, 0x000000076ab00000)
  object space 175104K, 26% used [0x00000006c0000000,0x00000006c2c8b7d8,0x00000006cab00000)
 Metaspace       used 7331K, capacity 7463K, committed 7808K, reserved 1056768K
  class space    used 704K, capacity 773K, committed 896K, reserved 1048576K
}
Event: 3.454 GC heap before
{Heap before GC invocations=2 (full 0):
 PSYoungGen      total 76288K, used 76256K [0x000000076ab00000, 0x0000000770000000, 0x00000007c0000000)
  eden space 65536K, 100% used [0x000000076ab00000,0x000000076eb00000,0x000000076eb00000)
  from space 10752K, 99% used [0x000000076eb00000,0x000000076f578020,0x000000076f580000)
  to   space 10752K, 0% used [0x000000076f580000,0x000000076f580000,0x0000000770000000)
 ParOldGen       total 665600K, used 535613K [0x00000006c0000000, 0x00000006e8a00000, 0x000000076ab00000)
  object space 665600K, 80% used [0x00000006c0000000,0x00000006e0b0f7e8,0x00000006e8a00000)
 Metaspace       used 8931K, capacity 9129K, committed 9216K, reserved 1056768K
  class space    used 878K, capacity 966K, committed 1024K, reserved 1048576K
Event: 3.488 GC heap after
Heap after GC invocations=2 (full 0):
 PSYoungGen      total 76288K, used 10736K [0x000000076ab00000, 0x0000000774000000, 0x00000007c0000000)
  eden space 65536K, 0% used [0x000000076ab00000,0x000000076ab00000,0x000000076eb00000)
  from space 10752K, 99% used [0x000000076f580000,0x000000076fffc010,0x0000000770000000)
  to   space 10752K, 0% used [0x000000076eb00000,0x000000076eb00000,0x000000076f580000)
 ParOldGen       total 665600K, used 596789K [0x00000006c0000000, 0x00000006e8a00000, 0x000000076ab00000)
  object space 665600K, 89% used [0x00000006c0000000,0x00000006e46cd7e8,0x00000006e8a00000)
 Metaspace       used 8931K, capacity 9129K, committed 9216K, reserved 1056768K
  class space    used 878K, capacity 966K, committed 1024K, reserved 1048576K
}
Event: 3.488 GC heap before
{Heap before GC invocations=3 (full 1):
 PSYoungGen      total 76288K, used 10736K [0x000000076ab00000, 0x0000000774000000, 0x00000007c0000000)
  eden space 65536K, 0% used [0x000000076ab00000,0x000000076ab00000,0x000000076eb00000)
  from space 10752K, 99% used [0x000000076f580000,0x000000076fffc010,0x0000000770000000)
  to   space 10752K, 0% used [0x000000076eb00000,0x000000076eb00000,0x000000076f580000)
 ParOldGen       total 665600K, used 596789K [0x00000006c0000000, 0x00000006e8a00000, 0x000000076ab00000)
  object space 665600K, 89% used [0x00000006c0000000,0x00000006e46cd7e8,0x00000006e8a00000)
 Metaspace       used 8931K, capacity 9129K, committed 9216K, reserved 1056768K
  class space    used 878K, capacity 966K, committed 1024K, reserved 1048576K
Event: 3.717 GC heap after
Heap after GC invocations=3 (full 1):
 PSYoungGen      total 76288K, used 0K [0x000000076ab00000, 0x0000000774000000, 0x00000007c0000000)
  eden space 65536K, 0% used [0x000000076ab00000,0x000000076ab00000,0x000000076eb00000)
  from space 10752K, 0% used [0x000000076f580000,0x000000076f580000,0x0000000770000000)
  to   space 10752K, 0% used [0x000000076eb00000,0x000000076eb00000,0x000000076f580000)
 ParOldGen       total 855040K, used 604326K [0x00000006c0000000, 0x00000006f4300000, 0x000000076ab00000)
  object space 855040K, 70% used [0x00000006c0000000,0x00000006e4e29ab0,0x00000006f4300000)
 Metaspace       used 8931K, capacity 9129K, committed 9216K, reserved 1056768K
  class space    used 878K, capacity 966K, committed 1024K, reserved 1048576K
}

Deoptimization events (3 events):
Event: 0.109 Thread 0x00007f8d34001000 Uncommon trap: reason=unstable_if action=reinterpret pc=0x000000010af25de8 method=java.lang.String.hashCode()I @ 14
Event: 2.767 Thread 0x00007f8d34001000 Uncommon trap: reason=unstable_if action=reinterpret pc=0x000000010af9115c method=java.lang.String.replace(CC)Ljava/lang/String; @ 26
Event: 3.719 Thread 0x00007f8d34001000 Uncommon trap: reason=unstable_if action=reinterpret pc=0x000000010b0e7740 method=terrain.TerrainChunk.getBlock(III)[I @ 234

Internal exceptions (10 events):
Event: 0.240 Thread 0x00007f8d34001000 Exception <a 'java/security/PrivilegedActionException'> (0x000000076b15d098) thrown at [/Users/java_re/workspace/8-2-build-macosx-x86_64/jdk8u112/7935/hotspot/src/share/vm/prims/jvm.cpp, line 1390]
Event: 0.327 Thread 0x00007f8d34001000 Exception <a 'sun/nio/fs/UnixException'> (0x000000076b2fb018) thrown at [/Users/java_re/workspace/8-2-build-macosx-x86_64/jdk8u112/7935/hotspot/src/share/vm/prims/jni.cpp, line 709]
Event: 0.327 Thread 0x00007f8d34001000 Exception <a 'sun/nio/fs/UnixException'> (0x000000076b2fc718) thrown at [/Users/java_re/workspace/8-2-build-macosx-x86_64/jdk8u112/7935/hotspot/src/share/vm/prims/jni.cpp, line 709]
Event: 0.327 Thread 0x00007f8d34001000 Exception <a 'sun/nio/fs/UnixException'> (0x000000076b2fcf88) thrown at [/Users/java_re/workspace/8-2-build-macosx-x86_64/jdk8u112/7935/hotspot/src/share/vm/prims/jni.cpp, line 709]
Event: 0.327 Thread 0x00007f8d34001000 Exception <a 'sun/nio/fs/UnixException'> (0x000000076b2fd810) thrown at [/Users/java_re/workspace/8-2-build-macosx-x86_64/jdk8u112/7935/hotspot/src/share/vm/prims/jni.cpp, line 709]
Event: 0.327 Thread 0x00007f8d34001000 Exception <a 'sun/nio/fs/UnixException'> (0x000000076b2fe0a0) thrown at [/Users/java_re/workspace/8-2-build-macosx-x86_64/jdk8u112/7935/hotspot/src/share/vm/prims/jni.cpp, line 709]
Event: 0.327 Thread 0x00007f8d34001000 Exception <a 'sun/nio/fs/UnixException'> (0x000000076b2fe800) thrown at [/Users/java_re/workspace/8-2-build-macosx-x86_64/jdk8u112/7935/hotspot/src/share/vm/prims/jni.cpp, line 709]
Event: 0.328 Thread 0x00007f8d34001000 Exception <a 'sun/nio/fs/UnixException'> (0x000000076b2fee78) thrown at [/Users/java_re/workspace/8-2-build-macosx-x86_64/jdk8u112/7935/hotspot/src/share/vm/prims/jni.cpp, line 709]
Event: 3.106 Thread 0x00007f8d34001000 Exception <a 'java/io/FileNotFoundException'> (0x000000076d9a8ba8) thrown at [/Users/java_re/workspace/8-2-build-macosx-x86_64/jdk8u112/7935/hotspot/src/share/vm/prims/jni.cpp, line 709]
Event: 3.106 Thread 0x00007f8d34001000 Exception <a 'java/io/FileNotFoundException'> (0x000000076d9a9a30) thrown at [/Users/java_re/workspace/8-2-build-macosx-x86_64/jdk8u112/7935/hotspot/src/share/vm/prims/jni.cpp, line 709]

Events (10 events):
Event: 3.719 Thread 0x00007f8d34001000 DEOPT PACKING pc=0x000000010b0e7740 sp=0x00007fff5707e100
Event: 3.719 Thread 0x00007f8d34001000 DEOPT UNPACKING pc=0x000000010ae05229 sp=0x00007fff5707e0b8 mode 2
Event: 3.753 loading class java/lang/invoke/DirectMethodHandle$Special
Event: 3.753 loading class java/lang/invoke/DirectMethodHandle$Special done
Event: 3.753 loading class list/LList
Event: 3.753 loading class list/LList done
Event: 3.753 loading class list/LList$LListReverseIterator
Event: 3.753 loading class list/LList$LListReverseIterator done
Event: 3.756 loading class org/lwjgl/opengl/GL30
Event: 3.756 loading class org/lwjgl/opengl/GL30 done


Dynamic libraries:
0x0000000008a7e000 	/System/Library/Frameworks/Cocoa.framework/Versions/A/Cocoa
0x0000000008a7e000 	/System/Library/Frameworks/Security.framework/Versions/A/Security
0x0000000008a7e000 	/System/Library/Frameworks/ApplicationServices.framework/Versions/A/ApplicationServices
0x0000000008a7e000 	/usr/lib/libz.1.dylib
0x0000000008a7e000 	/usr/lib/libSystem.B.dylib
0x0000000008a7e000 	/usr/lib/libobjc.A.dylib
0x0000000008a7e000 	/System/Library/Frameworks/CoreFoundation.framework/Versions/A/CoreFoundation
0x0000000008a7e000 	/System/Library/Frameworks/Foundation.framework/Versions/C/Foundation
0x0000000008a7e000 	/System/Library/Frameworks/AppKit.framework/Versions/C/AppKit
0x0000000008a7e000 	/System/Library/Frameworks/CoreData.framework/Versions/A/CoreData
0x0000000008a7e000 	/System/Library/PrivateFrameworks/RemoteViewServices.framework/Versions/A/RemoteViewServices
0x0000000008a7e000 	/System/Library/PrivateFrameworks/UIFoundation.framework/Versions/A/UIFoundation
0x0000000008a7e000 	/usr/lib/libScreenReader.dylib
0x0000000008a7e000 	/System/Library/Frameworks/Accelerate.framework/Versions/A/Accelerate
0x0000000008a7e000 	/System/Library/Frameworks/IOSurface.framework/Versions/A/IOSurface
0x0000000008a7e000 	/System/Library/Frameworks/AudioToolbox.framework/Versions/A/AudioToolbox
0x0000000008a7e000 	/System/Library/Frameworks/AudioUnit.framework/Versions/A/AudioUnit
0x0000000008a7e000 	/System/Library/PrivateFrameworks/DataDetectorsCore.framework/Versions/A/DataDetectorsCore
0x0000000008a7e000 	/System/Library/PrivateFrameworks/DesktopServicesPriv.framework/Versions/A/DesktopServicesPriv
0x0000000008a7e000 	/System/Library/Frameworks/Carbon.framework/Versions/A/Frameworks/HIToolbox.framework/Versions/A/HIToolbox
0x0000000008a7e000 	/System/Library/Frameworks/QuartzCore.framework/Versions/A/QuartzCore
0x0000000008a7e000 	/System/Library/Frameworks/Carbon.framework/Versions/A/Frameworks/SpeechRecognition.framework/Versions/A/SpeechRecognition
0x0000000008a7e000 	/usr/lib/libauto.dylib
0x0000000008a7e000 	/usr/lib/libicucore.A.dylib
0x0000000008a7e000 	/usr/lib/libxml2.2.dylib
0x0000000008a7e000 	/System/Library/PrivateFrameworks/CoreUI.framework/Versions/A/CoreUI
0x0000000008a7e000 	/System/Library/Frameworks/CoreAudio.framework/Versions/A/CoreAudio
0x0000000008a7e000 	/System/Library/Frameworks/DiskArbitration.framework/Versions/A/DiskArbitration
0x0000000008a7e000 	/usr/lib/liblangid.dylib
0x0000000008a7e000 	/System/Library/PrivateFrameworks/MultitouchSupport.framework/Versions/A/MultitouchSupport
0x0000000008a7e000 	/System/Library/Frameworks/IOKit.framework/Versions/A/IOKit
0x0000000008a7e000 	/usr/lib/libDiagnosticMessagesClient.dylib
0x0000000008a7e000 	/System/Library/Frameworks/CoreServices.framework/Versions/A/CoreServices
0x0000000008a7e000 	/System/Library/PrivateFrameworks/PerformanceAnalysis.framework/Versions/A/PerformanceAnalysis
0x0000000008a7e000 	/System/Library/PrivateFrameworks/GenerationalStorage.framework/Versions/A/GenerationalStorage
0x0000000008a7e000 	/System/Library/Frameworks/OpenGL.framework/Versions/A/OpenGL
0x0000000008a7e000 	/System/Library/PrivateFrameworks/Sharing.framework/Versions/A/Sharing
0x0000000008a7e000 	/System/Library/Frameworks/CoreGraphics.framework/Versions/A/CoreGraphics
0x0000000008a7e000 	/System/Library/Frameworks/CoreImage.framework/Versions/A/CoreImage
0x0000000008a7e000 	/System/Library/Frameworks/CoreText.framework/Versions/A/CoreText
0x0000000008a7e000 	/System/Library/Frameworks/ImageIO.framework/Versions/A/ImageIO
0x0000000008a7e000 	/System/Library/PrivateFrameworks/Backup.framework/Versions/A/Backup
0x0000000008a7e000 	/usr/lib/libextension.dylib
0x0000000008a7e000 	/usr/lib/libarchive.2.dylib
0x0000000008a7e000 	/System/Library/Frameworks/CFNetwork.framework/Versions/A/CFNetwork
0x0000000008a7e000 	/System/Library/Frameworks/SystemConfiguration.framework/Versions/A/SystemConfiguration
0x0000000008a7e000 	/usr/lib/libCRFSuite.dylib
0x0000000008a7e000 	/usr/lib/libc++.1.dylib
0x0000000008a7e000 	/usr/lib/libc++abi.dylib
0x0000000008a7e000 	/usr/lib/system/libcache.dylib
0x0000000008a7e000 	/usr/lib/system/libcommonCrypto.dylib
0x0000000008a7e000 	/usr/lib/system/libcompiler_rt.dylib
0x0000000008a7e000 	/usr/lib/system/libcopyfile.dylib
0x0000000008a7e000 	/usr/lib/system/libcorecrypto.dylib
0x0000000008a7e000 	/usr/lib/system/libdispatch.dylib
0x0000000008a7e000 	/usr/lib/system/libdyld.dylib
0x0000000008a7e000 	/usr/lib/system/libkeymgr.dylib
0x0000000008a7e000 	/usr/lib/system/liblaunch.dylib
0x0000000008a7e000 	/usr/lib/system/libmacho.dylib
0x0000000008a7e000 	/usr/lib/system/libquarantine.dylib
0x0000000008a7e000 	/usr/lib/system/libremovefile.dylib
0x0000000008a7e000 	/usr/lib/system/libsystem_asl.dylib
0x0000000008a7e000 	/usr/lib/system/libsystem_blocks.dylib
0x0000000008a7e000 	/usr/lib/system/libsystem_c.dylib
0x0000000008a7e000 	/usr/lib/system/libsystem_configuration.dylib
0x0000000008a7e000 	/usr/lib/system/libsystem_coreservices.dylib
0x0000000008a7e000 	/usr/lib/system/libsystem_coretls.dylib
0x0000000008a7e000 	/usr/lib/system/libsystem_dnssd.dylib
0x0000000008a7e000 	/usr/lib/system/libsystem_info.dylib
0x0000000008a7e000 	/usr/lib/system/libsystem_kernel.dylib
0x0000000008a7e000 	/usr/lib/system/libsystem_m.dylib
0x0000000008a7e000 	/usr/lib/system/libsystem_malloc.dylib
0x0000000008a7e000 	/usr/lib/system/libsystem_network.dylib
0x0000000008a7e000 	/usr/lib/system/libsystem_networkextension.dylib
0x0000000008a7e000 	/usr/lib/system/libsystem_notify.dylib
0x0000000008a7e000 	/usr/lib/system/libsystem_platform.dylib
0x0000000008a7e000 	/usr/lib/system/libsystem_pthread.dylib
0x0000000008a7e000 	/usr/lib/system/libsystem_sandbox.dylib
0x0000000008a7e000 	/usr/lib/system/libsystem_secinit.dylib
0x0000000008a7e000 	/usr/lib/system/libsystem_trace.dylib
0x0000000008a7e000 	/usr/lib/system/libunc.dylib
0x0000000008a7e000 	/usr/lib/system/libunwind.dylib
0x0000000008a7e000 	/usr/lib/system/libxpc.dylib
0x0000000008a7e000 	/usr/lib/libenergytrace.dylib
0x0000000008a7e000 	/usr/lib/libbsm.0.dylib
0x0000000008a7e000 	/usr/lib/system/libkxld.dylib
0x0000000008a7e000 	/usr/lib/libxar.1.dylib
0x0000000008a7e000 	/usr/lib/libsqlite3.dylib
0x0000000008a7e000 	/usr/lib/libpam.2.dylib
0x0000000008a7e000 	/usr/lib/libOpenScriptingUtil.dylib
0x0000000008a7e000 	/usr/lib/libbz2.1.0.dylib
0x0000000008a7e000 	/usr/lib/liblzma.5.dylib
0x0000000008a7e000 	/System/Library/Frameworks/CoreServices.framework/Versions/A/Frameworks/FSEvents.framework/Versions/A/FSEvents
0x0000000008a7e000 	/System/Library/Frameworks/CoreServices.framework/Versions/A/Frameworks/CarbonCore.framework/Versions/A/CarbonCore
0x0000000008a7e000 	/System/Library/Frameworks/CoreServices.framework/Versions/A/Frameworks/Metadata.framework/Versions/A/Metadata
0x0000000008a7e000 	/System/Library/Frameworks/CoreServices.framework/Versions/A/Frameworks/OSServices.framework/Versions/A/OSServices
0x0000000008a7e000 	/System/Library/Frameworks/CoreServices.framework/Versions/A/Frameworks/SearchKit.framework/Versions/A/SearchKit
0x0000000008a7e000 	/System/Library/Frameworks/CoreServices.framework/Versions/A/Frameworks/AE.framework/Versions/A/AE
0x0000000008a7e000 	/System/Library/Frameworks/CoreServices.framework/Versions/A/Frameworks/LaunchServices.framework/Versions/A/LaunchServices
0x0000000008a7e000 	/System/Library/Frameworks/CoreServices.framework/Versions/A/Frameworks/DictionaryServices.framework/Versions/A/DictionaryServices
0x0000000008a7e000 	/System/Library/Frameworks/CoreServices.framework/Versions/A/Frameworks/SharedFileList.framework/Versions/A/SharedFileList
0x0000000008a7e000 	/System/Library/Frameworks/NetFS.framework/Versions/A/NetFS
0x0000000008a7e000 	/System/Library/PrivateFrameworks/NetAuth.framework/Versions/A/NetAuth
0x0000000008a7e000 	/System/Library/PrivateFrameworks/login.framework/Versions/A/Frameworks/loginsupport.framework/Versions/A/loginsupport
0x0000000008a7e000 	/System/Library/PrivateFrameworks/TCC.framework/Versions/A/TCC
0x0000000008a7e000 	/usr/lib/libmecabra.dylib
0x0000000008a7e000 	/System/Library/Frameworks/ApplicationServices.framework/Versions/A/Frameworks/ATS.framework/Versions/A/ATS
0x0000000008a7e000 	/System/Library/Frameworks/ApplicationServices.framework/Versions/A/Frameworks/ColorSync.framework/Versions/A/ColorSync
0x0000000008a7e000 	/System/Library/Frameworks/ApplicationServices.framework/Versions/A/Frameworks/HIServices.framework/Versions/A/HIServices
0x0000000008a7e000 	/System/Library/Frameworks/ApplicationServices.framework/Versions/A/Frameworks/LangAnalysis.framework/Versions/A/LangAnalysis
0x0000000008a7e000 	/System/Library/Frameworks/ApplicationServices.framework/Versions/A/Frameworks/PrintCore.framework/Versions/A/PrintCore
0x0000000008a7e000 	/System/Library/Frameworks/ApplicationServices.framework/Versions/A/Frameworks/QD.framework/Versions/A/QD
0x0000000008a7e000 	/System/Library/Frameworks/ApplicationServices.framework/Versions/A/Frameworks/SpeechSynthesis.framework/Versions/A/SpeechSynthesis
0x0000000008a7e000 	/System/Library/Frameworks/Metal.framework/Versions/A/Metal
0x0000000008a7e000 	/System/Library/Frameworks/Accelerate.framework/Versions/A/Frameworks/vImage.framework/Versions/A/vImage
0x0000000008a7e000 	/System/Library/Frameworks/Accelerate.framework/Versions/A/Frameworks/vecLib.framework/Versions/A/vecLib
0x0000000008a7e000 	/System/Library/Frameworks/Accelerate.framework/Versions/A/Frameworks/vecLib.framework/Versions/A/libvDSP.dylib
0x0000000008a7e000 	/System/Library/Frameworks/Accelerate.framework/Versions/A/Frameworks/vecLib.framework/Versions/A/libvMisc.dylib
0x0000000008a7e000 	/System/Library/Frameworks/Accelerate.framework/Versions/A/Frameworks/vecLib.framework/Versions/A/libLAPACK.dylib
0x0000000008a7e000 	/System/Library/Frameworks/Accelerate.framework/Versions/A/Frameworks/vecLib.framework/Versions/A/libBLAS.dylib
0x0000000008a7e000 	/System/Library/Frameworks/Accelerate.framework/Versions/A/Frameworks/vecLib.framework/Versions/A/libLinearAlgebra.dylib
0x0000000008a7e000 	/System/Library/Frameworks/Accelerate.framework/Versions/A/Frameworks/vecLib.framework/Versions/A/libSparseBLAS.dylib
0x0000000008a7e000 	/System/Library/PrivateFrameworks/GPUCompiler.framework/libmetal_timestamp.dylib
0x0000000008a7e000 	/System/Library/Frameworks/OpenGL.framework/Versions/A/Libraries/libCoreFSCache.dylib
0x0000000008a7e000 	/System/Library/PrivateFrameworks/IOAccelerator.framework/Versions/A/IOAccelerator
0x0000000008a7e000 	/System/Library/Frameworks/ApplicationServices.framework/Versions/A/Frameworks/ATS.framework/Versions/A/Resources/libFontParser.dylib
0x0000000008a7e000 	/System/Library/Frameworks/ApplicationServices.framework/Versions/A/Frameworks/ATS.framework/Versions/A/Resources/libFontRegistry.dylib
0x0000000008a7e000 	/System/Library/PrivateFrameworks/AppleVPA.framework/Versions/A/AppleVPA
0x0000000008a7e000 	/System/Library/PrivateFrameworks/AppleJPEG.framework/Versions/A/AppleJPEG
0x0000000008a7e000 	/System/Library/Frameworks/ImageIO.framework/Versions/A/Resources/libJPEG.dylib
0x0000000008a7e000 	/System/Library/Frameworks/ImageIO.framework/Versions/A/Resources/libTIFF.dylib
0x0000000008a7e000 	/System/Library/Frameworks/ImageIO.framework/Versions/A/Resources/libPng.dylib
0x0000000008a7e000 	/System/Library/Frameworks/ImageIO.framework/Versions/A/Resources/libGIF.dylib
0x0000000008a7e000 	/System/Library/Frameworks/ImageIO.framework/Versions/A/Resources/libJP2.dylib
0x0000000008a7e000 	/System/Library/Frameworks/ImageIO.framework/Versions/A/Resources/libRadiance.dylib
0x0000000008a7e000 	/System/Library/Frameworks/CoreVideo.framework/Versions/A/CoreVideo
0x0000000008a7e000 	/System/Library/Frameworks/OpenGL.framework/Versions/A/Libraries/libGLU.dylib
0x0000000008a7e000 	/System/Library/Frameworks/OpenGL.framework/Versions/A/Libraries/libGFXShared.dylib
0x0000000008a7e000 	/System/Library/Frameworks/OpenGL.framework/Versions/A/Libraries/libGL.dylib
0x0000000008a7e000 	/System/Library/Frameworks/OpenGL.framework/Versions/A/Libraries/libGLImage.dylib
0x0000000008a7e000 	/System/Library/Frameworks/OpenGL.framework/Versions/A/Libraries/libCVMSPluginSupport.dylib
0x0000000008a7e000 	/System/Library/Frameworks/OpenGL.framework/Versions/A/Libraries/libCoreVMClient.dylib
0x0000000008a7e000 	/usr/lib/libcompression.dylib
0x0000000008a7e000 	/usr/lib/libcups.2.dylib
0x0000000008a7e000 	/System/Library/Frameworks/Kerberos.framework/Versions/A/Kerberos
0x0000000008a7e000 	/System/Library/Frameworks/GSS.framework/Versions/A/GSS
0x0000000008a7e000 	/usr/lib/libresolv.9.dylib
0x0000000008a7e000 	/usr/lib/libiconv.2.dylib
0x0000000008a7e000 	/System/Library/PrivateFrameworks/Heimdal.framework/Versions/A/Heimdal
0x0000000008a7e000 	/usr/lib/libheimdal-asn1.dylib
0x0000000008a7e000 	/System/Library/Frameworks/OpenDirectory.framework/Versions/A/OpenDirectory
0x0000000008a7e000 	/System/Library/PrivateFrameworks/CommonAuth.framework/Versions/A/CommonAuth
0x0000000008a7e000 	/System/Library/Frameworks/OpenDirectory.framework/Versions/A/Frameworks/CFOpenDirectory.framework/Versions/A/CFOpenDirectory
0x0000000008a7e000 	/System/Library/Frameworks/SecurityFoundation.framework/Versions/A/SecurityFoundation
0x0000000008a7e000 	/System/Library/PrivateFrameworks/LanguageModeling.framework/Versions/A/LanguageModeling
0x0000000008a7e000 	/usr/lib/libmarisa.dylib
0x0000000008a7e000 	/usr/lib/libChineseTokenizer.dylib
0x0000000008a7e000 	/usr/lib/libcmph.dylib
0x0000000008a7e000 	/System/Library/Frameworks/ServiceManagement.framework/Versions/A/ServiceManagement
0x0000000008a7e000 	/usr/lib/libxslt.1.dylib
0x0000000008a7e000 	/System/Library/Frameworks/Carbon.framework/Versions/A/Frameworks/Ink.framework/Versions/A/Ink
0x0000000008a7e000 	/usr/lib/libFosl_dynamic.dylib
0x0000000008a7e000 	/System/Library/PrivateFrameworks/FaceCore.framework/Versions/A/FaceCore
0x0000000008a7e000 	/System/Library/Frameworks/OpenCL.framework/Versions/A/OpenCL
0x0000000008a7e000 	/System/Library/PrivateFrameworks/CrashReporterSupport.framework/Versions/A/CrashReporterSupport
0x0000000008a7e000 	/System/Library/PrivateFrameworks/IconServices.framework/Versions/A/IconServices
0x0000000008a7e000 	/System/Library/PrivateFrameworks/Apple80211.framework/Versions/A/Apple80211
0x0000000008a7e000 	/System/Library/Frameworks/CoreWLAN.framework/Versions/A/CoreWLAN
0x0000000008a7e000 	/System/Library/Frameworks/IOBluetooth.framework/Versions/A/IOBluetooth
0x0000000008a7e000 	/System/Library/PrivateFrameworks/CoreWiFi.framework/Versions/A/CoreWiFi
0x0000000008a7e000 	/System/Library/Frameworks/CoreBluetooth.framework/Versions/A/CoreBluetooth
0x0000000008a7e000 	/System/Library/PrivateFrameworks/ChunkingLibrary.framework/Versions/A/ChunkingLibrary
0x0000000008a7e000 	/System/Library/PrivateFrameworks/DebugSymbols.framework/Versions/A/DebugSymbols
0x0000000008a7e000 	/System/Library/PrivateFrameworks/CoreSymbolication.framework/Versions/A/CoreSymbolication
0x0000000008a7e000 	/System/Library/PrivateFrameworks/Symbolication.framework/Versions/A/Symbolication
0x0000000008a7e000 	/System/Library/PrivateFrameworks/SpeechRecognitionCore.framework/Versions/A/SpeechRecognitionCore
0x0000000108df9000 	/Library/Java/JavaVirtualMachines/jdk1.8.0_112.jdk/Contents/Home/jre/lib/server/libjvm.dylib
0x0000000008a7e000 	/usr/lib/libstdc++.6.dylib
0x0000000109da0000 	/Library/Java/JavaVirtualMachines/jdk1.8.0_112.jdk/Contents/Home/jre/lib/libverify.dylib
0x0000000109dae000 	/Library/Java/JavaVirtualMachines/jdk1.8.0_112.jdk/Contents/Home/jre/lib/libjava.dylib
0x0000000109dec000 	/Library/Java/JavaVirtualMachines/jdk1.8.0_112.jdk/Contents/Home/jre/lib/libzip.dylib
0x0000000125eb5000 	/System/Library/Frameworks/JavaVM.framework/Frameworks/JavaRuntimeSupport.framework/JavaRuntimeSupport
0x0000000125ed0000 	/System/Library/Frameworks/JavaVM.framework/Versions/A/Frameworks/JavaNativeFoundation.framework/Versions/A/JavaNativeFoundation
0x0000000125ee5000 	/System/Library/Frameworks/JavaVM.framework/Versions/A/JavaVM
0x0000000008a7e000 	/System/Library/Frameworks/Carbon.framework/Versions/A/Carbon
0x0000000125ef2000 	/System/Library/PrivateFrameworks/JavaLaunching.framework/Versions/A/JavaLaunching
0x0000000008a7e000 	/System/Library/Frameworks/Carbon.framework/Versions/A/Frameworks/CommonPanels.framework/Versions/A/CommonPanels
0x0000000008a7e000 	/System/Library/Frameworks/Carbon.framework/Versions/A/Frameworks/Help.framework/Versions/A/Help
0x0000000008a7e000 	/System/Library/Frameworks/Carbon.framework/Versions/A/Frameworks/ImageCapture.framework/Versions/A/ImageCapture
0x0000000008a7e000 	/System/Library/Frameworks/Carbon.framework/Versions/A/Frameworks/OpenScripting.framework/Versions/A/OpenScripting
0x0000000008a7e000 	/System/Library/Frameworks/Carbon.framework/Versions/A/Frameworks/Print.framework/Versions/A/Print
0x0000000008a7e000 	/System/Library/Frameworks/Carbon.framework/Versions/A/Frameworks/SecurityHI.framework/Versions/A/SecurityHI
0x0000000127995000 	/Applications/IntelliJ IDEA.app/Contents/bin/libbreakgen64.jnilib
0x0000000127998000 	/Library/Java/JavaVirtualMachines/jdk1.8.0_112.jdk/Contents/Home/jre/lib/libnet.dylib
0x00000001279f7000 	/Library/Java/JavaVirtualMachines/jdk1.8.0_112.jdk/Contents/Home/jre/lib/libnio.dylib
0x0000000127a07000 	/private/var/folders/w8/rhytzkk54lj2ml70451qh5q80000gp/T/lwjglmanukhovanesian/3.1.1-build-16/liblwjgl.dylib
0x0000000127a2b000 	/var/folders/w8/rhytzkk54lj2ml70451qh5q80000gp/T/lwjglmanukhovanesian/3.1.1-build-16/libjemalloc.dylib
0x0000000127a59000 	/var/folders/w8/rhytzkk54lj2ml70451qh5q80000gp/T/lwjglmanukhovanesian/3.1.1-build-16/libglfw.dylib
0x0000000008a7e000 	/System/Library/PrivateFrameworks/CoreServicesInternal.framework/Versions/A/CoreServicesInternal
0x0000000008a7e000 	/System/Library/PrivateFrameworks/FamilyControls.framework/Versions/A/FamilyControls
0x0000000008a7e000 	/System/Library/PrivateFrameworks/CommerceKit.framework/Versions/A/Frameworks/CommerceCore.framework/Versions/A/CommerceCore
0x0000000008a7e000 	/System/Library/PrivateFrameworks/SystemAdministration.framework/Versions/A/SystemAdministration
0x0000000008a7e000 	/System/Library/PrivateFrameworks/AppContainer.framework/Versions/A/AppContainer
0x0000000008a7e000 	/System/Library/PrivateFrameworks/SecCodeWrapper.framework/Versions/A/SecCodeWrapper
0x0000000008a7e000 	/System/Library/Frameworks/DirectoryService.framework/Versions/A/DirectoryService
0x0000000008a7e000 	/System/Library/PrivateFrameworks/DiskImages.framework/Versions/A/DiskImages
0x0000000008a7e000 	/System/Library/PrivateFrameworks/LoginUIKit.framework/Versions/A/Frameworks/LoginUICore.framework/Versions/A/LoginUICore
0x0000000008a7e000 	/usr/lib/libCoreStorage.dylib
0x0000000008a7e000 	/usr/lib/libcsfde.dylib
0x0000000008a7e000 	/usr/lib/libodfde.dylib
0x0000000008a7e000 	/System/Library/Frameworks/DiscRecording.framework/Versions/A/DiscRecording
0x0000000008a7e000 	/usr/lib/libcurl.4.dylib
0x0000000008a7e000 	/System/Library/PrivateFrameworks/MediaKit.framework/Versions/A/MediaKit
0x0000000008a7e000 	/System/Library/PrivateFrameworks/ProtectedCloudStorage.framework/Versions/A/ProtectedCloudStorage
0x0000000008a7e000 	/System/Library/PrivateFrameworks/EFILogin.framework/Versions/A/EFILogin
0x0000000008a7e000 	/usr/lib/libutil.dylib
0x0000000008a7e000 	/System/Library/PrivateFrameworks/FindMyDevice.framework/Versions/A/FindMyDevice
0x0000000008a7e000 	/System/Library/Frameworks/LDAP.framework/Versions/A/LDAP
0x0000000008a7e000 	/usr/lib/libsasl2.2.dylib
0x0000000008a7e000 	/System/Library/PrivateFrameworks/CoreDaemon.framework/Versions/B/CoreDaemon
0x0000000008a7e000 	/usr/lib/libcrypto.0.9.8.dylib
0x0000000008a7e000 	/System/Library/PrivateFrameworks/AppleSRP.framework/Versions/A/AppleSRP
0x0000000008a7e000 	/System/Library/PrivateFrameworks/TrustEvaluationAgent.framework/Versions/A/TrustEvaluationAgent
0x0000000008a7e000 	/System/Library/Frameworks/CoreGraphics.framework/Versions/A/Resources/libCGXType.A.dylib
0x0000000008a7e000 	/System/Library/Frameworks/CoreGraphics.framework/Versions/A/Resources/libRIP.A.dylib
0x0000000008a7e000 	/System/Library/Frameworks/Accelerate.framework/Versions/A/Frameworks/vImage.framework/Versions/A/Libraries/libCGInterfaces.dylib
0x0000000008a7e000 	/System/Library/Frameworks/OpenCL.framework/Versions/A/Libraries/libcldcpuengine.dylib
0x000000012a925000 	cl_kernels
0x0000000008a7e000 	/System/Library/Frameworks/OpenCL.framework/Versions/A/Libraries/ImageFormats/unorm8_bgra.dylib
0x0000000008a7e000 	/System/Library/Frameworks/OpenCL.framework/Versions/A/Libraries/ImageFormats/unorm8_rgba.dylib
0x0000000008a7e000 	/System/Library/Frameworks/OpenGL.framework/Versions/A/Resources/GLEngine.bundle/GLEngine
0x0000000008a7e000 	/System/Library/Frameworks/OpenGL.framework/Versions/A/Libraries/libGLProgrammability.dylib
0x000000012add9000 	/System/Library/Extensions/AppleIntelHD5000GraphicsGLDriver.bundle/Contents/MacOS/AppleIntelHD5000GraphicsGLDriver
0x0000000008a7e000 	/System/Library/PrivateFrameworks/GPUSupport.framework/Versions/A/Libraries/libGPUSupportMercury.dylib
0x000000012b528000 	/System/Library/Extensions/AMDRadeonX4000GLDriver.bundle/Contents/MacOS/AMDRadeonX4000GLDriver
0x000000012b5f4000 	/System/Library/Extensions/AMDRadeonX4000GLDriver.bundle/Contents/MacOS/ATIRadeonX4000SCLib.dylib
0x0000000008a7e000 	/System/Library/Frameworks/OpenGL.framework/Versions/A/Resources/GLRendererFloat.bundle/GLRendererFloat
0x000000012ac30000 	/private/var/folders/w8/rhytzkk54lj2ml70451qh5q80000gp/T/lwjglmanukhovanesian/3.1.1-build-16/liblwjgl_opengl.dylib
0x000000012bb7a000 	/Library/Java/JavaVirtualMachines/jdk1.8.0_112.jdk/Contents/Home/jre/lib/libawt.dylib
0x000000012bc22000 	/Library/Java/JavaVirtualMachines/jdk1.8.0_112.jdk/Contents/Home/jre/lib/./libmlib_image.dylib
0x000000012bcee000 	/Library/Java/JavaVirtualMachines/jdk1.8.0_112.jdk/Contents/Home/jre/lib/libawt_lwawt.dylib
0x000000012bda5000 	/Library/Java/JavaVirtualMachines/jdk1.8.0_112.jdk/Contents/Home/jre/lib/./libosxapp.dylib
0x0000000008a7e000 	/System/Library/Frameworks/ExceptionHandling.framework/Versions/A/ExceptionHandling
0x000000012bdc1000 	/Library/Java/JavaVirtualMachines/jdk1.8.0_112.jdk/Contents/Home/jre/lib/libdcpr.dylib

VM Arguments:
jvm_args: -Djava.awt.headless=true -Didea.launcher.port=7545 -Didea.launcher.bin.path=/Applications/IntelliJ IDEA.app/Contents/bin -Dfile.encoding=UTF-8 
java_command: com.intellij.rt.execution.application.AppMain engine.KamiEngine
java_class_path (initial): /Library/Java/JavaVirtualMachines/jdk1.8.0_112.jdk/Contents/Home/jre/lib/charsets.jar:/Library/Java/JavaVirtualMachines/jdk1.8.0_112.jdk/Contents/Home/jre/lib/deploy.jar:/Library/Java/JavaVirtualMachines/jdk1.8.0_112.jdk/Contents/Home/jre/lib/ext/cldrdata.jar:/Library/Java/JavaVirtualMachines/jdk1.8.0_112.jdk/Contents/Home/jre/lib/ext/dnsns.jar:/Library/Java/JavaVirtualMachines/jdk1.8.0_112.jdk/Contents/Home/jre/lib/ext/jaccess.jar:/Library/Java/JavaVirtualMachines/jdk1.8.0_112.jdk/Contents/Home/jre/lib/ext/jfxrt.jar:/Library/Java/JavaVirtualMachines/jdk1.8.0_112.jdk/Contents/Home/jre/lib/ext/localedata.jar:/Library/Java/JavaVirtualMachines/jdk1.8.0_112.jdk/Contents/Home/jre/lib/ext/nashorn.jar:/Library/Java/JavaVirtualMachines/jdk1.8.0_112.jdk/Contents/Home/jre/lib/ext/sunec.jar:/Library/Java/JavaVirtualMachines/jdk1.8.0_112.jdk/Contents/Home/jre/lib/ext/sunjce_provider.jar:/Library/Java/JavaVirtualMachines/jdk1.8.0_112.jdk/Contents/Home/jre/lib/ext/sunpkcs11.jar:/Library/Java/JavaVirtualMachines/jdk1.8.0_112.jdk/Contents/Home/jre/lib/ext/zipfs.jar:/Library/Java/JavaVirtualMachines/jdk1.8.0_112.jdk/Contents/Home/jre/lib/javaws.jar:/Library/Java/JavaVirtualMachines/jdk1.8.0_112.jdk/Contents/Home/jre/lib/jce.jar:/Library/Java/JavaVirtualMachines/jdk1.8.0_112.jdk/Contents/Home/jre/lib/jfr.jar:/Library/Java/JavaVirtualMachines/jdk1.8.0_112.jdk/Contents/Home/jre/lib/jfxswt.jar:/Library/Java/JavaVirtualMachines/jdk1.8.0_112.jdk/Contents/Home/jre/lib/jsse.jar:/Library/Java/JavaVirtualMachines/jdk1.8.0_112.jdk/Contents/Home/jre/lib/management-agent.jar:/Library/Java/JavaVirtualMachines/jdk1.8.0_112.jdk/Contents/Home/jre/lib/plugin.jar:/Library/Java/JavaVirtualMachines/jdk1.8.0_112.jdk/Contents/Home/jre/lib/resources.jar:/Library/Java/JavaVirtualMachines/jdk1.8.0_112.jdk/Contents/Home/jre/lib/rt.jar:/Library/Java/JavaVirtualMachines/jdk1.8.0_112.jdk/Contents/Home/lib/ant-javafx.jar:/Library/Java/JavaVirtualMachines/jdk1.8.0_112.jdk/Contents/Home
Launcher Type: SUN_STANDARD

Environment Variables:
PATH=/usr/local/bin:/usr/bin:/bin:/usr/sbin:/sbin
SHELL=/bin/bash

Signal Handlers:
SIGSEGV: [libjvm.dylib+0x5b11a5], sa_mask[0]=11111111011111110111111111111111, sa_flags=SA_ONSTACK|SA_RESTART|SA_SIGINFO
SIGBUS: [libjvm.dylib+0x5b11a5], sa_mask[0]=11111111011111110111111111111111, sa_flags=SA_RESTART|SA_SIGINFO
SIGFPE: [libjvm.dylib+0x487dc0], sa_mask[0]=11111111011111110111111111111111, sa_flags=SA_RESTART|SA_SIGINFO
SIGPIPE: [libjvm.dylib+0x487dc0], sa_mask[0]=11111111011111110111111111111111, sa_flags=SA_RESTART|SA_SIGINFO
SIGXFSZ: [libjvm.dylib+0x487dc0], sa_mask[0]=11111111011111110111111111111111, sa_flags=SA_RESTART|SA_SIGINFO
SIGILL: [libjvm.dylib+0x487dc0], sa_mask[0]=11111111011111110111111111111111, sa_flags=SA_RESTART|SA_SIGINFO
SIGUSR1: SIG_DFL, sa_mask[0]=00000000000000000000000000000000, sa_flags=none
SIGUSR2: [libjvm.dylib+0x4878de], sa_mask[0]=00100000000000000000000000000000, sa_flags=SA_RESTART|SA_SIGINFO
SIGHUP: [libjvm.dylib+0x485eb5], sa_mask[0]=11111111011111110111111111111111, sa_flags=SA_RESTART|SA_SIGINFO
SIGINT: [libjvm.dylib+0x485eb5], sa_mask[0]=11111111011111110111111111111111, sa_flags=SA_RESTART|SA_SIGINFO
SIGTERM: [libjvm.dylib+0x485eb5], sa_mask[0]=11111111011111110111111111111111, sa_flags=SA_RESTART|SA_SIGINFO
SIGQUIT: [libjvm.dylib+0x485eb5], sa_mask[0]=11111111011111110111111111111111, sa_flags=SA_RESTART|SA_SIGINFO


---------------  S Y S T E M  ---------------

OS:Bsduname:Darwin 15.6.0 Darwin Kernel Version 15.6.0: Thu Jun 23 18:25:34 PDT 2016; root:xnu-3248.60.10~1/RELEASE_X86_64 x86_64
rlimit: STACK 8192k, CORE 0k, NPROC 709, NOFILE 10240, AS infinity
load average:2.89 2.66 2.36

CPU:total 8 (4 cores per cpu, 2 threads per core) family 6 model 70 stepping 1, cmov, cx8, fxsr, mmx, sse, sse2, sse3, ssse3, sse4.1, sse4.2, popcnt, avx, avx2, aes, clmul, erms, lzcnt, ht, tsc, tscinvbit, bmi1, bmi2

Memory: 4k page, physical 16777216k(2320632k free)

/proc/meminfo:


vm_info: Java HotSpot(TM) 64-Bit Server VM (25.112-b16) for bsd-amd64 JRE (1.8.0_112-b16), built on Sep 30 2016 22:41:41 by "java_re" with gcc 4.2.1 (Based on Apple Inc. build 5658) (LLVM build 2336.11.00)

time: Wed May 10 08:10:50 2017
elapsed time: 3 seconds (0d 0h 0m 3s)

