#
# A fatal error has been detected by the Java Runtime Environment:
#
#  SIGSEGV (0xb) at pc=0x000000012326946b, pid=1654, tid=0x0000000000000a0b
#
# JRE version: Java(TM) SE Runtime Environment (8.0_112-b16) (build 1.8.0_112-b16)
# Java VM: Java HotSpot(TM) 64-Bit Server VM (25.112-b16 mixed mode bsd-amd64 compressed oops)
# Problematic frame:
# C  [liblwjgl_opengl.dylib+0x1046b]
[error occurred during error reporting (printing problematic frame), id 0xe0000000]

# Failed to write core dump. Core dumps have been disabled. To enable core dumping, try "ulimit -c unlimited" before starting Java again
#
# If you would like to submit a bug report, please visit:
#   http://bugreport.java.com/bugreport/crash.jsp
# The crash happened outside the Java Virtual Machine in native code.
# See problematic frame for where to report the bug.
#

---------------  T H R E A D  ---------------

Current thread (0x00007f95ff001800):  JavaThread "main" [_thread_in_native, id=2571, stack(0x00007fff5b426000,0x00007fff5bc26000)]

siginfo: si_signo: 11 (SIGSEGV), si_code: 1 (SEGV_MAPERR), si_addr: 0x0000000000000e88

Registers:
RAX=0x0000000000000000, RBX=0x000000011f0d32e8, RCX=0x00007f95ff09b9fc, RDX=0x0000000000000001
RSP=0x00007fff5bc21120, RBP=0x00007fff5bc21120, RSI=0x00007fff5bc21198, RDI=0x00007f95ff0019f8
R8 =0x00000001064032a7, R9 =0x00000000fffffff0, R10=0x00000001063b99c8, R11=0x00000001058e445f
R12=0x0000000000000000, R13=0x000000011f0d32e8, R14=0x00007fff5bc211b8, R15=0x00007f95ff001800
RIP=0x000000012326946b, EFLAGS=0x0000000000010212, ERR=0x0000000000000004
  TRAPNO=0x000000000000000e

Top of Stack: (sp=0x00007fff5bc21120)
0x00007fff5bc21120:   00007fff5bc21188 00000001063b99f4
0x00007fff5bc21130:   00007fff5bc21188 00000001063b9787
0x00007fff5bc21140:   00000001063b9742 00007fff5bc21148
0x00007fff5bc21150:   000000011f0d32e8 00007fff5bc211b8
0x00007fff5bc21160:   000000011f0dd028 0000000000000000
0x00007fff5bc21170:   000000011f0d32e8 0000000000000000
0x00007fff5bc21180:   00007fff5bc211a8 00007fff5bc21200
0x00007fff5bc21190:   00000001063aa2bd 000000076ae2fb00
0x00007fff5bc211a0:   00000001063b3538 00007f95ff09b9fc
0x00007fff5bc211b0:   000000076b261900 0000000000000001
0x00007fff5bc211c0:   00007fff5bc211c0 000000011f0d343c
0x00007fff5bc211d0:   00007fff5bc21230 000000011f0dd028
0x00007fff5bc211e0:   0000000000000000 000000011f0d34a0
0x00007fff5bc211f0:   00007fff5bc211a8 00007fff5bc21238
0x00007fff5bc21200:   00007fff5bc21280 00000001063a9d00
0x00007fff5bc21210:   0000000000000000 0000000000000000
0x00007fff5bc21220:   000000076b261900 0000000000008000
0x00007fff5bc21230:   000000076b20c6d0 000000076ae18138
0x00007fff5bc21240:   00007fff5bc21240 000000011f0ce6cb
0x00007fff5bc21250:   00007fff5bc212e0 000000011f0cf8e8
0x00007fff5bc21260:   0000000000000000 000000011f0ce8e0
0x00007fff5bc21270:   00007fff5bc21238 00007fff5bc212c8
0x00007fff5bc21280:   00007fff5bc21338 00000001063aa2bd
0x00007fff5bc21290:   0000000000000000 0000000000000000
0x00007fff5bc212a0:   0000000000000000 0000000000000000
0x00007fff5bc212b0:   0000000000000000 0000000000000000
0x00007fff5bc212c0:   0000000000000000 000000076ae0a4f8
0x00007fff5bc212d0:   0000000000000320 0000000000000320
0x00007fff5bc212e0:   000000076ae18138 000000076ae18138
0x00007fff5bc212f0:   000000076adc8210 00007fff5bc212f8
0x00007fff5bc21300:   000000011f0bbd32 00007fff5bc21348
0x00007fff5bc21310:   000000011f0c14d8 0000000000000000 

Instructions: (pc=0x000000012326946b)
0x000000012326944b:   48 8b 80 20 09 00 00 89 d7 48 89 ce 5d ff e0 66
0x000000012326945b:   0f 1f 44 00 00 55 48 89 e5 48 8b 07 48 8b 40 18
0x000000012326946b:   48 8b 80 88 0e 00 00 89 d7 48 89 ce 5d ff e0 66
0x000000012326947b:   0f 1f 44 00 00 55 48 89 e5 48 8b 07 48 8b 40 18 

Register to memory mapping:

RAX=0x0000000000000000 is an unknown value
RBX={method} {0x000000011f0d32e8} 'nglGenBuffers' '(IJ)V' in 'org/lwjgl/opengl/GL15'
RCX=0x00007f95ff09b9fc is an unknown value
RDX=0x0000000000000001 is an unknown value
RSP=0x00007fff5bc21120 is pointing into the stack for thread: 0x00007f95ff001800
RBP=0x00007fff5bc21120 is pointing into the stack for thread: 0x00007f95ff001800
RSI=0x00007fff5bc21198 is pointing into the stack for thread: 0x00007f95ff001800
RDI=0x00007f95ff0019f8 is an unknown value
R8 =0x00000001064032a7 is at code_begin+7 in 
[CodeBlob (0x0000000106403250)]
Framesize: 0
BufferBlob (0x0000000106403250) used for Signature Handler Temp Buffer
R9 =0x00000000fffffff0 is an unknown value
R10=0x00000001063b99c8 is at code_begin+808 in an Interpreter codelet
method entry point (kind = native)  [0x00000001063b96a0, 0x00000001063b9fa0]  2304 bytes
R11=0x00000001058e445f: throw_unsatisfied_link_error+0 in /Library/Java/JavaVirtualMachines/jdk1.8.0_112.jdk/Contents/Home/jre/lib/server/libjvm.dylib at 0x0000000105400000
R12=0x0000000000000000 is an unknown value
R13={method} {0x000000011f0d32e8} 'nglGenBuffers' '(IJ)V' in 'org/lwjgl/opengl/GL15'
R14=0x00007fff5bc211b8 is pointing into the stack for thread: 0x00007f95ff001800
R15=0x00007f95ff001800 is a thread


Stack: [0x00007fff5b426000,0x00007fff5bc26000],  sp=0x00007fff5bc21120,  free space=8172k
Native frames: (J=compiled Java code, j=interpreted, Vv=VM code, C=native code)
C  [liblwjgl_opengl.dylib+0x1046b]
[error occurred during error reporting (printing native stack), id 0xe0000000]

Java frames: (J=compiled Java code, j=interpreted, Vv=VM code)
j  org.lwjgl.opengl.GL15.nglGenBuffers(IJ)V+0
j  org.lwjgl.opengl.GL15.glGenBuffers()I+20
j  paint.painter.PainterLwjgl.<init>(IILcontrol/ControllerLwjgl;)V+19
j  engine.KamiEngine.<init>()V+42
j  engine.KamiEngine.main([Ljava/lang/String;)V+7
v  ~StubRoutines::call_stub
j  sun.reflect.NativeMethodAccessorImpl.invoke0(Ljava/lang/reflect/Method;Ljava/lang/Object;[Ljava/lang/Object;)Ljava/lang/Object;+0
j  sun.reflect.NativeMethodAccessorImpl.invoke(Ljava/lang/Object;[Ljava/lang/Object;)Ljava/lang/Object;+100
j  sun.reflect.DelegatingMethodAccessorImpl.invoke(Ljava/lang/Object;[Ljava/lang/Object;)Ljava/lang/Object;+6
j  java.lang.reflect.Method.invoke(Ljava/lang/Object;[Ljava/lang/Object;)Ljava/lang/Object;+56
j  com.intellij.rt.execution.application.AppMain.main([Ljava/lang/String;)V+170
v  ~StubRoutines::call_stub

---------------  P R O C E S S  ---------------

Java Threads: ( => current thread )
  0x00007f95fe057000 JavaThread "Monitor Ctrl-Break" daemon [_thread_in_native, id=21251, stack(0x00007000013d3000,0x00007000014d3000)]
  0x00007f95fc818000 JavaThread "Service Thread" daemon [_thread_blocked, id=20227, stack(0x00007000011cd000,0x00007000012cd000)]
  0x00007f95fc008800 JavaThread "C1 CompilerThread3" daemon [_thread_in_native, id=19715, stack(0x00007000010ca000,0x00007000011ca000)]
  0x00007f95fd007000 JavaThread "C2 CompilerThread2" daemon [_thread_blocked, id=19203, stack(0x0000700000fc7000,0x00007000010c7000)]
  0x00007f95fe825000 JavaThread "C2 CompilerThread1" daemon [_thread_blocked, id=18691, stack(0x0000700000ec4000,0x0000700000fc4000)]
  0x00007f95fe819800 JavaThread "C2 CompilerThread0" daemon [_thread_blocked, id=18179, stack(0x0000700000dc1000,0x0000700000ec1000)]
  0x00007f95fe818800 JavaThread "Signal Dispatcher" daemon [_thread_blocked, id=15887, stack(0x0000700000cbe000,0x0000700000dbe000)]
  0x00007f95fd006000 JavaThread "Finalizer" daemon [_thread_blocked, id=14339, stack(0x0000700000b38000,0x0000700000c38000)]
  0x00007f95fe815000 JavaThread "Reference Handler" daemon [_thread_blocked, id=13827, stack(0x0000700000a35000,0x0000700000b35000)]
=>0x00007f95ff001800 JavaThread "main" [_thread_in_native, id=2571, stack(0x00007fff5b426000,0x00007fff5bc26000)]

Other Threads:
  0x00007f95fe814800 VMThread [stack: 0x0000700000932000,0x0000700000a32000] [id=13315]
  0x00007f95fe005000 WatcherThread [stack: 0x00007000012d0000,0x00007000013d0000] [id=20739]

VM state:not at safepoint (normal execution)

VM Mutex/Monitor currently owned by a thread: None

Heap:
 PSYoungGen      total 76288K, used 7872K [0x000000076ab00000, 0x0000000770000000, 0x00000007c0000000)
  eden space 65536K, 12% used [0x000000076ab00000,0x000000076b2b0270,0x000000076eb00000)
  from space 10752K, 0% used [0x000000076f580000,0x000000076f580000,0x0000000770000000)
  to   space 10752K, 0% used [0x000000076eb00000,0x000000076eb00000,0x000000076f580000)
 ParOldGen       total 175104K, used 0K [0x00000006c0000000, 0x00000006cab00000, 0x000000076ab00000)
  object space 175104K, 0% used [0x00000006c0000000,0x00000006c0000000,0x00000006cab00000)
 Metaspace       used 5322K, capacity 5508K, committed 5632K, reserved 1056768K
  class space    used 598K, capacity 666K, committed 768K, reserved 1048576K

Card table byte_map: [0x0000000115762000,0x0000000115f63000] byte_map_base: 0x0000000112162000

Marking Bits: (ParMarkBitMap*) 0x0000000105cf0d30
 Begin Bits: [0x00000001164b9000, 0x000000011a4b9000)
 End Bits:   [0x000000011a4b9000, 0x000000011e4b9000)

Polling page: 0x000000010429e000

CodeCache: size=245760Kb used=1814Kb max_used=1814Kb free=243945Kb
 bounds [0x00000001063a2000, 0x0000000106612000, 0x00000001153a2000]
 total_blobs=678 nmethods=358 adapters=234
 compilation: enabled

Compilation events (10 events):
Event: 0.230 Thread 0x00007f95fc008800 nmethod 351 0x00000001065612d0 code [0x0000000106561440, 0x0000000106561688]
Event: 0.231 Thread 0x00007f95fd007000 nmethod 339 0x00000001065648d0 code [0x0000000106564a40, 0x0000000106564f98]
Event: 0.233 Thread 0x00007f95fc008800  352       3       java.lang.StringCoding::safeTrim (24 bytes)
Event: 0.233 Thread 0x00007f95fc008800 nmethod 352 0x0000000106563b50 code [0x0000000106563ce0, 0x00000001065641a8]
Event: 0.233 Thread 0x00007f95fc008800  353       3       java.nio.DirectLongBufferU::get (16 bytes)
Event: 0.233 Thread 0x00007f95fc008800 nmethod 353 0x0000000106563250 code [0x00000001065633c0, 0x0000000106563630]
Event: 0.234 Thread 0x00007f95fc008800  355       3       java.nio.DirectLongBufferU::put (18 bytes)
Event: 0.234 Thread 0x00007f95fc008800 nmethod 355 0x0000000106562d50 code [0x0000000106562ec0, 0x0000000106563130]
Event: 0.234 Thread 0x00007f95fc008800  356  s    3       java.util.Vector::elementAt (48 bytes)
Event: 0.234 Thread 0x00007f95fc008800 nmethod 356 0x0000000106561a10 code [0x0000000106561c20, 0x00000001065627a8]

GC Heap History (0 events):
No events

Deoptimization events (1 events):
Event: 0.121 Thread 0x00007f95ff001800 Uncommon trap: reason=unstable_if action=reinterpret pc=0x00000001064cab28 method=java.lang.String.hashCode()I @ 14

Internal exceptions (10 events):
Event: 0.093 Thread 0x00007f95ff001800 Exception <a 'java/security/PrivilegedActionException'> (0x000000076ab865a8) thrown at [/Users/java_re/workspace/8-2-build-macosx-x86_64/jdk8u112/7935/hotspot/src/share/vm/prims/jvm.cpp, line 1390]
Event: 0.093 Thread 0x00007f95ff001800 Exception <a 'java/util/zip/ZipException'> (0x000000076ab87508) thrown at [/Users/java_re/workspace/8-2-build-macosx-x86_64/jdk8u112/7935/hotspot/src/share/vm/prims/jni.cpp, line 709]
Event: 0.093 Thread 0x00007f95ff001800 Exception <a 'java/security/PrivilegedActionException'> (0x000000076ab87710) thrown at [/Users/java_re/workspace/8-2-build-macosx-x86_64/jdk8u112/7935/hotspot/src/share/vm/prims/jvm.cpp, line 1390]
Event: 0.093 Thread 0x00007f95ff001800 Exception <a 'java/security/PrivilegedActionException'> (0x000000076ab87920) thrown at [/Users/java_re/workspace/8-2-build-macosx-x86_64/jdk8u112/7935/hotspot/src/share/vm/prims/jvm.cpp, line 1390]
Event: 0.159 Thread 0x00007f95ff001800 Exception <a 'java/security/PrivilegedActionException'> (0x000000076b02a9f0) thrown at [/Users/java_re/workspace/8-2-build-macosx-x86_64/jdk8u112/7935/hotspot/src/share/vm/prims/jvm.cpp, line 1390]
Event: 0.159 Thread 0x00007f95ff001800 Exception <a 'java/security/PrivilegedActionException'> (0x000000076b02ac00) thrown at [/Users/java_re/workspace/8-2-build-macosx-x86_64/jdk8u112/7935/hotspot/src/share/vm/prims/jvm.cpp, line 1390]
Event: 0.159 Thread 0x00007f95ff001800 Exception <a 'java/security/PrivilegedActionException'> (0x000000076b02e0f0) thrown at [/Users/java_re/workspace/8-2-build-macosx-x86_64/jdk8u112/7935/hotspot/src/share/vm/prims/jvm.cpp, line 1390]
Event: 0.159 Thread 0x00007f95ff001800 Exception <a 'java/security/PrivilegedActionException'> (0x000000076b02e300) thrown at [/Users/java_re/workspace/8-2-build-macosx-x86_64/jdk8u112/7935/hotspot/src/share/vm/prims/jvm.cpp, line 1390]
Event: 0.191 Thread 0x00007f95ff001800 Exception <a 'java/lang/NoSuchFieldError': method resolution failed> (0x000000076b115ed8) thrown at [/Users/java_re/workspace/8-2-build-macosx-x86_64/jdk8u112/7935/hotspot/src/share/vm/prims/methodHandles.cpp, line 1146]
Event: 0.192 Thread 0x00007f95ff001800 Exception <a 'java/lang/NoSuchFieldError': method resolution failed> (0x000000076b123628) thrown at [/Users/java_re/workspace/8-2-build-macosx-x86_64/jdk8u112/7935/hotspot/src/share/vm/prims/methodHandles.cpp, line 1146]

Events (10 events):
Event: 0.232 loading class sun/reflect/UnsafeQualifiedStaticFieldAccessorImpl done
Event: 0.232 loading class sun/reflect/UnsafeQualifiedStaticObjectFieldAccessorImpl done
Event: 0.233 loading class org/lwjgl/system/macosx/CoreFoundation
Event: 0.233 loading class org/lwjgl/system/macosx/CoreFoundation done
Event: 0.234 loading class org/lwjgl/opengl/GL$3
Event: 0.234 loading class org/lwjgl/opengl/GL$3 done
Event: 0.235 loading class org/lwjgl/opengl/GL$SharedLibraryGL
Event: 0.235 loading class org/lwjgl/opengl/GL$SharedLibraryGL done
Event: 0.235 loading class org/lwjgl/system/SharedLibrary$Delegate
Event: 0.235 loading class org/lwjgl/system/SharedLibrary$Delegate done


Dynamic libraries:
0x00000000046f5000 	/System/Library/Frameworks/Cocoa.framework/Versions/A/Cocoa
0x00000000046f5000 	/System/Library/Frameworks/Security.framework/Versions/A/Security
0x00000000046f5000 	/System/Library/Frameworks/ApplicationServices.framework/Versions/A/ApplicationServices
0x00000000046f5000 	/usr/lib/libz.1.dylib
0x00000000046f5000 	/usr/lib/libSystem.B.dylib
0x00000000046f5000 	/usr/lib/libobjc.A.dylib
0x00000000046f5000 	/System/Library/Frameworks/CoreFoundation.framework/Versions/A/CoreFoundation
0x00000000046f5000 	/System/Library/Frameworks/Foundation.framework/Versions/C/Foundation
0x00000000046f5000 	/System/Library/Frameworks/AppKit.framework/Versions/C/AppKit
0x00000000046f5000 	/System/Library/Frameworks/CoreData.framework/Versions/A/CoreData
0x00000000046f5000 	/System/Library/PrivateFrameworks/RemoteViewServices.framework/Versions/A/RemoteViewServices
0x00000000046f5000 	/System/Library/PrivateFrameworks/UIFoundation.framework/Versions/A/UIFoundation
0x00000000046f5000 	/usr/lib/libScreenReader.dylib
0x00000000046f5000 	/System/Library/Frameworks/Accelerate.framework/Versions/A/Accelerate
0x00000000046f5000 	/System/Library/Frameworks/IOSurface.framework/Versions/A/IOSurface
0x00000000046f5000 	/System/Library/Frameworks/AudioToolbox.framework/Versions/A/AudioToolbox
0x00000000046f5000 	/System/Library/Frameworks/AudioUnit.framework/Versions/A/AudioUnit
0x00000000046f5000 	/System/Library/PrivateFrameworks/DataDetectorsCore.framework/Versions/A/DataDetectorsCore
0x00000000046f5000 	/System/Library/PrivateFrameworks/DesktopServicesPriv.framework/Versions/A/DesktopServicesPriv
0x00000000046f5000 	/System/Library/Frameworks/Carbon.framework/Versions/A/Frameworks/HIToolbox.framework/Versions/A/HIToolbox
0x00000000046f5000 	/System/Library/Frameworks/QuartzCore.framework/Versions/A/QuartzCore
0x00000000046f5000 	/System/Library/Frameworks/Carbon.framework/Versions/A/Frameworks/SpeechRecognition.framework/Versions/A/SpeechRecognition
0x00000000046f5000 	/usr/lib/libauto.dylib
0x00000000046f5000 	/usr/lib/libicucore.A.dylib
0x00000000046f5000 	/usr/lib/libxml2.2.dylib
0x00000000046f5000 	/System/Library/PrivateFrameworks/CoreUI.framework/Versions/A/CoreUI
0x00000000046f5000 	/System/Library/Frameworks/CoreAudio.framework/Versions/A/CoreAudio
0x00000000046f5000 	/System/Library/Frameworks/DiskArbitration.framework/Versions/A/DiskArbitration
0x00000000046f5000 	/usr/lib/liblangid.dylib
0x00000000046f5000 	/System/Library/PrivateFrameworks/MultitouchSupport.framework/Versions/A/MultitouchSupport
0x00000000046f5000 	/System/Library/Frameworks/IOKit.framework/Versions/A/IOKit
0x00000000046f5000 	/usr/lib/libDiagnosticMessagesClient.dylib
0x00000000046f5000 	/System/Library/Frameworks/CoreServices.framework/Versions/A/CoreServices
0x00000000046f5000 	/System/Library/PrivateFrameworks/PerformanceAnalysis.framework/Versions/A/PerformanceAnalysis
0x00000000046f5000 	/System/Library/PrivateFrameworks/GenerationalStorage.framework/Versions/A/GenerationalStorage
0x00000000046f5000 	/System/Library/Frameworks/OpenGL.framework/Versions/A/OpenGL
0x00000000046f5000 	/System/Library/PrivateFrameworks/Sharing.framework/Versions/A/Sharing
0x00000000046f5000 	/System/Library/Frameworks/CoreGraphics.framework/Versions/A/CoreGraphics
0x00000000046f5000 	/System/Library/Frameworks/CoreImage.framework/Versions/A/CoreImage
0x00000000046f5000 	/System/Library/Frameworks/CoreText.framework/Versions/A/CoreText
0x00000000046f5000 	/System/Library/Frameworks/ImageIO.framework/Versions/A/ImageIO
0x00000000046f5000 	/System/Library/PrivateFrameworks/Backup.framework/Versions/A/Backup
0x00000000046f5000 	/usr/lib/libextension.dylib
0x00000000046f5000 	/usr/lib/libarchive.2.dylib
0x00000000046f5000 	/System/Library/Frameworks/CFNetwork.framework/Versions/A/CFNetwork
0x00000000046f5000 	/System/Library/Frameworks/SystemConfiguration.framework/Versions/A/SystemConfiguration
0x00000000046f5000 	/usr/lib/libCRFSuite.dylib
0x00000000046f5000 	/usr/lib/libc++.1.dylib
0x00000000046f5000 	/usr/lib/libc++abi.dylib
0x00000000046f5000 	/usr/lib/system/libcache.dylib
0x00000000046f5000 	/usr/lib/system/libcommonCrypto.dylib
0x00000000046f5000 	/usr/lib/system/libcompiler_rt.dylib
0x00000000046f5000 	/usr/lib/system/libcopyfile.dylib
0x00000000046f5000 	/usr/lib/system/libcorecrypto.dylib
0x00000000046f5000 	/usr/lib/system/libdispatch.dylib
0x00000000046f5000 	/usr/lib/system/libdyld.dylib
0x00000000046f5000 	/usr/lib/system/libkeymgr.dylib
0x00000000046f5000 	/usr/lib/system/liblaunch.dylib
0x00000000046f5000 	/usr/lib/system/libmacho.dylib
0x00000000046f5000 	/usr/lib/system/libquarantine.dylib
0x00000000046f5000 	/usr/lib/system/libremovefile.dylib
0x00000000046f5000 	/usr/lib/system/libsystem_asl.dylib
0x00000000046f5000 	/usr/lib/system/libsystem_blocks.dylib
0x00000000046f5000 	/usr/lib/system/libsystem_c.dylib
0x00000000046f5000 	/usr/lib/system/libsystem_configuration.dylib
0x00000000046f5000 	/usr/lib/system/libsystem_coreservices.dylib
0x00000000046f5000 	/usr/lib/system/libsystem_coretls.dylib
0x00000000046f5000 	/usr/lib/system/libsystem_dnssd.dylib
0x00000000046f5000 	/usr/lib/system/libsystem_info.dylib
0x00000000046f5000 	/usr/lib/system/libsystem_kernel.dylib
0x00000000046f5000 	/usr/lib/system/libsystem_m.dylib
0x00000000046f5000 	/usr/lib/system/libsystem_malloc.dylib
0x00000000046f5000 	/usr/lib/system/libsystem_network.dylib
0x00000000046f5000 	/usr/lib/system/libsystem_networkextension.dylib
0x00000000046f5000 	/usr/lib/system/libsystem_notify.dylib
0x00000000046f5000 	/usr/lib/system/libsystem_platform.dylib
0x00000000046f5000 	/usr/lib/system/libsystem_pthread.dylib
0x00000000046f5000 	/usr/lib/system/libsystem_sandbox.dylib
0x00000000046f5000 	/usr/lib/system/libsystem_secinit.dylib
0x00000000046f5000 	/usr/lib/system/libsystem_trace.dylib
0x00000000046f5000 	/usr/lib/system/libunc.dylib
0x00000000046f5000 	/usr/lib/system/libunwind.dylib
0x00000000046f5000 	/usr/lib/system/libxpc.dylib
0x00000000046f5000 	/usr/lib/libenergytrace.dylib
0x00000000046f5000 	/usr/lib/libbsm.0.dylib
0x00000000046f5000 	/usr/lib/system/libkxld.dylib
0x00000000046f5000 	/usr/lib/libxar.1.dylib
0x00000000046f5000 	/usr/lib/libsqlite3.dylib
0x00000000046f5000 	/usr/lib/libpam.2.dylib
0x00000000046f5000 	/usr/lib/libOpenScriptingUtil.dylib
0x00000000046f5000 	/usr/lib/libbz2.1.0.dylib
0x00000000046f5000 	/usr/lib/liblzma.5.dylib
0x00000000046f5000 	/System/Library/Frameworks/CoreServices.framework/Versions/A/Frameworks/FSEvents.framework/Versions/A/FSEvents
0x00000000046f5000 	/System/Library/Frameworks/CoreServices.framework/Versions/A/Frameworks/CarbonCore.framework/Versions/A/CarbonCore
0x00000000046f5000 	/System/Library/Frameworks/CoreServices.framework/Versions/A/Frameworks/Metadata.framework/Versions/A/Metadata
0x00000000046f5000 	/System/Library/Frameworks/CoreServices.framework/Versions/A/Frameworks/OSServices.framework/Versions/A/OSServices
0x00000000046f5000 	/System/Library/Frameworks/CoreServices.framework/Versions/A/Frameworks/SearchKit.framework/Versions/A/SearchKit
0x00000000046f5000 	/System/Library/Frameworks/CoreServices.framework/Versions/A/Frameworks/AE.framework/Versions/A/AE
0x00000000046f5000 	/System/Library/Frameworks/CoreServices.framework/Versions/A/Frameworks/LaunchServices.framework/Versions/A/LaunchServices
0x00000000046f5000 	/System/Library/Frameworks/CoreServices.framework/Versions/A/Frameworks/DictionaryServices.framework/Versions/A/DictionaryServices
0x00000000046f5000 	/System/Library/Frameworks/CoreServices.framework/Versions/A/Frameworks/SharedFileList.framework/Versions/A/SharedFileList
0x00000000046f5000 	/System/Library/Frameworks/NetFS.framework/Versions/A/NetFS
0x00000000046f5000 	/System/Library/PrivateFrameworks/NetAuth.framework/Versions/A/NetAuth
0x00000000046f5000 	/System/Library/PrivateFrameworks/login.framework/Versions/A/Frameworks/loginsupport.framework/Versions/A/loginsupport
0x00000000046f5000 	/System/Library/PrivateFrameworks/TCC.framework/Versions/A/TCC
0x00000000046f5000 	/usr/lib/libmecabra.dylib
0x00000000046f5000 	/System/Library/Frameworks/ApplicationServices.framework/Versions/A/Frameworks/ATS.framework/Versions/A/ATS
0x00000000046f5000 	/System/Library/Frameworks/ApplicationServices.framework/Versions/A/Frameworks/ColorSync.framework/Versions/A/ColorSync
0x00000000046f5000 	/System/Library/Frameworks/ApplicationServices.framework/Versions/A/Frameworks/HIServices.framework/Versions/A/HIServices
0x00000000046f5000 	/System/Library/Frameworks/ApplicationServices.framework/Versions/A/Frameworks/LangAnalysis.framework/Versions/A/LangAnalysis
0x00000000046f5000 	/System/Library/Frameworks/ApplicationServices.framework/Versions/A/Frameworks/PrintCore.framework/Versions/A/PrintCore
0x00000000046f5000 	/System/Library/Frameworks/ApplicationServices.framework/Versions/A/Frameworks/QD.framework/Versions/A/QD
0x00000000046f5000 	/System/Library/Frameworks/ApplicationServices.framework/Versions/A/Frameworks/SpeechSynthesis.framework/Versions/A/SpeechSynthesis
0x00000000046f5000 	/System/Library/Frameworks/Metal.framework/Versions/A/Metal
0x00000000046f5000 	/System/Library/Frameworks/Accelerate.framework/Versions/A/Frameworks/vImage.framework/Versions/A/vImage
0x00000000046f5000 	/System/Library/Frameworks/Accelerate.framework/Versions/A/Frameworks/vecLib.framework/Versions/A/vecLib
0x00000000046f5000 	/System/Library/Frameworks/Accelerate.framework/Versions/A/Frameworks/vecLib.framework/Versions/A/libvDSP.dylib
0x00000000046f5000 	/System/Library/Frameworks/Accelerate.framework/Versions/A/Frameworks/vecLib.framework/Versions/A/libvMisc.dylib
0x00000000046f5000 	/System/Library/Frameworks/Accelerate.framework/Versions/A/Frameworks/vecLib.framework/Versions/A/libLAPACK.dylib
0x00000000046f5000 	/System/Library/Frameworks/Accelerate.framework/Versions/A/Frameworks/vecLib.framework/Versions/A/libBLAS.dylib
0x00000000046f5000 	/System/Library/Frameworks/Accelerate.framework/Versions/A/Frameworks/vecLib.framework/Versions/A/libLinearAlgebra.dylib
0x00000000046f5000 	/System/Library/Frameworks/Accelerate.framework/Versions/A/Frameworks/vecLib.framework/Versions/A/libSparseBLAS.dylib
0x00000000046f5000 	/System/Library/PrivateFrameworks/GPUCompiler.framework/libmetal_timestamp.dylib
0x00000000046f5000 	/System/Library/Frameworks/OpenGL.framework/Versions/A/Libraries/libCoreFSCache.dylib
0x00000000046f5000 	/System/Library/PrivateFrameworks/IOAccelerator.framework/Versions/A/IOAccelerator
0x00000000046f5000 	/System/Library/Frameworks/ApplicationServices.framework/Versions/A/Frameworks/ATS.framework/Versions/A/Resources/libFontParser.dylib
0x00000000046f5000 	/System/Library/Frameworks/ApplicationServices.framework/Versions/A/Frameworks/ATS.framework/Versions/A/Resources/libFontRegistry.dylib
0x00000000046f5000 	/System/Library/PrivateFrameworks/AppleVPA.framework/Versions/A/AppleVPA
0x00000000046f5000 	/System/Library/PrivateFrameworks/AppleJPEG.framework/Versions/A/AppleJPEG
0x00000000046f5000 	/System/Library/Frameworks/ImageIO.framework/Versions/A/Resources/libJPEG.dylib
0x00000000046f5000 	/System/Library/Frameworks/ImageIO.framework/Versions/A/Resources/libTIFF.dylib
0x00000000046f5000 	/System/Library/Frameworks/ImageIO.framework/Versions/A/Resources/libPng.dylib
0x00000000046f5000 	/System/Library/Frameworks/ImageIO.framework/Versions/A/Resources/libGIF.dylib
0x00000000046f5000 	/System/Library/Frameworks/ImageIO.framework/Versions/A/Resources/libJP2.dylib
0x00000000046f5000 	/System/Library/Frameworks/ImageIO.framework/Versions/A/Resources/libRadiance.dylib
0x00000000046f5000 	/System/Library/Frameworks/CoreVideo.framework/Versions/A/CoreVideo
0x00000000046f5000 	/System/Library/Frameworks/OpenGL.framework/Versions/A/Libraries/libGLU.dylib
0x00000000046f5000 	/System/Library/Frameworks/OpenGL.framework/Versions/A/Libraries/libGFXShared.dylib
0x00000000046f5000 	/System/Library/Frameworks/OpenGL.framework/Versions/A/Libraries/libGL.dylib
0x00000000046f5000 	/System/Library/Frameworks/OpenGL.framework/Versions/A/Libraries/libGLImage.dylib
0x00000000046f5000 	/System/Library/Frameworks/OpenGL.framework/Versions/A/Libraries/libCVMSPluginSupport.dylib
0x00000000046f5000 	/System/Library/Frameworks/OpenGL.framework/Versions/A/Libraries/libCoreVMClient.dylib
0x00000000046f5000 	/usr/lib/libcompression.dylib
0x00000000046f5000 	/usr/lib/libcups.2.dylib
0x00000000046f5000 	/System/Library/Frameworks/Kerberos.framework/Versions/A/Kerberos
0x00000000046f5000 	/System/Library/Frameworks/GSS.framework/Versions/A/GSS
0x00000000046f5000 	/usr/lib/libresolv.9.dylib
0x00000000046f5000 	/usr/lib/libiconv.2.dylib
0x00000000046f5000 	/System/Library/PrivateFrameworks/Heimdal.framework/Versions/A/Heimdal
0x00000000046f5000 	/usr/lib/libheimdal-asn1.dylib
0x00000000046f5000 	/System/Library/Frameworks/OpenDirectory.framework/Versions/A/OpenDirectory
0x00000000046f5000 	/System/Library/PrivateFrameworks/CommonAuth.framework/Versions/A/CommonAuth
0x00000000046f5000 	/System/Library/Frameworks/OpenDirectory.framework/Versions/A/Frameworks/CFOpenDirectory.framework/Versions/A/CFOpenDirectory
0x00000000046f5000 	/System/Library/Frameworks/SecurityFoundation.framework/Versions/A/SecurityFoundation
0x00000000046f5000 	/System/Library/PrivateFrameworks/LanguageModeling.framework/Versions/A/LanguageModeling
0x00000000046f5000 	/usr/lib/libmarisa.dylib
0x00000000046f5000 	/usr/lib/libChineseTokenizer.dylib
0x00000000046f5000 	/usr/lib/libcmph.dylib
0x00000000046f5000 	/System/Library/Frameworks/ServiceManagement.framework/Versions/A/ServiceManagement
0x00000000046f5000 	/usr/lib/libxslt.1.dylib
0x00000000046f5000 	/System/Library/Frameworks/Carbon.framework/Versions/A/Frameworks/Ink.framework/Versions/A/Ink
0x00000000046f5000 	/usr/lib/libFosl_dynamic.dylib
0x00000000046f5000 	/System/Library/PrivateFrameworks/FaceCore.framework/Versions/A/FaceCore
0x00000000046f5000 	/System/Library/Frameworks/OpenCL.framework/Versions/A/OpenCL
0x00000000046f5000 	/System/Library/PrivateFrameworks/CrashReporterSupport.framework/Versions/A/CrashReporterSupport
0x00000000046f5000 	/System/Library/PrivateFrameworks/IconServices.framework/Versions/A/IconServices
0x00000000046f5000 	/System/Library/PrivateFrameworks/Apple80211.framework/Versions/A/Apple80211
0x00000000046f5000 	/System/Library/Frameworks/CoreWLAN.framework/Versions/A/CoreWLAN
0x00000000046f5000 	/System/Library/Frameworks/IOBluetooth.framework/Versions/A/IOBluetooth
0x00000000046f5000 	/System/Library/PrivateFrameworks/CoreWiFi.framework/Versions/A/CoreWiFi
0x00000000046f5000 	/System/Library/Frameworks/CoreBluetooth.framework/Versions/A/CoreBluetooth
0x00000000046f5000 	/System/Library/PrivateFrameworks/ChunkingLibrary.framework/Versions/A/ChunkingLibrary
0x00000000046f5000 	/System/Library/PrivateFrameworks/DebugSymbols.framework/Versions/A/DebugSymbols
0x00000000046f5000 	/System/Library/PrivateFrameworks/CoreSymbolication.framework/Versions/A/CoreSymbolication
0x00000000046f5000 	/System/Library/PrivateFrameworks/Symbolication.framework/Versions/A/Symbolication
0x00000000046f5000 	/System/Library/PrivateFrameworks/SpeechRecognitionCore.framework/Versions/A/SpeechRecognitionCore
0x0000000105400000 	/Library/Java/JavaVirtualMachines/jdk1.8.0_112.jdk/Contents/Home/jre/lib/server/libjvm.dylib
0x00000000046f5000 	/usr/lib/libstdc++.6.dylib
0x000000010425b000 	/Library/Java/JavaVirtualMachines/jdk1.8.0_112.jdk/Contents/Home/jre/lib/libverify.dylib
0x0000000104269000 	/Library/Java/JavaVirtualMachines/jdk1.8.0_112.jdk/Contents/Home/jre/lib/libjava.dylib
0x00000001042a7000 	/Library/Java/JavaVirtualMachines/jdk1.8.0_112.jdk/Contents/Home/jre/lib/libzip.dylib
0x000000012130e000 	/System/Library/Frameworks/JavaVM.framework/Frameworks/JavaRuntimeSupport.framework/JavaRuntimeSupport
0x0000000121329000 	/System/Library/Frameworks/JavaVM.framework/Versions/A/Frameworks/JavaNativeFoundation.framework/Versions/A/JavaNativeFoundation
0x000000012133e000 	/System/Library/Frameworks/JavaVM.framework/Versions/A/JavaVM
0x00000000046f5000 	/System/Library/Frameworks/Carbon.framework/Versions/A/Carbon
0x000000012134b000 	/System/Library/PrivateFrameworks/JavaLaunching.framework/Versions/A/JavaLaunching
0x00000000046f5000 	/System/Library/Frameworks/Carbon.framework/Versions/A/Frameworks/CommonPanels.framework/Versions/A/CommonPanels
0x00000000046f5000 	/System/Library/Frameworks/Carbon.framework/Versions/A/Frameworks/Help.framework/Versions/A/Help
0x00000000046f5000 	/System/Library/Frameworks/Carbon.framework/Versions/A/Frameworks/ImageCapture.framework/Versions/A/ImageCapture
0x00000000046f5000 	/System/Library/Frameworks/Carbon.framework/Versions/A/Frameworks/OpenScripting.framework/Versions/A/OpenScripting
0x00000000046f5000 	/System/Library/Frameworks/Carbon.framework/Versions/A/Frameworks/Print.framework/Versions/A/Print
0x00000000046f5000 	/System/Library/Frameworks/Carbon.framework/Versions/A/Frameworks/SecurityHI.framework/Versions/A/SecurityHI
0x0000000122df2000 	/Applications/IntelliJ IDEA.app/Contents/bin/libbreakgen64.jnilib
0x0000000122df5000 	/Library/Java/JavaVirtualMachines/jdk1.8.0_112.jdk/Contents/Home/jre/lib/libnet.dylib
0x0000000123225000 	/Library/Java/JavaVirtualMachines/jdk1.8.0_112.jdk/Contents/Home/jre/lib/libnio.dylib
0x0000000123235000 	/private/var/folders/w8/rhytzkk54lj2ml70451qh5q80000gp/T/lwjglmanukhovanesian/3.1.1-build-16/liblwjgl.dylib
0x0000000123259000 	/private/var/folders/w8/rhytzkk54lj2ml70451qh5q80000gp/T/lwjglmanukhovanesian/3.1.1-build-16/liblwjgl_opengl.dylib

VM Arguments:
jvm_args: -Djava.awt.headless=true -Didea.launcher.port=7533 -Didea.launcher.bin.path=/Applications/IntelliJ IDEA.app/Contents/bin -Dfile.encoding=UTF-8 
java_command: com.intellij.rt.execution.application.AppMain engine.KamiEngine
java_class_path (initial): /Library/Java/JavaVirtualMachines/jdk1.8.0_112.jdk/Contents/Home/jre/lib/charsets.jar:/Library/Java/JavaVirtualMachines/jdk1.8.0_112.jdk/Contents/Home/jre/lib/deploy.jar:/Library/Java/JavaVirtualMachines/jdk1.8.0_112.jdk/Contents/Home/jre/lib/ext/cldrdata.jar:/Library/Java/JavaVirtualMachines/jdk1.8.0_112.jdk/Contents/Home/jre/lib/ext/dnsns.jar:/Library/Java/JavaVirtualMachines/jdk1.8.0_112.jdk/Contents/Home/jre/lib/ext/jaccess.jar:/Library/Java/JavaVirtualMachines/jdk1.8.0_112.jdk/Contents/Home/jre/lib/ext/jfxrt.jar:/Library/Java/JavaVirtualMachines/jdk1.8.0_112.jdk/Contents/Home/jre/lib/ext/localedata.jar:/Library/Java/JavaVirtualMachines/jdk1.8.0_112.jdk/Contents/Home/jre/lib/ext/nashorn.jar:/Library/Java/JavaVirtualMachines/jdk1.8.0_112.jdk/Contents/Home/jre/lib/ext/sunec.jar:/Library/Java/JavaVirtualMachines/jdk1.8.0_112.jdk/Contents/Home/jre/lib/ext/sunjce_provider.jar:/Library/Java/JavaVirtualMachines/jdk1.8.0_112.jdk/Contents/Home/jre/lib/ext/sunpkcs11.jar:/Library/Java/JavaVirtualMachines/jdk1.8.0_112.jdk/Contents/Home/jre/lib/ext/zipfs.jar:/Library/Java/JavaVirtualMachines/jdk1.8.0_112.jdk/Contents/Home/jre/lib/javaws.jar:/Library/Java/JavaVirtualMachines/jdk1.8.0_112.jdk/Contents/Home/jre/lib/jce.jar:/Library/Java/JavaVirtualMachines/jdk1.8.0_112.jdk/Contents/Home/jre/lib/jfr.jar:/Library/Java/JavaVirtualMachines/jdk1.8.0_112.jdk/Contents/Home/jre/lib/jfxswt.jar:/Library/Java/JavaVirtualMachines/jdk1.8.0_112.jdk/Contents/Home/jre/lib/jsse.jar:/Library/Java/JavaVirtualMachines/jdk1.8.0_112.jdk/Contents/Home/jre/lib/management-agent.jar:/Library/Java/JavaVirtualMachines/jdk1.8.0_112.jdk/Contents/Home/jre/lib/plugin.jar:/Library/Java/JavaVirtualMachines/jdk1.8.0_112.jdk/Contents/Home/jre/lib/resources.jar:/Library/Java/JavaVirtualMachines/jdk1.8.0_112.jdk/Contents/Home/jre/lib/rt.jar:/Library/Java/JavaVirtualMachines/jdk1.8.0_112.jdk/Contents/Home/lib/ant-javafx.jar:/Library/Java/JavaVirtualMachines/jdk1.8.0_112.jdk/Contents/Home
Launcher Type: SUN_STANDARD

Environment Variables:
PATH=/usr/local/bin:/usr/bin:/bin:/usr/sbin:/sbin
SHELL=/bin/bash

Signal Handlers:
SIGSEGV: [libjvm.dylib+0x5b11a5], sa_mask[0]=11111111011111110111111111111111, sa_flags=SA_ONSTACK|SA_RESTART|SA_SIGINFO
SIGBUS: [libjvm.dylib+0x5b11a5], sa_mask[0]=11111111011111110111111111111111, sa_flags=SA_RESTART|SA_SIGINFO
SIGFPE: [libjvm.dylib+0x487dc0], sa_mask[0]=11111111011111110111111111111111, sa_flags=SA_RESTART|SA_SIGINFO
SIGPIPE: [libjvm.dylib+0x487dc0], sa_mask[0]=11111111011111110111111111111111, sa_flags=SA_RESTART|SA_SIGINFO
SIGXFSZ: [libjvm.dylib+0x487dc0], sa_mask[0]=11111111011111110111111111111111, sa_flags=SA_RESTART|SA_SIGINFO
SIGILL: [libjvm.dylib+0x487dc0], sa_mask[0]=11111111011111110111111111111111, sa_flags=SA_RESTART|SA_SIGINFO
SIGUSR1: SIG_DFL, sa_mask[0]=00000000000000000000000000000000, sa_flags=none
SIGUSR2: [libjvm.dylib+0x4878de], sa_mask[0]=00100000000000000000000000000000, sa_flags=SA_RESTART|SA_SIGINFO
SIGHUP: [libjvm.dylib+0x485eb5], sa_mask[0]=11111111011111110111111111111111, sa_flags=SA_RESTART|SA_SIGINFO
SIGINT: [libjvm.dylib+0x485eb5], sa_mask[0]=11111111011111110111111111111111, sa_flags=SA_RESTART|SA_SIGINFO
SIGTERM: [libjvm.dylib+0x485eb5], sa_mask[0]=11111111011111110111111111111111, sa_flags=SA_RESTART|SA_SIGINFO
SIGQUIT: [libjvm.dylib+0x485eb5], sa_mask[0]=11111111011111110111111111111111, sa_flags=SA_RESTART|SA_SIGINFO


---------------  S Y S T E M  ---------------

OS:Bsduname:Darwin 15.6.0 Darwin Kernel Version 15.6.0: Thu Jun 23 18:25:34 PDT 2016; root:xnu-3248.60.10~1/RELEASE_X86_64 x86_64
rlimit: STACK 8192k, CORE 0k, NPROC 709, NOFILE 10240, AS infinity
load average:2.07 2.13 2.04

CPU:total 8 (4 cores per cpu, 2 threads per core) family 6 model 70 stepping 1, cmov, cx8, fxsr, mmx, sse, sse2, sse3, ssse3, sse4.1, sse4.2, popcnt, avx, avx2, aes, clmul, erms, lzcnt, ht, tsc, tscinvbit, bmi1, bmi2

Memory: 4k page, physical 16777216k(1265388k free)

/proc/meminfo:


vm_info: Java HotSpot(TM) 64-Bit Server VM (25.112-b16) for bsd-amd64 JRE (1.8.0_112-b16), built on Sep 30 2016 22:41:41 by "java_re" with gcc 4.2.1 (Based on Apple Inc. build 5658) (LLVM build 2336.11.00)

time: Wed May 17 07:52:02 2017
elapsed time: 0 seconds (0d 0h 0m 0s)

