#
# A fatal error has been detected by the Java Runtime Environment:
#
#  SIGSEGV (0xb) at pc=0x00007fff8e9007c8, pid=1205, tid=0x0000000000000a0b
#
# JRE version: Java(TM) SE Runtime Environment (8.0_112-b16) (build 1.8.0_112-b16)
# Java VM: Java HotSpot(TM) 64-Bit Server VM (25.112-b16 mixed mode bsd-amd64 compressed oops)
# Problematic frame:
# C  [GLEngine+0x1587c8]  gleRunVertexSubmitImmediate+0x13d8
#
# Failed to write core dump. Core dumps have been disabled. To enable core dumping, try "ulimit -c unlimited" before starting Java again
#
# If you would like to submit a bug report, please visit:
#   http://bugreport.java.com/bugreport/crash.jsp
# The crash happened outside the Java Virtual Machine in native code.
# See problematic frame for where to report the bug.
#

---------------  T H R E A D  ---------------

Current thread (0x00007fd50c000800):  JavaThread "main" [_thread_in_native, id=2571, stack(0x00007fff5b17c000,0x00007fff5b97c000)]

siginfo: si_signo: 11 (SIGSEGV), si_code: 1 (SEGV_MAPERR), si_addr: 0x0000000000000000

Registers:
RAX=0x0000000000000000, RBX=0x0000000000000001, RCX=0x00007fff8e9007c8, RDX=0x00007fff8e9022ec
RSP=0x00007fff5b976e40, RBP=0x00007fff5b9770d0, RSI=0x00007fff8e90079f, RDI=0x00007fff8e9021ec
R8 =0x0000000106401083, R9 =0x00007fd50a28b550, R10=0x0000000000000002, R11=0x0000000000000005
R12=0x0000000000000832, R13=0x0000000000000000, R14=0x0000000000000000, R15=0x0000000000000106
RIP=0x00007fff8e9007c8, EFLAGS=0x0000000000010213, ERR=0x0000000000000004
  TRAPNO=0x000000000000000e

Top of Stack: (sp=0x00007fff5b976e40)
0x00007fff5b976e40:   0000000129279000 0000000000000002
0x00007fff5b976e50:   00007fff5b976f70 0000000125935cf3
0x00007fff5b976e60:   00007fff00010000 0000000125935cbf
0x00007fff5b976e70:   00007fd50a28add8 0000000000000000
0x00007fff5b976e80:   0000000000003c00 00000400042a2a00
0x00007fff5b976e90:   0000000000000002 00007fd50a28b380
0x00007fff5b976ea0:   0001234225972110 0123420100000002
0x00007fff5b976eb0:   00000000fffffffc 00000004000000c8
0x00007fff5b976ec0:   0000000000000020 000c000000000000
0x00007fff5b976ed0:   0000000000000000 000000000000000c
0x00007fff5b976ee0:   00007fd50a28b448 0000000000000000
0x00007fff5b976ef0:   00007fff5b976f20 00007fff928c2b73
0x00007fff5b976f00:   00007fd50863e290 000000010863e250
0x00007fff5b976f10:   00007fd50a28abb0 00007fd50d8001a0
0x00007fff5b976f20:   00007fd50d800160 00007fd50d800180
0x00007fff5b976f30:   00007fd50d800150 00007fff5b977068
0x00007fff5b976f40:   00007fd50d800190 00007fd50d800170
0x00007fff5b976f50:   00007fd50d800140 0000000000000000
0x00007fff5b976f60:   0000000000000000 00007fd50d800190
0x00007fff5b976f70:   00007fd50d800190 0000000000000000
0x00007fff5b976f80:   0000000600000011 0000000000000000
0x00007fff5b976f90:   0000000100000000 0000000000000002
0x00007fff5b976fa0:   0000000000000000 00007fd50d800000
0x00007fff5b976fb0:   0000000002106000 00000000ffffffff
0x00007fff5b976fc0:   fffffffe00000001 00007fd50a28b550
0x00007fff5b976fd0:   0000000000000001 0000083200841800
0x00007fff5b976fe0:   00007fd50d803da0 00007fd50d803fb0
0x00007fff5b976ff0:   0000000000000000 0000000000000001
0x00007fff5b977000:   00007fd50c176800 00007fd50a28ab90
0x00007fff5b977010:   0000000000000000 0000000000000000
0x00007fff5b977020:   0000000000000000 0000000000000000
0x00007fff5b977030:   0000000000000000 0000000000000000 

Instructions: (pc=0x00007fff8e9007c8)
0x00007fff8e9007a8:   c8 fe ff ff 8d 49 ff 83 f9 03 0f 87 48 10 00 00
0x00007fff8e9007b8:   48 8d 15 2d 1b 00 00 48 63 0c 8a 48 01 d1 ff e1
0x00007fff8e9007c8:   48 8b 00 48 89 85 a0 fe ff ff 48 89 45 80 e9 25
0x00007fff8e9007d8:   10 00 00 49 c1 e7 17 41 81 e7 00 00 80 0f 48 8b 

Register to memory mapping:

RAX=0x0000000000000000 is an unknown value
RBX=0x0000000000000001 is an unknown value
RCX=0x00007fff8e9007c8: gleRunVertexSubmitImmediate+0x13d8 in /System/Library/Frameworks/OpenGL.framework/Versions/A/Resources/GLEngine.bundle/GLEngine at 0x00007fff8e7a8000
RDX=0x00007fff8e9022ec: gleRunVertexSubmitImmediate+0x2efc in /System/Library/Frameworks/OpenGL.framework/Versions/A/Resources/GLEngine.bundle/GLEngine at 0x00007fff8e7a8000
RSP=0x00007fff5b976e40 is pointing into the stack for thread: 0x00007fd50c000800
RBP=0x00007fff5b9770d0 is pointing into the stack for thread: 0x00007fd50c000800
RSI=0x00007fff8e90079f: gleRunVertexSubmitImmediate+0x13af in /System/Library/Frameworks/OpenGL.framework/Versions/A/Resources/GLEngine.bundle/GLEngine at 0x00007fff8e7a8000
RDI=0x00007fff8e9021ec: gleRunVertexSubmitImmediate+0x2dfc in /System/Library/Frameworks/OpenGL.framework/Versions/A/Resources/GLEngine.bundle/GLEngine at 0x00007fff8e7a8000
R8 =0x0000000106401083: _ZZ21WB_ReadReservedMemoryE1p+0x4f045b in /Library/Java/JavaVirtualMachines/jdk1.8.0_112.jdk/Contents/Home/jre/lib/server/libjvm.dylib at 0x0000000105600000
R9 =0x00007fd50a28b550 is an unknown value
R10=0x0000000000000002 is an unknown value
R11=0x0000000000000005 is an unknown value
R12=0x0000000000000832 is an unknown value
R13=0x0000000000000000 is an unknown value
R14=0x0000000000000000 is an unknown value
R15=0x0000000000000106 is an unknown value


Stack: [0x00007fff5b17c000,0x00007fff5b97c000],  sp=0x00007fff5b976e40,  free space=8171k
Native frames: (J=compiled Java code, j=interpreted, Vv=VM code, C=native code)
C  [GLEngine+0x1587c8]  gleRunVertexSubmitImmediate+0x13d8
C  [GLEngine+0x28128]  glDrawArrays_Exec+0x285
j  org.lwjgl.opengl.GL11.nglDrawArrays(III)V+0
j  org.lwjgl.opengl.GL11.glDrawArrays(III)V+3
j  paint.painter.PainterLwjgl.run()V+132
j  engine.KamiEngine.begin()V+257
j  engine.KamiEngine.main([Ljava/lang/String;)V+10
v  ~StubRoutines::call_stub
V  [libjvm.dylib+0x2edbd2]
V  [libjvm.dylib+0x4d28c0]
V  [libjvm.dylib+0x4d2df4]
V  [libjvm.dylib+0x345fb4]
j  sun.reflect.NativeMethodAccessorImpl.invoke0(Ljava/lang/reflect/Method;Ljava/lang/Object;[Ljava/lang/Object;)Ljava/lang/Object;+0
j  sun.reflect.NativeMethodAccessorImpl.invoke(Ljava/lang/Object;[Ljava/lang/Object;)Ljava/lang/Object;+100
j  sun.reflect.DelegatingMethodAccessorImpl.invoke(Ljava/lang/Object;[Ljava/lang/Object;)Ljava/lang/Object;+6
j  java.lang.reflect.Method.invoke(Ljava/lang/Object;[Ljava/lang/Object;)Ljava/lang/Object;+56
j  com.intellij.rt.execution.application.AppMain.main([Ljava/lang/String;)V+170
v  ~StubRoutines::call_stub
V  [libjvm.dylib+0x2edbd2]
V  [libjvm.dylib+0x3249ca]
V  [libjvm.dylib+0x31d741]
C  [java+0x3931]  JavaMain+0x9c4
C  [java+0x5590]  -[JavaLaunchHelper launchJava:]+0x2a
C  [Foundation+0x76fde]  __NSThreadPerformPerform+0x117
C  [CoreFoundation+0xaa881]  __CFRUNLOOP_IS_CALLING_OUT_TO_A_SOURCE0_PERFORM_FUNCTION__+0x11
C  [CoreFoundation+0x89fbc]  __CFRunLoopDoSources0+0x22c
C  [CoreFoundation+0x894df]  __CFRunLoopRun+0x39f
C  [CoreFoundation+0x88ed8]  CFRunLoopRunSpecific+0x128
C  [java+0x6465]  CreateExecutionEnvironment+0x367
C  [java+0x218c]  JLI_Launch+0x7a0
C  [java+0x84c2]  main+0x65
C  [java+0x19e4]  start+0x34
C  0x000000000000000a

Java frames: (J=compiled Java code, j=interpreted, Vv=VM code)
j  org.lwjgl.opengl.GL11.nglDrawArrays(III)V+0
j  org.lwjgl.opengl.GL11.glDrawArrays(III)V+3
j  paint.painter.PainterLwjgl.run()V+132
j  engine.KamiEngine.begin()V+257
j  engine.KamiEngine.main([Ljava/lang/String;)V+10
v  ~StubRoutines::call_stub
j  sun.reflect.NativeMethodAccessorImpl.invoke0(Ljava/lang/reflect/Method;Ljava/lang/Object;[Ljava/lang/Object;)Ljava/lang/Object;+0
j  sun.reflect.NativeMethodAccessorImpl.invoke(Ljava/lang/Object;[Ljava/lang/Object;)Ljava/lang/Object;+100
j  sun.reflect.DelegatingMethodAccessorImpl.invoke(Ljava/lang/Object;[Ljava/lang/Object;)Ljava/lang/Object;+6
j  java.lang.reflect.Method.invoke(Ljava/lang/Object;[Ljava/lang/Object;)Ljava/lang/Object;+56
j  com.intellij.rt.execution.application.AppMain.main([Ljava/lang/String;)V+170
v  ~StubRoutines::call_stub

---------------  P R O C E S S  ---------------

Java Threads: ( => current thread )
  0x00007fd50c10f000 JavaThread "Java2D Disposer" daemon [_thread_blocked, id=61191, stack(0x000070000186b000,0x000070000196b000)]
  0x00007fd5098ba800 JavaThread "Monitor Ctrl-Break" daemon [_thread_in_native, id=21251, stack(0x00007000013d3000,0x00007000014d3000)]
  0x00007fd50880b800 JavaThread "Service Thread" daemon [_thread_blocked, id=20227, stack(0x00007000011cd000,0x00007000012cd000)]
  0x00007fd508816000 JavaThread "C1 CompilerThread3" daemon [_thread_blocked, id=19715, stack(0x00007000010ca000,0x00007000011ca000)]
  0x00007fd50a801800 JavaThread "C2 CompilerThread2" daemon [_thread_blocked, id=19203, stack(0x0000700000fc7000,0x00007000010c7000)]
  0x00007fd509018000 JavaThread "C2 CompilerThread1" daemon [_thread_in_native, id=18691, stack(0x0000700000ec4000,0x0000700000fc4000)]
  0x00007fd50880a800 JavaThread "C2 CompilerThread0" daemon [_thread_in_native, id=18179, stack(0x0000700000dc1000,0x0000700000ec1000)]
  0x00007fd509016800 JavaThread "Signal Dispatcher" daemon [_thread_blocked, id=15887, stack(0x0000700000cbe000,0x0000700000dbe000)]
  0x00007fd50900c800 JavaThread "Finalizer" daemon [_thread_blocked, id=14339, stack(0x0000700000b38000,0x0000700000c38000)]
  0x00007fd509854800 JavaThread "Reference Handler" daemon [_thread_blocked, id=13827, stack(0x0000700000a35000,0x0000700000b35000)]
=>0x00007fd50c000800 JavaThread "main" [_thread_in_native, id=2571, stack(0x00007fff5b17c000,0x00007fff5b97c000)]

Other Threads:
  0x00007fd50b002000 VMThread [stack: 0x0000700000932000,0x0000700000a32000] [id=13315]
  0x00007fd508819000 WatcherThread [stack: 0x00007000012d0000,0x00007000013d0000] [id=20739]

VM state:not at safepoint (normal execution)

VM Mutex/Monitor currently owned by a thread: None

Heap:
 PSYoungGen      total 141824K, used 28493K [0x000000076ab00000, 0x0000000774000000, 0x00000007c0000000)
  eden space 131072K, 21% used [0x000000076ab00000,0x000000076c6d35f0,0x0000000772b00000)
  from space 10752K, 0% used [0x0000000773580000,0x0000000773580000,0x0000000774000000)
  to   space 10752K, 0% used [0x0000000772b00000,0x0000000772b00000,0x0000000773580000)
 ParOldGen       total 858112K, used 604118K [0x00000006c0000000, 0x00000006f4600000, 0x000000076ab00000)
  object space 858112K, 70% used [0x00000006c0000000,0x00000006e4df5b08,0x00000006f4600000)
 Metaspace       used 8986K, capacity 9195K, committed 9472K, reserved 1058816K
  class space    used 880K, capacity 967K, committed 1024K, reserved 1048576K

Card table byte_map: [0x0000000115962000,0x0000000116163000] byte_map_base: 0x0000000112362000

Marking Bits: (ParMarkBitMap*) 0x0000000105ef0d30
 Begin Bits: [0x00000001166b9000, 0x000000011a6b9000)
 End Bits:   [0x000000011a6b9000, 0x000000011e6b9000)

Polling page: 0x0000000104548000

CodeCache: size=245760Kb used=3226Kb max_used=3238Kb free=242533Kb
 bounds [0x00000001065a2000, 0x00000001068d2000, 0x00000001155a2000]
 total_blobs=1652 nmethods=785 adapters=781
 compilation: enabled

Compilation events (10 events):
Event: 2.864 Thread 0x00007fd50880a800  738       4       engine.Math3D::magnitude (17 bytes)
Event: 2.864 Thread 0x00007fd50880a800 nmethod 738 0x000000010689e990 code [0x000000010689eac0, 0x000000010689eb18]
Event: 2.864 Thread 0x00007fd50880a800  722       4       shapes.StaticCube::initGeom (1256 bytes)
Event: 2.870 Thread 0x00007fd50a801800 nmethod 759 0x00000001068ca550 code [0x00000001068ca740, 0x00000001068cb2d8]
Event: 2.870 Thread 0x00007fd50a801800  786       4       java.util.LinkedList::node (65 bytes)
Event: 2.872 Thread 0x00007fd50a801800 nmethod 786 0x00000001068c2c50 code [0x00000001068c2da0, 0x00000001068c2f38]
Event: 2.872 Thread 0x00007fd50a801800  718 %     4       world.WorldChunk::<init> @ 32 (81 bytes)
Event: 2.876 Thread 0x00007fd50a801800 nmethod 718% 0x00000001068bfd90 code [0x00000001068bff20, 0x00000001068c0398]
Event: 2.876 Thread 0x00007fd50a801800  787       4       java.util.LinkedList::get (14 bytes)
Event: 2.879 Thread 0x00007fd50a801800 nmethod 787 0x00000001068cc650 code [0x00000001068cc7a0, 0x00000001068cc998]

GC Heap History (6 events):
Event: 1.950 GC heap before
{Heap before GC invocations=1 (full 0):
 PSYoungGen      total 76288K, used 65536K [0x000000076ab00000, 0x0000000770000000, 0x00000007c0000000)
  eden space 65536K, 100% used [0x000000076ab00000,0x000000076eb00000,0x000000076eb00000)
  from space 10752K, 0% used [0x000000076f580000,0x000000076f580000,0x0000000770000000)
  to   space 10752K, 0% used [0x000000076eb00000,0x000000076eb00000,0x000000076f580000)
 ParOldGen       total 175104K, used 0K [0x00000006c0000000, 0x00000006cab00000, 0x000000076ab00000)
  object space 175104K, 0% used [0x00000006c0000000,0x00000006c0000000,0x00000006cab00000)
 Metaspace       used 7332K, capacity 7521K, committed 7808K, reserved 1056768K
  class space    used 702K, capacity 772K, committed 896K, reserved 1048576K
Event: 1.982 GC heap after
Heap after GC invocations=1 (full 0):
 PSYoungGen      total 76288K, used 10736K [0x000000076ab00000, 0x0000000774000000, 0x00000007c0000000)
  eden space 65536K, 0% used [0x000000076ab00000,0x000000076ab00000,0x000000076eb00000)
  from space 10752K, 99% used [0x000000076eb00000,0x000000076f57c010,0x000000076f580000)
  to   space 10752K, 0% used [0x0000000773580000,0x0000000773580000,0x0000000774000000)
 ParOldGen       total 175104K, used 45447K [0x00000006c0000000, 0x00000006cab00000, 0x000000076ab00000)
  object space 175104K, 25% used [0x00000006c0000000,0x00000006c2c61ca0,0x00000006cab00000)
 Metaspace       used 7332K, capacity 7521K, committed 7808K, reserved 1056768K
  class space    used 702K, capacity 772K, committed 896K, reserved 1048576K
}
Event: 2.551 GC heap before
{Heap before GC invocations=2 (full 0):
 PSYoungGen      total 76288K, used 76272K [0x000000076ab00000, 0x0000000774000000, 0x00000007c0000000)
  eden space 65536K, 100% used [0x000000076ab00000,0x000000076eb00000,0x000000076eb00000)
  from space 10752K, 99% used [0x000000076eb00000,0x000000076f57c010,0x000000076f580000)
  to   space 10752K, 0% used [0x0000000773580000,0x0000000773580000,0x0000000774000000)
 ParOldGen       total 665600K, used 535447K [0x00000006c0000000, 0x00000006e8a00000, 0x000000076ab00000)
  object space 665600K, 80% used [0x00000006c0000000,0x00000006e0ae5cb0,0x00000006e8a00000)
 Metaspace       used 8953K, capacity 9125K, committed 9216K, reserved 1056768K
  class space    used 878K, capacity 966K, committed 1024K, reserved 1048576K
Event: 2.581 GC heap after
Heap after GC invocations=2 (full 0):
 PSYoungGen      total 141824K, used 10736K [0x000000076ab00000, 0x0000000774000000, 0x00000007c0000000)
  eden space 131072K, 0% used [0x000000076ab00000,0x000000076ab00000,0x0000000772b00000)
  from space 10752K, 99% used [0x0000000773580000,0x0000000773ffc010,0x0000000774000000)
  to   space 10752K, 0% used [0x0000000772b00000,0x0000000772b00000,0x0000000773580000)
 ParOldGen       total 665600K, used 596519K [0x00000006c0000000, 0x00000006e8a00000, 0x000000076ab00000)
  object space 665600K, 89% used [0x00000006c0000000,0x00000006e4689cb0,0x00000006e8a00000)
 Metaspace       used 8953K, capacity 9125K, committed 9216K, reserved 1056768K
  class space    used 878K, capacity 966K, committed 1024K, reserved 1048576K
}
Event: 2.581 GC heap before
{Heap before GC invocations=3 (full 1):
 PSYoungGen      total 141824K, used 10736K [0x000000076ab00000, 0x0000000774000000, 0x00000007c0000000)
  eden space 131072K, 0% used [0x000000076ab00000,0x000000076ab00000,0x0000000772b00000)
  from space 10752K, 99% used [0x0000000773580000,0x0000000773ffc010,0x0000000774000000)
  to   space 10752K, 0% used [0x0000000772b00000,0x0000000772b00000,0x0000000773580000)
 ParOldGen       total 665600K, used 596519K [0x00000006c0000000, 0x00000006e8a00000, 0x000000076ab00000)
  object space 665600K, 89% used [0x00000006c0000000,0x00000006e4689cb0,0x00000006e8a00000)
 Metaspace       used 8953K, capacity 9125K, committed 9216K, reserved 1056768K
  class space    used 878K, capacity 966K, committed 1024K, reserved 1048576K
Event: 2.804 GC heap after
Heap after GC invocations=3 (full 1):
 PSYoungGen      total 141824K, used 0K [0x000000076ab00000, 0x0000000774000000, 0x00000007c0000000)
  eden space 131072K, 0% used [0x000000076ab00000,0x000000076ab00000,0x0000000772b00000)
  from space 10752K, 0% used [0x0000000773580000,0x0000000773580000,0x0000000774000000)
  to   space 10752K, 0% used [0x0000000772b00000,0x0000000772b00000,0x0000000773580000)
 ParOldGen       total 858112K, used 604118K [0x00000006c0000000, 0x00000006f4600000, 0x000000076ab00000)
  object space 858112K, 70% used [0x00000006c0000000,0x00000006e4df5b08,0x00000006f4600000)
 Metaspace       used 8953K, capacity 9125K, committed 9216K, reserved 1056768K
  class space    used 878K, capacity 966K, committed 1024K, reserved 1048576K
}

Deoptimization events (4 events):
Event: 0.114 Thread 0x00007fd50c000800 Uncommon trap: reason=unstable_if action=reinterpret pc=0x00000001066c8868 method=java.lang.String.hashCode()I @ 14
Event: 1.899 Thread 0x00007fd50c000800 Uncommon trap: reason=unstable_if action=reinterpret pc=0x000000010673ebdc method=java.lang.String.replace(CC)Ljava/lang/String; @ 26
Event: 2.324 Thread 0x00007fd50c000800 Uncommon trap: reason=unstable_if action=reinterpret pc=0x000000010685d75c method=java.lang.StrictMath.floorOrCeil(DDDD)D @ 8
Event: 2.812 Thread 0x00007fd50c000800 Uncommon trap: reason=unstable_if action=reinterpret pc=0x000000010689c308 method=terrain.TerrainChunk.getBlock(III)[I @ 54

Internal exceptions (10 events):
Event: 0.195 Thread 0x00007fd50c000800 Exception <a 'java/security/PrivilegedActionException'> (0x000000076b18ea88) thrown at [/Users/java_re/workspace/8-2-build-macosx-x86_64/jdk8u112/7935/hotspot/src/share/vm/prims/jvm.cpp, line 1390]
Event: 0.250 Thread 0x00007fd50c000800 Exception <a 'sun/nio/fs/UnixException'> (0x000000076b32bae0) thrown at [/Users/java_re/workspace/8-2-build-macosx-x86_64/jdk8u112/7935/hotspot/src/share/vm/prims/jni.cpp, line 709]
Event: 0.250 Thread 0x00007fd50c000800 Exception <a 'sun/nio/fs/UnixException'> (0x000000076b32d1e0) thrown at [/Users/java_re/workspace/8-2-build-macosx-x86_64/jdk8u112/7935/hotspot/src/share/vm/prims/jni.cpp, line 709]
Event: 0.250 Thread 0x00007fd50c000800 Exception <a 'sun/nio/fs/UnixException'> (0x000000076b32da50) thrown at [/Users/java_re/workspace/8-2-build-macosx-x86_64/jdk8u112/7935/hotspot/src/share/vm/prims/jni.cpp, line 709]
Event: 0.250 Thread 0x00007fd50c000800 Exception <a 'sun/nio/fs/UnixException'> (0x000000076b32e2d8) thrown at [/Users/java_re/workspace/8-2-build-macosx-x86_64/jdk8u112/7935/hotspot/src/share/vm/prims/jni.cpp, line 709]
Event: 0.250 Thread 0x00007fd50c000800 Exception <a 'sun/nio/fs/UnixException'> (0x000000076b32eb68) thrown at [/Users/java_re/workspace/8-2-build-macosx-x86_64/jdk8u112/7935/hotspot/src/share/vm/prims/jni.cpp, line 709]
Event: 0.250 Thread 0x00007fd50c000800 Exception <a 'sun/nio/fs/UnixException'> (0x000000076b32f2c8) thrown at [/Users/java_re/workspace/8-2-build-macosx-x86_64/jdk8u112/7935/hotspot/src/share/vm/prims/jni.cpp, line 709]
Event: 0.250 Thread 0x00007fd50c000800 Exception <a 'sun/nio/fs/UnixException'> (0x000000076b32f940) thrown at [/Users/java_re/workspace/8-2-build-macosx-x86_64/jdk8u112/7935/hotspot/src/share/vm/prims/jni.cpp, line 709]
Event: 2.256 Thread 0x00007fd50c000800 Exception <a 'java/io/FileNotFoundException'> (0x000000076d9cb978) thrown at [/Users/java_re/workspace/8-2-build-macosx-x86_64/jdk8u112/7935/hotspot/src/share/vm/prims/jni.cpp, line 709]
Event: 2.256 Thread 0x00007fd50c000800 Exception <a 'java/io/FileNotFoundException'> (0x000000076d9cc528) thrown at [/Users/java_re/workspace/8-2-build-macosx-x86_64/jdk8u112/7935/hotspot/src/share/vm/prims/jni.cpp, line 709]

Events (10 events):
Event: 2.863 Thread 0x00007fd50c000800 DEOPT PACKING pc=0x00000001068bc402 sp=0x00007fff5b977160
Event: 2.863 Thread 0x00007fd50c000800 DEOPT UNPACKING pc=0x00000001065e9633 sp=0x00007fff5b976e90 mode 0
Event: 2.863 Thread 0x00007fd50c000800 DEOPT PACKING pc=0x00000001068bc402 sp=0x00007fff5b977160
Event: 2.863 Thread 0x00007fd50c000800 DEOPT UNPACKING pc=0x00000001065e9633 sp=0x00007fff5b976e90 mode 0
Event: 2.863 Thread 0x00007fd50c000800 DEOPT PACKING pc=0x00000001068bc402 sp=0x00007fff5b977160
Event: 2.863 Thread 0x00007fd50c000800 DEOPT UNPACKING pc=0x00000001065e9633 sp=0x00007fff5b976e90 mode 0
Event: 2.864 Thread 0x00007fd50c000800 DEOPT PACKING pc=0x00000001068bc402 sp=0x00007fff5b977160
Event: 2.864 Thread 0x00007fd50c000800 DEOPT UNPACKING pc=0x00000001065e9633 sp=0x00007fff5b976e90 mode 0
Event: 2.864 Thread 0x00007fd50c000800 DEOPT PACKING pc=0x00000001068bc402 sp=0x00007fff5b977160
Event: 2.864 Thread 0x00007fd50c000800 DEOPT UNPACKING pc=0x00000001065e9633 sp=0x00007fff5b976e90 mode 0


Dynamic libraries:
0x00000000046f5000 	/System/Library/Frameworks/Cocoa.framework/Versions/A/Cocoa
0x00000000046f5000 	/System/Library/Frameworks/Security.framework/Versions/A/Security
0x00000000046f5000 	/System/Library/Frameworks/ApplicationServices.framework/Versions/A/ApplicationServices
0x00000000046f5000 	/usr/lib/libz.1.dylib
0x00000000046f5000 	/usr/lib/libSystem.B.dylib
0x00000000046f5000 	/usr/lib/libobjc.A.dylib
0x00000000046f5000 	/System/Library/Frameworks/CoreFoundation.framework/Versions/A/CoreFoundation
0x00000000046f5000 	/System/Library/Frameworks/Foundation.framework/Versions/C/Foundation
0x00000000046f5000 	/System/Library/Frameworks/AppKit.framework/Versions/C/AppKit
0x00000000046f5000 	/System/Library/Frameworks/CoreData.framework/Versions/A/CoreData
0x00000000046f5000 	/System/Library/PrivateFrameworks/RemoteViewServices.framework/Versions/A/RemoteViewServices
0x00000000046f5000 	/System/Library/PrivateFrameworks/UIFoundation.framework/Versions/A/UIFoundation
0x00000000046f5000 	/usr/lib/libScreenReader.dylib
0x00000000046f5000 	/System/Library/Frameworks/Accelerate.framework/Versions/A/Accelerate
0x00000000046f5000 	/System/Library/Frameworks/IOSurface.framework/Versions/A/IOSurface
0x00000000046f5000 	/System/Library/Frameworks/AudioToolbox.framework/Versions/A/AudioToolbox
0x00000000046f5000 	/System/Library/Frameworks/AudioUnit.framework/Versions/A/AudioUnit
0x00000000046f5000 	/System/Library/PrivateFrameworks/DataDetectorsCore.framework/Versions/A/DataDetectorsCore
0x00000000046f5000 	/System/Library/PrivateFrameworks/DesktopServicesPriv.framework/Versions/A/DesktopServicesPriv
0x00000000046f5000 	/System/Library/Frameworks/Carbon.framework/Versions/A/Frameworks/HIToolbox.framework/Versions/A/HIToolbox
0x00000000046f5000 	/System/Library/Frameworks/QuartzCore.framework/Versions/A/QuartzCore
0x00000000046f5000 	/System/Library/Frameworks/Carbon.framework/Versions/A/Frameworks/SpeechRecognition.framework/Versions/A/SpeechRecognition
0x00000000046f5000 	/usr/lib/libauto.dylib
0x00000000046f5000 	/usr/lib/libicucore.A.dylib
0x00000000046f5000 	/usr/lib/libxml2.2.dylib
0x00000000046f5000 	/System/Library/PrivateFrameworks/CoreUI.framework/Versions/A/CoreUI
0x00000000046f5000 	/System/Library/Frameworks/CoreAudio.framework/Versions/A/CoreAudio
0x00000000046f5000 	/System/Library/Frameworks/DiskArbitration.framework/Versions/A/DiskArbitration
0x00000000046f5000 	/usr/lib/liblangid.dylib
0x00000000046f5000 	/System/Library/PrivateFrameworks/MultitouchSupport.framework/Versions/A/MultitouchSupport
0x00000000046f5000 	/System/Library/Frameworks/IOKit.framework/Versions/A/IOKit
0x00000000046f5000 	/usr/lib/libDiagnosticMessagesClient.dylib
0x00000000046f5000 	/System/Library/Frameworks/CoreServices.framework/Versions/A/CoreServices
0x00000000046f5000 	/System/Library/PrivateFrameworks/PerformanceAnalysis.framework/Versions/A/PerformanceAnalysis
0x00000000046f5000 	/System/Library/PrivateFrameworks/GenerationalStorage.framework/Versions/A/GenerationalStorage
0x00000000046f5000 	/System/Library/Frameworks/OpenGL.framework/Versions/A/OpenGL
0x00000000046f5000 	/System/Library/PrivateFrameworks/Sharing.framework/Versions/A/Sharing
0x00000000046f5000 	/System/Library/Frameworks/CoreGraphics.framework/Versions/A/CoreGraphics
0x00000000046f5000 	/System/Library/Frameworks/CoreImage.framework/Versions/A/CoreImage
0x00000000046f5000 	/System/Library/Frameworks/CoreText.framework/Versions/A/CoreText
0x00000000046f5000 	/System/Library/Frameworks/ImageIO.framework/Versions/A/ImageIO
0x00000000046f5000 	/System/Library/PrivateFrameworks/Backup.framework/Versions/A/Backup
0x00000000046f5000 	/usr/lib/libextension.dylib
0x00000000046f5000 	/usr/lib/libarchive.2.dylib
0x00000000046f5000 	/System/Library/Frameworks/CFNetwork.framework/Versions/A/CFNetwork
0x00000000046f5000 	/System/Library/Frameworks/SystemConfiguration.framework/Versions/A/SystemConfiguration
0x00000000046f5000 	/usr/lib/libCRFSuite.dylib
0x00000000046f5000 	/usr/lib/libc++.1.dylib
0x00000000046f5000 	/usr/lib/libc++abi.dylib
0x00000000046f5000 	/usr/lib/system/libcache.dylib
0x00000000046f5000 	/usr/lib/system/libcommonCrypto.dylib
0x00000000046f5000 	/usr/lib/system/libcompiler_rt.dylib
0x00000000046f5000 	/usr/lib/system/libcopyfile.dylib
0x00000000046f5000 	/usr/lib/system/libcorecrypto.dylib
0x00000000046f5000 	/usr/lib/system/libdispatch.dylib
0x00000000046f5000 	/usr/lib/system/libdyld.dylib
0x00000000046f5000 	/usr/lib/system/libkeymgr.dylib
0x00000000046f5000 	/usr/lib/system/liblaunch.dylib
0x00000000046f5000 	/usr/lib/system/libmacho.dylib
0x00000000046f5000 	/usr/lib/system/libquarantine.dylib
0x00000000046f5000 	/usr/lib/system/libremovefile.dylib
0x00000000046f5000 	/usr/lib/system/libsystem_asl.dylib
0x00000000046f5000 	/usr/lib/system/libsystem_blocks.dylib
0x00000000046f5000 	/usr/lib/system/libsystem_c.dylib
0x00000000046f5000 	/usr/lib/system/libsystem_configuration.dylib
0x00000000046f5000 	/usr/lib/system/libsystem_coreservices.dylib
0x00000000046f5000 	/usr/lib/system/libsystem_coretls.dylib
0x00000000046f5000 	/usr/lib/system/libsystem_dnssd.dylib
0x00000000046f5000 	/usr/lib/system/libsystem_info.dylib
0x00000000046f5000 	/usr/lib/system/libsystem_kernel.dylib
0x00000000046f5000 	/usr/lib/system/libsystem_m.dylib
0x00000000046f5000 	/usr/lib/system/libsystem_malloc.dylib
0x00000000046f5000 	/usr/lib/system/libsystem_network.dylib
0x00000000046f5000 	/usr/lib/system/libsystem_networkextension.dylib
0x00000000046f5000 	/usr/lib/system/libsystem_notify.dylib
0x00000000046f5000 	/usr/lib/system/libsystem_platform.dylib
0x00000000046f5000 	/usr/lib/system/libsystem_pthread.dylib
0x00000000046f5000 	/usr/lib/system/libsystem_sandbox.dylib
0x00000000046f5000 	/usr/lib/system/libsystem_secinit.dylib
0x00000000046f5000 	/usr/lib/system/libsystem_trace.dylib
0x00000000046f5000 	/usr/lib/system/libunc.dylib
0x00000000046f5000 	/usr/lib/system/libunwind.dylib
0x00000000046f5000 	/usr/lib/system/libxpc.dylib
0x00000000046f5000 	/usr/lib/libenergytrace.dylib
0x00000000046f5000 	/usr/lib/libbsm.0.dylib
0x00000000046f5000 	/usr/lib/system/libkxld.dylib
0x00000000046f5000 	/usr/lib/libxar.1.dylib
0x00000000046f5000 	/usr/lib/libsqlite3.dylib
0x00000000046f5000 	/usr/lib/libpam.2.dylib
0x00000000046f5000 	/usr/lib/libOpenScriptingUtil.dylib
0x00000000046f5000 	/usr/lib/libbz2.1.0.dylib
0x00000000046f5000 	/usr/lib/liblzma.5.dylib
0x00000000046f5000 	/System/Library/Frameworks/CoreServices.framework/Versions/A/Frameworks/FSEvents.framework/Versions/A/FSEvents
0x00000000046f5000 	/System/Library/Frameworks/CoreServices.framework/Versions/A/Frameworks/CarbonCore.framework/Versions/A/CarbonCore
0x00000000046f5000 	/System/Library/Frameworks/CoreServices.framework/Versions/A/Frameworks/Metadata.framework/Versions/A/Metadata
0x00000000046f5000 	/System/Library/Frameworks/CoreServices.framework/Versions/A/Frameworks/OSServices.framework/Versions/A/OSServices
0x00000000046f5000 	/System/Library/Frameworks/CoreServices.framework/Versions/A/Frameworks/SearchKit.framework/Versions/A/SearchKit
0x00000000046f5000 	/System/Library/Frameworks/CoreServices.framework/Versions/A/Frameworks/AE.framework/Versions/A/AE
0x00000000046f5000 	/System/Library/Frameworks/CoreServices.framework/Versions/A/Frameworks/LaunchServices.framework/Versions/A/LaunchServices
0x00000000046f5000 	/System/Library/Frameworks/CoreServices.framework/Versions/A/Frameworks/DictionaryServices.framework/Versions/A/DictionaryServices
0x00000000046f5000 	/System/Library/Frameworks/CoreServices.framework/Versions/A/Frameworks/SharedFileList.framework/Versions/A/SharedFileList
0x00000000046f5000 	/System/Library/Frameworks/NetFS.framework/Versions/A/NetFS
0x00000000046f5000 	/System/Library/PrivateFrameworks/NetAuth.framework/Versions/A/NetAuth
0x00000000046f5000 	/System/Library/PrivateFrameworks/login.framework/Versions/A/Frameworks/loginsupport.framework/Versions/A/loginsupport
0x00000000046f5000 	/System/Library/PrivateFrameworks/TCC.framework/Versions/A/TCC
0x00000000046f5000 	/usr/lib/libmecabra.dylib
0x00000000046f5000 	/System/Library/Frameworks/ApplicationServices.framework/Versions/A/Frameworks/ATS.framework/Versions/A/ATS
0x00000000046f5000 	/System/Library/Frameworks/ApplicationServices.framework/Versions/A/Frameworks/ColorSync.framework/Versions/A/ColorSync
0x00000000046f5000 	/System/Library/Frameworks/ApplicationServices.framework/Versions/A/Frameworks/HIServices.framework/Versions/A/HIServices
0x00000000046f5000 	/System/Library/Frameworks/ApplicationServices.framework/Versions/A/Frameworks/LangAnalysis.framework/Versions/A/LangAnalysis
0x00000000046f5000 	/System/Library/Frameworks/ApplicationServices.framework/Versions/A/Frameworks/PrintCore.framework/Versions/A/PrintCore
0x00000000046f5000 	/System/Library/Frameworks/ApplicationServices.framework/Versions/A/Frameworks/QD.framework/Versions/A/QD
0x00000000046f5000 	/System/Library/Frameworks/ApplicationServices.framework/Versions/A/Frameworks/SpeechSynthesis.framework/Versions/A/SpeechSynthesis
0x00000000046f5000 	/System/Library/Frameworks/Metal.framework/Versions/A/Metal
0x00000000046f5000 	/System/Library/Frameworks/Accelerate.framework/Versions/A/Frameworks/vImage.framework/Versions/A/vImage
0x00000000046f5000 	/System/Library/Frameworks/Accelerate.framework/Versions/A/Frameworks/vecLib.framework/Versions/A/vecLib
0x00000000046f5000 	/System/Library/Frameworks/Accelerate.framework/Versions/A/Frameworks/vecLib.framework/Versions/A/libvDSP.dylib
0x00000000046f5000 	/System/Library/Frameworks/Accelerate.framework/Versions/A/Frameworks/vecLib.framework/Versions/A/libvMisc.dylib
0x00000000046f5000 	/System/Library/Frameworks/Accelerate.framework/Versions/A/Frameworks/vecLib.framework/Versions/A/libLAPACK.dylib
0x00000000046f5000 	/System/Library/Frameworks/Accelerate.framework/Versions/A/Frameworks/vecLib.framework/Versions/A/libBLAS.dylib
0x00000000046f5000 	/System/Library/Frameworks/Accelerate.framework/Versions/A/Frameworks/vecLib.framework/Versions/A/libLinearAlgebra.dylib
0x00000000046f5000 	/System/Library/Frameworks/Accelerate.framework/Versions/A/Frameworks/vecLib.framework/Versions/A/libSparseBLAS.dylib
0x00000000046f5000 	/System/Library/PrivateFrameworks/GPUCompiler.framework/libmetal_timestamp.dylib
0x00000000046f5000 	/System/Library/Frameworks/OpenGL.framework/Versions/A/Libraries/libCoreFSCache.dylib
0x00000000046f5000 	/System/Library/PrivateFrameworks/IOAccelerator.framework/Versions/A/IOAccelerator
0x00000000046f5000 	/System/Library/Frameworks/ApplicationServices.framework/Versions/A/Frameworks/ATS.framework/Versions/A/Resources/libFontParser.dylib
0x00000000046f5000 	/System/Library/Frameworks/ApplicationServices.framework/Versions/A/Frameworks/ATS.framework/Versions/A/Resources/libFontRegistry.dylib
0x00000000046f5000 	/System/Library/PrivateFrameworks/AppleVPA.framework/Versions/A/AppleVPA
0x00000000046f5000 	/System/Library/PrivateFrameworks/AppleJPEG.framework/Versions/A/AppleJPEG
0x00000000046f5000 	/System/Library/Frameworks/ImageIO.framework/Versions/A/Resources/libJPEG.dylib
0x00000000046f5000 	/System/Library/Frameworks/ImageIO.framework/Versions/A/Resources/libTIFF.dylib
0x00000000046f5000 	/System/Library/Frameworks/ImageIO.framework/Versions/A/Resources/libPng.dylib
0x00000000046f5000 	/System/Library/Frameworks/ImageIO.framework/Versions/A/Resources/libGIF.dylib
0x00000000046f5000 	/System/Library/Frameworks/ImageIO.framework/Versions/A/Resources/libJP2.dylib
0x00000000046f5000 	/System/Library/Frameworks/ImageIO.framework/Versions/A/Resources/libRadiance.dylib
0x00000000046f5000 	/System/Library/Frameworks/CoreVideo.framework/Versions/A/CoreVideo
0x00000000046f5000 	/System/Library/Frameworks/OpenGL.framework/Versions/A/Libraries/libGLU.dylib
0x00000000046f5000 	/System/Library/Frameworks/OpenGL.framework/Versions/A/Libraries/libGFXShared.dylib
0x00000000046f5000 	/System/Library/Frameworks/OpenGL.framework/Versions/A/Libraries/libGL.dylib
0x00000000046f5000 	/System/Library/Frameworks/OpenGL.framework/Versions/A/Libraries/libGLImage.dylib
0x00000000046f5000 	/System/Library/Frameworks/OpenGL.framework/Versions/A/Libraries/libCVMSPluginSupport.dylib
0x00000000046f5000 	/System/Library/Frameworks/OpenGL.framework/Versions/A/Libraries/libCoreVMClient.dylib
0x00000000046f5000 	/usr/lib/libcompression.dylib
0x00000000046f5000 	/usr/lib/libcups.2.dylib
0x00000000046f5000 	/System/Library/Frameworks/Kerberos.framework/Versions/A/Kerberos
0x00000000046f5000 	/System/Library/Frameworks/GSS.framework/Versions/A/GSS
0x00000000046f5000 	/usr/lib/libresolv.9.dylib
0x00000000046f5000 	/usr/lib/libiconv.2.dylib
0x00000000046f5000 	/System/Library/PrivateFrameworks/Heimdal.framework/Versions/A/Heimdal
0x00000000046f5000 	/usr/lib/libheimdal-asn1.dylib
0x00000000046f5000 	/System/Library/Frameworks/OpenDirectory.framework/Versions/A/OpenDirectory
0x00000000046f5000 	/System/Library/PrivateFrameworks/CommonAuth.framework/Versions/A/CommonAuth
0x00000000046f5000 	/System/Library/Frameworks/OpenDirectory.framework/Versions/A/Frameworks/CFOpenDirectory.framework/Versions/A/CFOpenDirectory
0x00000000046f5000 	/System/Library/Frameworks/SecurityFoundation.framework/Versions/A/SecurityFoundation
0x00000000046f5000 	/System/Library/PrivateFrameworks/LanguageModeling.framework/Versions/A/LanguageModeling
0x00000000046f5000 	/usr/lib/libmarisa.dylib
0x00000000046f5000 	/usr/lib/libChineseTokenizer.dylib
0x00000000046f5000 	/usr/lib/libcmph.dylib
0x00000000046f5000 	/System/Library/Frameworks/ServiceManagement.framework/Versions/A/ServiceManagement
0x00000000046f5000 	/usr/lib/libxslt.1.dylib
0x00000000046f5000 	/System/Library/Frameworks/Carbon.framework/Versions/A/Frameworks/Ink.framework/Versions/A/Ink
0x00000000046f5000 	/usr/lib/libFosl_dynamic.dylib
0x00000000046f5000 	/System/Library/PrivateFrameworks/FaceCore.framework/Versions/A/FaceCore
0x00000000046f5000 	/System/Library/Frameworks/OpenCL.framework/Versions/A/OpenCL
0x00000000046f5000 	/System/Library/PrivateFrameworks/CrashReporterSupport.framework/Versions/A/CrashReporterSupport
0x00000000046f5000 	/System/Library/PrivateFrameworks/IconServices.framework/Versions/A/IconServices
0x00000000046f5000 	/System/Library/PrivateFrameworks/Apple80211.framework/Versions/A/Apple80211
0x00000000046f5000 	/System/Library/Frameworks/CoreWLAN.framework/Versions/A/CoreWLAN
0x00000000046f5000 	/System/Library/Frameworks/IOBluetooth.framework/Versions/A/IOBluetooth
0x00000000046f5000 	/System/Library/PrivateFrameworks/CoreWiFi.framework/Versions/A/CoreWiFi
0x00000000046f5000 	/System/Library/Frameworks/CoreBluetooth.framework/Versions/A/CoreBluetooth
0x00000000046f5000 	/System/Library/PrivateFrameworks/ChunkingLibrary.framework/Versions/A/ChunkingLibrary
0x00000000046f5000 	/System/Library/PrivateFrameworks/DebugSymbols.framework/Versions/A/DebugSymbols
0x00000000046f5000 	/System/Library/PrivateFrameworks/CoreSymbolication.framework/Versions/A/CoreSymbolication
0x00000000046f5000 	/System/Library/PrivateFrameworks/Symbolication.framework/Versions/A/Symbolication
0x00000000046f5000 	/System/Library/PrivateFrameworks/SpeechRecognitionCore.framework/Versions/A/SpeechRecognitionCore
0x0000000105600000 	/Library/Java/JavaVirtualMachines/jdk1.8.0_112.jdk/Contents/Home/jre/lib/server/libjvm.dylib
0x00000000046f5000 	/usr/lib/libstdc++.6.dylib
0x0000000104505000 	/Library/Java/JavaVirtualMachines/jdk1.8.0_112.jdk/Contents/Home/jre/lib/libverify.dylib
0x0000000104513000 	/Library/Java/JavaVirtualMachines/jdk1.8.0_112.jdk/Contents/Home/jre/lib/libjava.dylib
0x0000000104551000 	/Library/Java/JavaVirtualMachines/jdk1.8.0_112.jdk/Contents/Home/jre/lib/libzip.dylib
0x00000001215bf000 	/System/Library/Frameworks/JavaVM.framework/Frameworks/JavaRuntimeSupport.framework/JavaRuntimeSupport
0x00000001215da000 	/System/Library/Frameworks/JavaVM.framework/Versions/A/Frameworks/JavaNativeFoundation.framework/Versions/A/JavaNativeFoundation
0x00000001045f3000 	/System/Library/Frameworks/JavaVM.framework/Versions/A/JavaVM
0x00000000046f5000 	/System/Library/Frameworks/Carbon.framework/Versions/A/Carbon
0x00000001215ef000 	/System/Library/PrivateFrameworks/JavaLaunching.framework/Versions/A/JavaLaunching
0x00000000046f5000 	/System/Library/Frameworks/Carbon.framework/Versions/A/Frameworks/CommonPanels.framework/Versions/A/CommonPanels
0x00000000046f5000 	/System/Library/Frameworks/Carbon.framework/Versions/A/Frameworks/Help.framework/Versions/A/Help
0x00000000046f5000 	/System/Library/Frameworks/Carbon.framework/Versions/A/Frameworks/ImageCapture.framework/Versions/A/ImageCapture
0x00000000046f5000 	/System/Library/Frameworks/Carbon.framework/Versions/A/Frameworks/OpenScripting.framework/Versions/A/OpenScripting
0x00000000046f5000 	/System/Library/Frameworks/Carbon.framework/Versions/A/Frameworks/Print.framework/Versions/A/Print
0x00000000046f5000 	/System/Library/Frameworks/Carbon.framework/Versions/A/Frameworks/SecurityHI.framework/Versions/A/SecurityHI
0x000000012309c000 	/Applications/IntelliJ IDEA.app/Contents/bin/libbreakgen64.jnilib
0x000000012309f000 	/Library/Java/JavaVirtualMachines/jdk1.8.0_112.jdk/Contents/Home/jre/lib/libnet.dylib
0x00000001230fe000 	/Library/Java/JavaVirtualMachines/jdk1.8.0_112.jdk/Contents/Home/jre/lib/libnio.dylib
0x000000012310e000 	/private/var/folders/w8/rhytzkk54lj2ml70451qh5q80000gp/T/lwjglmanukhovanesian/3.1.1-build-16/liblwjgl.dylib
0x0000000123132000 	/var/folders/w8/rhytzkk54lj2ml70451qh5q80000gp/T/lwjglmanukhovanesian/3.1.1-build-16/libjemalloc.dylib
0x0000000123160000 	/var/folders/w8/rhytzkk54lj2ml70451qh5q80000gp/T/lwjglmanukhovanesian/3.1.1-build-16/libglfw.dylib
0x00000000046f5000 	/System/Library/PrivateFrameworks/CoreServicesInternal.framework/Versions/A/CoreServicesInternal
0x00000000046f5000 	/System/Library/PrivateFrameworks/FamilyControls.framework/Versions/A/FamilyControls
0x00000000046f5000 	/System/Library/PrivateFrameworks/CommerceKit.framework/Versions/A/Frameworks/CommerceCore.framework/Versions/A/CommerceCore
0x00000000046f5000 	/System/Library/PrivateFrameworks/SystemAdministration.framework/Versions/A/SystemAdministration
0x00000000046f5000 	/System/Library/PrivateFrameworks/AppContainer.framework/Versions/A/AppContainer
0x00000000046f5000 	/System/Library/PrivateFrameworks/SecCodeWrapper.framework/Versions/A/SecCodeWrapper
0x00000000046f5000 	/System/Library/Frameworks/DirectoryService.framework/Versions/A/DirectoryService
0x00000000046f5000 	/System/Library/PrivateFrameworks/DiskImages.framework/Versions/A/DiskImages
0x00000000046f5000 	/System/Library/PrivateFrameworks/LoginUIKit.framework/Versions/A/Frameworks/LoginUICore.framework/Versions/A/LoginUICore
0x00000000046f5000 	/usr/lib/libCoreStorage.dylib
0x00000000046f5000 	/usr/lib/libcsfde.dylib
0x00000000046f5000 	/usr/lib/libodfde.dylib
0x00000000046f5000 	/System/Library/Frameworks/DiscRecording.framework/Versions/A/DiscRecording
0x00000000046f5000 	/usr/lib/libcurl.4.dylib
0x00000000046f5000 	/System/Library/PrivateFrameworks/MediaKit.framework/Versions/A/MediaKit
0x00000000046f5000 	/System/Library/PrivateFrameworks/ProtectedCloudStorage.framework/Versions/A/ProtectedCloudStorage
0x00000000046f5000 	/System/Library/PrivateFrameworks/EFILogin.framework/Versions/A/EFILogin
0x00000000046f5000 	/usr/lib/libutil.dylib
0x00000000046f5000 	/System/Library/PrivateFrameworks/FindMyDevice.framework/Versions/A/FindMyDevice
0x00000000046f5000 	/System/Library/Frameworks/LDAP.framework/Versions/A/LDAP
0x00000000046f5000 	/usr/lib/libsasl2.2.dylib
0x00000000046f5000 	/System/Library/PrivateFrameworks/CoreDaemon.framework/Versions/B/CoreDaemon
0x00000000046f5000 	/usr/lib/libcrypto.0.9.8.dylib
0x00000000046f5000 	/System/Library/PrivateFrameworks/AppleSRP.framework/Versions/A/AppleSRP
0x00000000046f5000 	/System/Library/PrivateFrameworks/TrustEvaluationAgent.framework/Versions/A/TrustEvaluationAgent
0x00000000046f5000 	/System/Library/Frameworks/CoreGraphics.framework/Versions/A/Resources/libCGXType.A.dylib
0x00000000046f5000 	/System/Library/Frameworks/CoreGraphics.framework/Versions/A/Resources/libRIP.A.dylib
0x00000000046f5000 	/System/Library/Frameworks/Accelerate.framework/Versions/A/Frameworks/vImage.framework/Versions/A/Libraries/libCGInterfaces.dylib
0x00000000046f5000 	/System/Library/Frameworks/OpenCL.framework/Versions/A/Libraries/libcldcpuengine.dylib
0x0000000126330000 	cl_kernels
0x00000000046f5000 	/System/Library/Frameworks/OpenCL.framework/Versions/A/Libraries/ImageFormats/unorm8_bgra.dylib
0x00000000046f5000 	/System/Library/Frameworks/OpenCL.framework/Versions/A/Libraries/ImageFormats/unorm8_rgba.dylib
0x00000000046f5000 	/System/Library/Frameworks/OpenGL.framework/Versions/A/Resources/GLEngine.bundle/GLEngine
0x00000000046f5000 	/System/Library/Frameworks/OpenGL.framework/Versions/A/Libraries/libGLProgrammability.dylib
0x00000001264de000 	/System/Library/Extensions/AppleIntelHD5000GraphicsGLDriver.bundle/Contents/MacOS/AppleIntelHD5000GraphicsGLDriver
0x00000000046f5000 	/System/Library/PrivateFrameworks/GPUSupport.framework/Versions/A/Libraries/libGPUSupportMercury.dylib
0x00000001258a5000 	/System/Library/Extensions/AMDRadeonX4000GLDriver.bundle/Contents/MacOS/AMDRadeonX4000GLDriver
0x0000000126c2d000 	/System/Library/Extensions/AMDRadeonX4000GLDriver.bundle/Contents/MacOS/ATIRadeonX4000SCLib.dylib
0x00000000046f5000 	/System/Library/Frameworks/OpenGL.framework/Versions/A/Resources/GLRendererFloat.bundle/GLRendererFloat
0x0000000128b50000 	/private/var/folders/w8/rhytzkk54lj2ml70451qh5q80000gp/T/lwjglmanukhovanesian/3.1.1-build-16/liblwjgl_opengl.dylib
0x0000000128d18000 	/Library/Java/JavaVirtualMachines/jdk1.8.0_112.jdk/Contents/Home/jre/lib/libawt.dylib
0x0000000128dc0000 	/Library/Java/JavaVirtualMachines/jdk1.8.0_112.jdk/Contents/Home/jre/lib/./libmlib_image.dylib
0x0000000128e8c000 	/Library/Java/JavaVirtualMachines/jdk1.8.0_112.jdk/Contents/Home/jre/lib/libawt_lwawt.dylib
0x0000000128f43000 	/Library/Java/JavaVirtualMachines/jdk1.8.0_112.jdk/Contents/Home/jre/lib/./libosxapp.dylib
0x00000000046f5000 	/System/Library/Frameworks/ExceptionHandling.framework/Versions/A/ExceptionHandling
0x0000000128f5f000 	/Library/Java/JavaVirtualMachines/jdk1.8.0_112.jdk/Contents/Home/jre/lib/libdcpr.dylib

VM Arguments:
jvm_args: -Djava.awt.headless=true -Didea.launcher.port=7535 -Didea.launcher.bin.path=/Applications/IntelliJ IDEA.app/Contents/bin -Dfile.encoding=UTF-8 
java_command: com.intellij.rt.execution.application.AppMain engine.KamiEngine
java_class_path (initial): /Library/Java/JavaVirtualMachines/jdk1.8.0_112.jdk/Contents/Home/jre/lib/charsets.jar:/Library/Java/JavaVirtualMachines/jdk1.8.0_112.jdk/Contents/Home/jre/lib/deploy.jar:/Library/Java/JavaVirtualMachines/jdk1.8.0_112.jdk/Contents/Home/jre/lib/ext/cldrdata.jar:/Library/Java/JavaVirtualMachines/jdk1.8.0_112.jdk/Contents/Home/jre/lib/ext/dnsns.jar:/Library/Java/JavaVirtualMachines/jdk1.8.0_112.jdk/Contents/Home/jre/lib/ext/jaccess.jar:/Library/Java/JavaVirtualMachines/jdk1.8.0_112.jdk/Contents/Home/jre/lib/ext/jfxrt.jar:/Library/Java/JavaVirtualMachines/jdk1.8.0_112.jdk/Contents/Home/jre/lib/ext/localedata.jar:/Library/Java/JavaVirtualMachines/jdk1.8.0_112.jdk/Contents/Home/jre/lib/ext/nashorn.jar:/Library/Java/JavaVirtualMachines/jdk1.8.0_112.jdk/Contents/Home/jre/lib/ext/sunec.jar:/Library/Java/JavaVirtualMachines/jdk1.8.0_112.jdk/Contents/Home/jre/lib/ext/sunjce_provider.jar:/Library/Java/JavaVirtualMachines/jdk1.8.0_112.jdk/Contents/Home/jre/lib/ext/sunpkcs11.jar:/Library/Java/JavaVirtualMachines/jdk1.8.0_112.jdk/Contents/Home/jre/lib/ext/zipfs.jar:/Library/Java/JavaVirtualMachines/jdk1.8.0_112.jdk/Contents/Home/jre/lib/javaws.jar:/Library/Java/JavaVirtualMachines/jdk1.8.0_112.jdk/Contents/Home/jre/lib/jce.jar:/Library/Java/JavaVirtualMachines/jdk1.8.0_112.jdk/Contents/Home/jre/lib/jfr.jar:/Library/Java/JavaVirtualMachines/jdk1.8.0_112.jdk/Contents/Home/jre/lib/jfxswt.jar:/Library/Java/JavaVirtualMachines/jdk1.8.0_112.jdk/Contents/Home/jre/lib/jsse.jar:/Library/Java/JavaVirtualMachines/jdk1.8.0_112.jdk/Contents/Home/jre/lib/management-agent.jar:/Library/Java/JavaVirtualMachines/jdk1.8.0_112.jdk/Contents/Home/jre/lib/plugin.jar:/Library/Java/JavaVirtualMachines/jdk1.8.0_112.jdk/Contents/Home/jre/lib/resources.jar:/Library/Java/JavaVirtualMachines/jdk1.8.0_112.jdk/Contents/Home/jre/lib/rt.jar:/Library/Java/JavaVirtualMachines/jdk1.8.0_112.jdk/Contents/Home/lib/ant-javafx.jar:/Library/Java/JavaVirtualMachines/jdk1.8.0_112.jdk/Contents/Home
Launcher Type: SUN_STANDARD

Environment Variables:
PATH=/usr/local/bin:/usr/bin:/bin:/usr/sbin:/sbin
SHELL=/bin/bash

Signal Handlers:
SIGSEGV: [libjvm.dylib+0x5b11a5], sa_mask[0]=11111111011111110111111111111111, sa_flags=SA_ONSTACK|SA_RESTART|SA_SIGINFO
SIGBUS: [libjvm.dylib+0x5b11a5], sa_mask[0]=11111111011111110111111111111111, sa_flags=SA_RESTART|SA_SIGINFO
SIGFPE: [libjvm.dylib+0x487dc0], sa_mask[0]=11111111011111110111111111111111, sa_flags=SA_RESTART|SA_SIGINFO
SIGPIPE: [libjvm.dylib+0x487dc0], sa_mask[0]=11111111011111110111111111111111, sa_flags=SA_RESTART|SA_SIGINFO
SIGXFSZ: [libjvm.dylib+0x487dc0], sa_mask[0]=11111111011111110111111111111111, sa_flags=SA_RESTART|SA_SIGINFO
SIGILL: [libjvm.dylib+0x487dc0], sa_mask[0]=11111111011111110111111111111111, sa_flags=SA_RESTART|SA_SIGINFO
SIGUSR1: SIG_DFL, sa_mask[0]=00000000000000000000000000000000, sa_flags=none
SIGUSR2: [libjvm.dylib+0x4878de], sa_mask[0]=00100000000000000000000000000000, sa_flags=SA_RESTART|SA_SIGINFO
SIGHUP: [libjvm.dylib+0x485eb5], sa_mask[0]=11111111011111110111111111111111, sa_flags=SA_RESTART|SA_SIGINFO
SIGINT: [libjvm.dylib+0x485eb5], sa_mask[0]=11111111011111110111111111111111, sa_flags=SA_RESTART|SA_SIGINFO
SIGTERM: [libjvm.dylib+0x485eb5], sa_mask[0]=11111111011111110111111111111111, sa_flags=SA_RESTART|SA_SIGINFO
SIGQUIT: [libjvm.dylib+0x485eb5], sa_mask[0]=11111111011111110111111111111111, sa_flags=SA_RESTART|SA_SIGINFO


---------------  S Y S T E M  ---------------

OS:Bsduname:Darwin 15.6.0 Darwin Kernel Version 15.6.0: Thu Jun 23 18:25:34 PDT 2016; root:xnu-3248.60.10~1/RELEASE_X86_64 x86_64
rlimit: STACK 8192k, CORE 0k, NPROC 709, NOFILE 10240, AS infinity
load average:1.91 1.95 1.88

CPU:total 8 (4 cores per cpu, 2 threads per core) family 6 model 70 stepping 1, cmov, cx8, fxsr, mmx, sse, sse2, sse3, ssse3, sse4.1, sse4.2, popcnt, avx, avx2, aes, clmul, erms, lzcnt, ht, tsc, tscinvbit, bmi1, bmi2

Memory: 4k page, physical 16777216k(3104752k free)

/proc/meminfo:


vm_info: Java HotSpot(TM) 64-Bit Server VM (25.112-b16) for bsd-amd64 JRE (1.8.0_112-b16), built on Sep 30 2016 22:41:41 by "java_re" with gcc 4.2.1 (Based on Apple Inc. build 5658) (LLVM build 2336.11.00)

time: Tue May 16 21:04:48 2017
elapsed time: 2 seconds (0d 0h 0m 2s)

